
> strikepoint@0.0.0 typecheck
> tsc --noEmit -p tsconfig.app.json

src/application/hooks/useDailyPerformance.ts(21,65): error TS2554: Expected 1 arguments, but got 2.
src/application/hooks/useEntryTimePerformance.ts(3,1): error TS6133: 'AssetType' is declared but its value is never read.
src/application/hooks/useInitialInvestment.ts(26,50): error TS2339: Property 'transaction_code' does not exist on type 'CashTransaction'.
src/application/hooks/useOptionQuotes.ts(2,48): error TS2724: '"@/infrastructure/services/optionsMarketDataService"' has no exported member named 'OptionQuote'. Did you mean 'getOptionQuote'?
src/application/hooks/useOptionsChain.ts(2,32): error TS2724: '"@/infrastructure/services/optionsMarketDataService"' has no exported member named 'OptionsChain'. Did you mean 'getOptionsChain'?
src/application/hooks/usePortfolioHistory.ts(4,1): error TS6133: 'PortfolioSnapshot' is declared but its value is never read.
src/application/hooks/useStockQuotes.ts(48,5): error TS2769: No overload matches this call.
  Overload 1 of 3, '(options: DefinedInitialDataOptions<StockQuote, Error, StockQuote, readonly unknown[]>, queryClient?: QueryClient | undefined): DefinedUseQueryResult<...>', gave the following error.
    Type '() => Promise<StockQuote | null>' is not assignable to type 'QueryFunction<StockQuote, readonly unknown[]>'.
      Type 'Promise<StockQuote | null>' is not assignable to type 'StockQuote | Promise<StockQuote>'.
        Type 'Promise<StockQuote | null>' is not assignable to type 'Promise<StockQuote>'.
          Type 'StockQuote | null' is not assignable to type 'StockQuote'.
            Type 'null' is not assignable to type 'StockQuote'.
  Overload 2 of 3, '(options: UndefinedInitialDataOptions<StockQuote, Error, StockQuote, readonly unknown[]>, queryClient?: QueryClient | undefined): UseQueryResult<...>', gave the following error.
    Type '() => Promise<StockQuote | null>' is not assignable to type 'unique symbol | QueryFunction<StockQuote, readonly unknown[], never> | undefined'.
      Type '() => Promise<StockQuote | null>' is not assignable to type 'QueryFunction<StockQuote, readonly unknown[], never>'.
        Type 'Promise<StockQuote | null>' is not assignable to type 'StockQuote | Promise<StockQuote>'.
          Type 'Promise<StockQuote | null>' is not assignable to type 'Promise<StockQuote>'.
            Type 'StockQuote | null' is not assignable to type 'StockQuote'.
              Type 'null' is not assignable to type 'StockQuote'.
  Overload 3 of 3, '(options: UseQueryOptions<StockQuote, Error, StockQuote, readonly unknown[]>, queryClient?: QueryClient | undefined): UseQueryResult<StockQuote, Error>', gave the following error.
    Type '() => Promise<StockQuote | null>' is not assignable to type 'unique symbol | QueryFunction<StockQuote, readonly unknown[], never> | undefined'.
      Type '() => Promise<StockQuote | null>' is not assignable to type 'QueryFunction<StockQuote, readonly unknown[], never>'.
        Type 'Promise<StockQuote | null>' is not assignable to type 'StockQuote | Promise<StockQuote>'.
          Type 'Promise<StockQuote | null>' is not assignable to type 'Promise<StockQuote>'.
            Type 'StockQuote | null' is not assignable to type 'StockQuote'.
              Type 'null' is not assignable to type 'StockQuote'.
src/application/hooks/useWeeklyPerformance.ts(21,66): error TS2554: Expected 1 arguments, but got 2.
src/application/stores/auth.store.ts(80,9): error TS6133: 'cleanup' is declared but its value is never read.
src/domain/types/index.ts(11,1): error TS2308: Module './asset.types' has already exported a member named 'AssetType'. Consider explicitly re-exporting to resolve the ambiguity.
src/domain/types/index.ts(11,1): error TS2308: Module './asset.types' has already exported a member named 'OptionType'. Consider explicitly re-exporting to resolve the ambiguity.
src/domain/types/index.ts(11,1): error TS2308: Module './cash.types' has already exported a member named 'CashBalance'. Consider explicitly re-exporting to resolve the ambiguity.
src/domain/types/index.ts(11,1): error TS2308: Module './cash.types' has already exported a member named 'CashTransaction'. Consider explicitly re-exporting to resolve the ambiguity.
src/infrastructure/analytics/analytics.ts(254,18): error TS2339: Property 'increment' does not exist on type 'typeof import("D:/Repo/strikepointv4/node_modules/@sentry/core/build/types/metrics/public-api")'.
src/infrastructure/api/queryClient.ts(25,7): error TS2353: Object literal may only specify known properties, and 'onError' does not exist in type 'OmitKeyof<QueryObserverOptions<unknown, Error, unknown, unknown, readonly unknown[], never>, "suspense" | "queryKey", "strictly">'.
src/infrastructure/api/queryClient.ts(25,17): error TS7006: Parameter 'error' implicitly has an 'any' type.
src/infrastructure/api/queryKeys.ts(9,69): error TS2724: '"@/domain/types"' has no exported member named 'JournalEntryFilters'. Did you mean 'JournalEntryType'?
src/infrastructure/api/queryKeys.ts(9,90): error TS2305: Module '"@/domain/types"' has no exported member 'AIInsightFilters'.
src/infrastructure/monitoring/performance.ts(42,5): error TS2353: Object literal may only specify known properties, and 'tags' does not exist in type 'MetricOptions'.
src/infrastructure/monitoring/performance.ts(127,7): error TS2353: Object literal may only specify known properties, and 'tags' does not exist in type 'MetricOptions'.
src/infrastructure/monitoring/sentry.ts(39,11): error TS2353: Object literal may only specify known properties, and 'tracePropagationTargets' does not exist in type 'Partial<BrowserTracingOptions>'.
src/infrastructure/monitoring/sentry.ts(104,52): error TS2339: Property 'name' does not exist on type '{}'.
src/infrastructure/repositories/cashBalance.repository.ts(6,3): error TS6196: 'CashBalanceUpdate' is declared but never used.
src/infrastructure/repositories/cashBalance.repository.ts(7,3): error TS6196: 'Transaction' is declared but never used.
src/infrastructure/repositories/cashBalance.repository.ts(29,75): error TS2554: Expected 0-1 arguments, but got 2.
src/infrastructure/repositories/cashBalance.repository.ts(51,77): error TS2554: Expected 0-1 arguments, but got 2.
src/infrastructure/repositories/cashBalance.repository.ts(84,77): error TS2554: Expected 0-1 arguments, but got 2.
src/infrastructure/repositories/cashBalance.repository.ts(108,69): error TS2554: Expected 0-1 arguments, but got 2.
src/infrastructure/repositories/cashBalance.repository.ts(144,13): error TS6133: 'processDate' is declared but its value is never read.
src/infrastructure/repositories/cashBalance.repository.ts(145,13): error TS6133: 'activityDate' is declared but its value is never read.
src/infrastructure/repositories/cashBalance.repository.ts(219,7): error TS2561: Object literal may only specify known properties, but 'user_id' does not exist in type 'CashBalance'. Did you mean to write 'userId'?
src/infrastructure/repositories/cashBalance.repository.ts(260,77): error TS2554: Expected 0-1 arguments, but got 2.
src/infrastructure/repositories/cashBalance.repository.ts(279,75): error TS2554: Expected 0-1 arguments, but got 2.
src/infrastructure/repositories/futuresContractSpec.repository.ts(37,84): error TS2554: Expected 0-1 arguments, but got 2.
src/infrastructure/repositories/futuresContractSpec.repository.ts(79,91): error TS2554: Expected 0-1 arguments, but got 2.
src/infrastructure/repositories/futuresContractSpec.repository.ts(118,85): error TS2554: Expected 0-1 arguments, but got 2.
src/infrastructure/repositories/futuresContractSpec.repository.ts(136,85): error TS2554: Expected 0-1 arguments, but got 2.
src/infrastructure/repositories/futuresContractSpec.repository.ts(155,83): error TS2554: Expected 0-1 arguments, but got 2.
src/infrastructure/repositories/futuresContractSpec.repository.ts(178,83): error TS2554: Expected 0-1 arguments, but got 2.
src/infrastructure/repositories/futuresContractSpec.repository.ts(204,85): error TS2554: Expected 0-1 arguments, but got 2.
src/infrastructure/repositories/futuresContractSpec.repository.ts(223,84): error TS2554: Expected 0-1 arguments, but got 2.
src/infrastructure/repositories/futuresContractSpec.repository.ts(246,84): error TS2554: Expected 0-1 arguments, but got 2.
src/infrastructure/repositories/futuresContractSpec.repository.ts(279,84): error TS2554: Expected 0-1 arguments, but got 2.
src/infrastructure/repositories/futuresContractSpec.repository.ts(307,84): error TS2554: Expected 0-1 arguments, but got 2.
src/infrastructure/repositories/futuresContractSpec.repository.ts(326,90): error TS2554: Expected 0-1 arguments, but got 2.
src/infrastructure/repositories/journal.repository.ts(148,77): error TS2554: Expected 0-1 arguments, but got 2.
src/infrastructure/repositories/journal.repository.ts(170,75): error TS2554: Expected 0-1 arguments, but got 2.
src/infrastructure/repositories/journal.repository.ts(189,76): error TS2554: Expected 0-1 arguments, but got 2.
src/infrastructure/repositories/journal.repository.ts(209,76): error TS2554: Expected 0-1 arguments, but got 2.
src/infrastructure/repositories/journal.repository.ts(227,76): error TS2554: Expected 0-1 arguments, but got 2.
src/infrastructure/repositories/journal.repository.ts(253,75): error TS2554: Expected 0-1 arguments, but got 2.
src/infrastructure/repositories/position.repository.ts(30,71): error TS2554: Expected 0-1 arguments, but got 2.
src/infrastructure/repositories/position.repository.ts(50,72): error TS2554: Expected 0-1 arguments, but got 2.
src/infrastructure/repositories/position.repository.ts(70,70): error TS2554: Expected 0-1 arguments, but got 2.
src/infrastructure/repositories/position.repository.ts(111,71): error TS2554: Expected 0-1 arguments, but got 2.
src/infrastructure/repositories/position.repository.ts(129,76): error TS2554: Expected 0-1 arguments, but got 2.
src/infrastructure/repositories/position.repository.ts(206,74): error TS2554: Expected 0-1 arguments, but got 2.
src/infrastructure/repositories/position.repository.ts(226,71): error TS2554: Expected 0-1 arguments, but got 2.
src/infrastructure/repositories/position.repository.ts(300,71): error TS2554: Expected 0-1 arguments, but got 2.
src/infrastructure/repositories/position.repository.ts(357,71): error TS2554: Expected 0-1 arguments, but got 2.
src/infrastructure/repositories/position.repository.ts(385,72): error TS2554: Expected 0-1 arguments, but got 2.
src/infrastructure/repositories/position.repository.ts(443,80): error TS2554: Expected 0-1 arguments, but got 2.
src/infrastructure/repositories/strategy.repository.ts(30,71): error TS2554: Expected 0-1 arguments, but got 2.
src/infrastructure/repositories/strategy.repository.ts(50,73): error TS2554: Expected 0-1 arguments, but got 2.
src/infrastructure/repositories/strategy.repository.ts(70,70): error TS2554: Expected 0-1 arguments, but got 2.
src/infrastructure/repositories/strategy.repository.ts(107,72): error TS2554: Expected 0-1 arguments, but got 2.
src/infrastructure/repositories/strategy.repository.ts(139,80): error TS2554: Expected 0-1 arguments, but got 2.
src/infrastructure/repositories/strategy.repository.ts(166,71): error TS2554: Expected 0-1 arguments, but got 2.
src/infrastructure/repositories/strategy.repository.ts(245,80): error TS2554: Expected 0-1 arguments, but got 2.
src/infrastructure/repositories/strategy.repository.ts(260,71): error TS2554: Expected 0-1 arguments, but got 2.
src/infrastructure/repositories/strategy.repository.ts(286,72): error TS2554: Expected 0-1 arguments, but got 2.
src/infrastructure/repositories/strategy.repository.ts(338,81): error TS2554: Expected 0-1 arguments, but got 2.
src/infrastructure/repositories/strategy.repository.ts(358,73): error TS2554: Expected 0-1 arguments, but got 2.
src/infrastructure/repositories/transaction.repository.ts(38,74): error TS2554: Expected 0-1 arguments, but got 2.
src/infrastructure/repositories/transaction.repository.ts(67,75): error TS2554: Expected 0-1 arguments, but got 2.
src/infrastructure/repositories/transaction.repository.ts(87,73): error TS2554: Expected 0-1 arguments, but got 2.
src/infrastructure/repositories/transaction.repository.ts(133,74): error TS2554: Expected 0-1 arguments, but got 2.
src/infrastructure/repositories/transaction.repository.ts(152,74): error TS2554: Expected 0-1 arguments, but got 2.
src/infrastructure/repositories/transaction.repository.ts(181,69): error TS2554: Expected 0-1 arguments, but got 2.
src/infrastructure/repositories/transaction.repository.ts(222,81): error TS2554: Expected 0-1 arguments, but got 2.
src/infrastructure/repositories/transaction.repository.ts(249,74): error TS2554: Expected 0-1 arguments, but got 2.
src/infrastructure/repositories/transaction.repository.ts(280,75): error TS2554: Expected 0-1 arguments, but got 2.
src/infrastructure/repositories/transaction.repository.ts(336,88): error TS2554: Expected 0-1 arguments, but got 2.
src/infrastructure/repositories/transaction.repository.ts(379,74): error TS2554: Expected 0-1 arguments, but got 2.
src/infrastructure/repositories/transaction.repository.ts(547,72): error TS2554: Expected 0-1 arguments, but got 2.
src/infrastructure/repositories/transactionCode.repository.ts(23,79): error TS2554: Expected 0-1 arguments, but got 2.
src/infrastructure/repositories/transactionCode.repository.ts(42,79): error TS2554: Expected 0-1 arguments, but got 2.
src/infrastructure/repositories/transactionCode.repository.ts(64,78): error TS2554: Expected 0-1 arguments, but got 2.
src/infrastructure/services/cashBalanceService.ts(2,41): error TS6196: 'CashBalanceInsert' is declared but never used.
src/infrastructure/services/cashBalanceService.ts(29,42): error TS2339: Property 'balance_date' does not exist on type 'CashBalance'.
src/infrastructure/services/cashBalanceService.ts(44,31): error TS2551: Property 'available_cash' does not exist on type 'CashBalance'. Did you mean 'availableCash'?
src/infrastructure/services/cashBalanceService.ts(45,33): error TS2551: Property 'pending_deposits' does not exist on type 'CashBalance'. Did you mean 'pendingDeposits'?
src/infrastructure/services/cashBalanceService.ts(46,36): error TS2551: Property 'pending_withdrawals' does not exist on type 'CashBalance'. Did you mean 'pendingWithdrawals'?
src/infrastructure/services/cashBalanceService.ts(47,28): error TS2551: Property 'margin_used' does not exist on type 'CashBalance'. Did you mean 'marginUsed'?
src/infrastructure/services/cashBalanceService.ts(48,29): error TS2551: Property 'buying_power' does not exist on type 'CashBalance'. Did you mean 'buyingPower'?
src/infrastructure/services/cashBalanceService.ts(49,27): error TS2551: Property 'total_cash' does not exist on type 'CashBalance'. Did you mean 'totalCash'?
src/infrastructure/services/cashBalanceService.ts(68,29): error TS2339: Property 'balance_date' does not exist on type 'CashBalance'.
src/infrastructure/services/cashBalanceService.ts(69,31): error TS2551: Property 'available_cash' does not exist on type 'CashBalance'. Did you mean 'availableCash'?
src/infrastructure/services/cashBalanceService.ts(70,33): error TS2551: Property 'pending_deposits' does not exist on type 'CashBalance'. Did you mean 'pendingDeposits'?
src/infrastructure/services/cashBalanceService.ts(71,36): error TS2551: Property 'pending_withdrawals' does not exist on type 'CashBalance'. Did you mean 'pendingWithdrawals'?
src/infrastructure/services/cashBalanceService.ts(72,28): error TS2551: Property 'margin_used' does not exist on type 'CashBalance'. Did you mean 'marginUsed'?
src/infrastructure/services/cashBalanceService.ts(73,29): error TS2551: Property 'buying_power' does not exist on type 'CashBalance'. Did you mean 'buyingPower'?
src/infrastructure/services/cashBalanceService.ts(74,27): error TS2551: Property 'total_cash' does not exist on type 'CashBalance'. Did you mean 'totalCash'?
src/infrastructure/services/cryptoMarketDataService.ts(263,15): error TS2484: Export declaration conflicts with exported declaration of 'CryptoSearchResult'.
src/infrastructure/services/cryptoMarketDataService.ts(263,35): error TS2484: Export declaration conflicts with exported declaration of 'CryptoQuote'.
src/infrastructure/services/insightDataAggregationService.ts(128,24): error TS2339: Property 'transaction_code' does not exist on type 'CashTransaction'.
src/infrastructure/services/insightDataAggregationService.ts(133,79): error TS2339: Property 'transaction_code' does not exist on type 'CashTransaction'.
src/infrastructure/services/insightDataAggregationService.ts(158,14): error TS2551: Property 'transaction_date' does not exist on type 'Transaction'. Did you mean 'transaction_code'?
src/infrastructure/services/insightDataAggregationService.ts(159,25): error TS2551: Property 'transaction_date' does not exist on type 'Transaction'. Did you mean 'transaction_code'?
src/infrastructure/services/insightDataAggregationService.ts(164,13): error TS2339: Property 'symbol' does not exist on type 'Transaction'.
src/infrastructure/services/insightDataAggregationService.ts(165,24): error TS2339: Property 'symbol' does not exist on type 'Transaction'.
src/infrastructure/services/insightDataAggregationService.ts(165,50): error TS2339: Property 'symbol' does not exist on type 'Transaction'.
src/infrastructure/services/insightDataAggregationService.ts(192,24): error TS2339: Property 'transaction_code' does not exist on type 'CashTransaction'.
src/infrastructure/services/insightDataAggregationService.ts(196,24): error TS2339: Property 'transaction_code' does not exist on type 'CashTransaction'.
src/infrastructure/services/insightDataAggregationService.ts(201,17): error TS2551: Property 'transaction_date' does not exist on type 'CashTransaction'. Did you mean 'transactionType'?
src/infrastructure/services/insightDataAggregationService.ts(202,28): error TS2551: Property 'transaction_date' does not exist on type 'CashTransaction'. Did you mean 'transactionType'?
src/infrastructure/services/insightDataAggregationService.ts(204,79): error TS2339: Property 'transaction_code' does not exist on type 'CashTransaction'.
src/infrastructure/services/insightDataAggregationService.ts(246,11): error TS6133: 'last7DaysTransactions' is declared but its value is never read.
src/infrastructure/services/insightDataAggregationService.ts(247,14): error TS2551: Property 'transaction_date' does not exist on type 'Transaction'. Did you mean 'transaction_code'?
src/infrastructure/services/insightDataAggregationService.ts(248,25): error TS2551: Property 'transaction_date' does not exist on type 'Transaction'. Did you mean 'transaction_code'?
src/infrastructure/services/performanceMetricsService.ts(164,48): error TS2339: Property 'transaction_code' does not exist on type 'CashTransaction'.
src/infrastructure/services/performanceMetricsService.ts(174,81): error TS2339: Property 'transaction_code' does not exist on type 'CashTransaction'.
src/infrastructure/services/performanceMetricsService.ts(411,48): error TS2339: Property 'transaction_code' does not exist on type 'CashTransaction'.
src/infrastructure/services/performanceMetricsService.ts(420,81): error TS2339: Property 'transaction_code' does not exist on type 'CashTransaction'.
src/infrastructure/services/portfolioSnapshotService.ts(6,1): error TS6133: 'getOptionQuotes' is declared but its value is never read.
src/infrastructure/services/portfolioSnapshotService.ts(38,50): error TS2339: Property 'transaction_code' does not exist on type 'CashTransaction'.
src/infrastructure/services/portfolioSnapshotService.ts(104,23): error TS7053: Element implicitly has an 'any' type because expression of type 'string' can't be used to index type '{}'.
  No index signature with a parameter of type 'string' was found on type '{}'.
src/infrastructure/services/portfolioSnapshotService.ts(130,15): error TS6133: 'multiplier' is declared but its value is never read.
src/infrastructure/services/portfolioSnapshotService.ts(131,15): error TS6133: 'avgPrice' is declared but its value is never read.
src/infrastructure/services/positionMatchingService.ts(208,7): error TS2353: Object literal may only specify known properties, and 'closed_at' does not exist in type 'PositionInsert'.
src/infrastructure/services/positionMatchingService.ts(267,9): error TS6133: 'realizedPL' is declared but its value is never read.
src/infrastructure/services/positionMatchingService.ts(325,7): error TS2353: Object literal may only specify known properties, and 'closed_at' does not exist in type 'PositionInsert'.
src/infrastructure/services/positionMatchingService.ts(380,61): error TS2554: Expected 1-2 arguments, but got 3.
src/infrastructure/services/positionMatchingService.ts(410,7): error TS2353: Object literal may only specify known properties, and 'closed_at' does not exist in type 'PositionInsert'.
src/infrastructure/services/positionMatchingService.ts(574,7): error TS2353: Object literal may only specify known properties, and 'closed_at' does not exist in type 'PositionInsert'.
src/infrastructure/services/storageService.ts(67,13): error TS6133: 'data' is declared but its value is never read.
src/infrastructure/services/storageService.ts(105,13): error TS6133: 'data' is declared but its value is never read.
src/infrastructure/services/strategyDetectionService.ts(48,21): error TS6133: 'expiration' is declared but its value is never read.
src/infrastructure/services/strategyDetectionService.ts(58,21): error TS6133: 'expiration' is declared but its value is never read.
src/infrastructure/services/strategyDetectionService.ts(198,13): error TS6133: 'strategy' is declared but its value is never read.
src/infrastructure/services/strategyDetectionService.ts(440,7): error TS18047: 'p1.strike_price' is possibly 'null'.
src/infrastructure/services/strategyDetectionService.ts(440,25): error TS18047: 'p2.strike_price' is possibly 'null'.
src/infrastructure/services/strategyDetectionService.ts(441,7): error TS18047: 'p4.strike_price' is possibly 'null'.
src/infrastructure/services/strategyDetectionService.ts(441,25): error TS18047: 'p3.strike_price' is possibly 'null'.
src/infrastructure/services/strategyDetectionService.ts(641,7): error TS2353: Object literal may only specify known properties, and 'closed_at' does not exist in type 'StrategyInsert'.
src/infrastructure/services/strategyDetectionService.ts(697,7): error TS2353: Object literal may only specify known properties, and 'closed_at' does not exist in type 'StrategyInsert'.
src/infrastructure/services/transactionService.ts(106,11): error TS2367: This comparison appears to be unintentional because the types '"option" | "stock" | "crypto" | "futures"' and '"cash"' have no overlap.
src/presentation/components/charts/BalanceOverTimeChart.tsx(1,10): error TS6133: 'LineChart' is declared but its value is never read.
src/presentation/components/charts/BalanceOverTimeChart.tsx(1,21): error TS6133: 'Line' is declared but its value is never read.
src/presentation/components/charts/DailyPerformanceCalendar.tsx(31,3): error TS6133: 'isLoading' is declared but its value is never read.
src/presentation/components/charts/DailyPerformanceCalendar.tsx(397,31): error TS2367: This comparison appears to be unintentional because the types 'TransactionSide' and '"buy"' have no overlap.
src/presentation/components/charts/DrawdownChart.tsx(1,10): error TS6133: 'LineChart' is declared but its value is never read.
src/presentation/components/charts/DrawdownChart.tsx(1,21): error TS6133: 'Line' is declared but its value is never read.
src/presentation/components/charts/EntryTimeChart.tsx(12,72): error TS6133: 'title' is declared but its value is never read.
src/presentation/components/charts/PLOverTimeChart.tsx(32,36): error TS2339: Property 'payload' does not exist on type 'TooltipProps<number, string>'.
src/presentation/components/charts/PLOverTimeChart.tsx(38,25): error TS7006: Parameter 'entry' implicitly has an 'any' type.
src/presentation/components/charts/PLOverTimeChart.tsx(38,32): error TS7006: Parameter 'index' implicitly has an 'any' type.
src/presentation/components/charts/ROIOverTimeChart.tsx(1,10): error TS6133: 'LineChart' is declared but its value is never read.
src/presentation/components/charts/ROIOverTimeChart.tsx(1,21): error TS6133: 'Line' is declared but its value is never read.
src/presentation/components/charts/StrategyChart.tsx(208,19): error TS6133: 'color' is declared but its value is never read.
src/presentation/components/CryptoTransactionForm.tsx(37,10): error TS6133: 'coinId' is declared but its value is never read.
src/presentation/components/CryptoTransactionForm.tsx(87,56): error TS2345: Argument of type '{ user_id: string; import_id: null; activity_date: string; process_date: string; settle_date: string; description: string; notes: string | null; tags: never[]; fees: number; asset_type: "crypto"; ... 10 more ...; expiration_date: null; }' is not assignable to parameter of type 'Omit<TransactionInsert, "import_id">'.
  Type '{ user_id: string; import_id: null; activity_date: string; process_date: string; settle_date: string; description: string; notes: string | null; tags: never[]; fees: number; asset_type: "crypto"; ... 10 more ...; expiration_date: null; }' is missing the following properties from type 'Omit<TransactionInsert, "import_id">': position_id, strategy_id
src/presentation/components/DataTable.tsx(1,29): error TS6133: 'useCallback' is declared but its value is never read.
src/presentation/components/EnhancedEmptyState.tsx(3,40): error TS6133: 'Activity' is declared but its value is never read.
src/presentation/components/ErrorDisplay.tsx(2,1): error TS6133: 'useToast' is declared but its value is never read.
src/presentation/components/FuturesTransactionForm.tsx(5,1): error TS6133: 'FuturesContractSpec' is declared but its value is never read.
src/presentation/components/FuturesTransactionForm.tsx(190,56): error TS2345: Argument of type '{ user_id: string; import_id: null; activity_date: string; process_date: string; settle_date: string; description: string; notes: string; tags: never[]; fees: number; asset_type: "futures"; transaction_code: "Buy" | "Sell"; ... 9 more ...; strike_price: null; }' is not assignable to parameter of type 'Omit<TransactionInsert, "import_id">'.
  Type '{ user_id: string; import_id: null; activity_date: string; process_date: string; settle_date: string; description: string; notes: string; tags: never[]; fees: number; asset_type: "futures"; transaction_code: "Buy" | "Sell"; ... 9 more ...; strike_price: null; }' is missing the following properties from type 'Omit<TransactionInsert, "import_id">': position_id, strategy_id
src/presentation/components/HomeRoute.tsx(2,1): error TS6133: 'Navigate' is declared but its value is never read.
src/presentation/components/MetricCard.tsx(40,14): error TS2741: Property 'children' is missing in type '{ content: string; position: "top"; showIcon: true; }' but required in type 'TooltipProps'.
src/presentation/components/OptionsChain.tsx(2,28): error TS6133: 'TrendingUp' is declared but its value is never read.
src/presentation/components/OptionsChain.tsx(2,40): error TS6133: 'TrendingDown' is declared but its value is never read.
src/presentation/components/OptionsChain.tsx(2,54): error TS6133: 'Filter' is declared but its value is never read.
src/presentation/components/OptionsChain.tsx(18,23): error TS6133: 'setStrikeRange' is declared but its value is never read.
src/presentation/components/OptionsChain.tsx(49,28): error TS7006: Parameter 'entry' implicitly has an 'any' type.
src/presentation/components/OptionsChain.tsx(81,30): error TS7006: Parameter 'entry' implicitly has an 'any' type.
src/presentation/components/OptionsChain.tsx(85,7): error TS7053: Element implicitly has an 'any' type because expression of type 'any' can't be used to index type '{ call?: OptionChainEntry | undefined; put?: OptionChainEntry | undefined; }'.
src/presentation/components/OptionsChain.tsx(146,33): error TS7006: Parameter 'exp' implicitly has an 'any' type.
src/presentation/components/OptionsMultiLegForm.tsx(2,39): error TS6133: 'TrendingUp' is declared but its value is never read.
src/presentation/components/OptionsMultiLegForm.tsx(2,51): error TS6133: 'TrendingDown' is declared but its value is never read.
src/presentation/components/OptionsMultiLegForm.tsx(5,34): error TS6196: 'MultiLegStrategyFormData' is declared but never used.
src/presentation/components/OptionsMultiLegForm.tsx(28,20): error TS2554: Expected 1 arguments, but got 0.
src/presentation/components/OptionsMultiLegForm.tsx(83,57): error TS2345: Argument of type '{ expiration: string; strike: number; optionType: string; side: string; quantity: number; price: number; }[]' is not assignable to parameter of type 'OptionLegFormData[] | (() => OptionLegFormData[])'.
  Type '{ expiration: string; strike: number; optionType: string; side: string; quantity: number; price: number; }[]' is not assignable to type 'OptionLegFormData[]'.
    Type '{ expiration: string; strike: number; optionType: string; side: string; quantity: number; price: number; }' is not assignable to type 'OptionLegFormData'.
      Types of property 'optionType' are incompatible.
        Type 'string' is not assignable to type 'OptionType'.
src/presentation/components/OptionsMultiLegForm.tsx(140,9): error TS2322: Type '"calendar_spread"' is not assignable to type 'SuggestedStrategyType'.
src/presentation/components/OptionsMultiLegForm.tsx(348,59): error TS2345: Argument of type '{ user_id: string; activity_date: string; process_date: string; settle_date: string; description: string; notes: string | null; tags: never[]; fees: number; asset_type: "option"; transaction_code: string; ... 9 more ...; strategy_id: string; }[]' is not assignable to parameter of type 'Omit<TransactionInsert, "import_id">[]'.
  Type '{ user_id: string; activity_date: string; process_date: string; settle_date: string; description: string; notes: string | null; tags: never[]; fees: number; asset_type: "option"; transaction_code: string; ... 9 more ...; strategy_id: string; }' is missing the following properties from type 'Omit<TransactionInsert, "import_id">': instrument, position_id
src/presentation/components/OptionsMultiLegForm.tsx(444,59): error TS2345: Argument of type '{ user_id: string; activity_date: string; process_date: string; settle_date: string; description: string; notes: string | null; tags: never[]; fees: number; asset_type: "option"; transaction_code: string; ... 9 more ...; strategy_id: string; }[]' is not assignable to parameter of type 'Omit<TransactionInsert, "import_id">[]'.
  Type '{ user_id: string; activity_date: string; process_date: string; settle_date: string; description: string; notes: string | null; tags: never[]; fees: number; asset_type: "option"; transaction_code: string; ... 9 more ...; strategy_id: string; }' is missing the following properties from type 'Omit<TransactionInsert, "import_id">': instrument, position_id
src/presentation/components/OptionsMultiLegForm.tsx(488,9): error TS2322: Type 'MutableRefObject<HTMLElement | null>' is not assignable to type 'LegacyRef<HTMLDivElement> | undefined'.
  Type 'MutableRefObject<HTMLElement | null>' is not assignable to type 'RefObject<HTMLDivElement>'.
    Types of property 'current' are incompatible.
      Type 'HTMLElement | null' is not assignable to type 'HTMLDivElement | null'.
        Property 'align' is missing in type 'HTMLElement' but required in type 'HTMLDivElement'.
src/presentation/components/PositionCard.tsx(2,1): error TS6192: All imports in import declaration are unused.
src/presentation/components/PositionCard.tsx(20,3): error TS6133: 'id' is declared but its value is never read.
src/presentation/components/PositionCard.tsx(27,3): error TS6133: 'unrealizedPL' is declared but its value is never read.
src/presentation/components/PositionEditForm.tsx(17,3): error TS6133: 'userId' is declared but its value is never read.
src/presentation/components/RealtimeIndicator.tsx(26,50): error TS2345: Argument of type 'string | string[]' is not assignable to parameter of type 'readonly unknown[]'.
  Type 'string' is not assignable to type 'readonly unknown[]'.
src/presentation/components/RealtimeIndicator.tsx(28,22): error TS2339: Property 'isFetching' does not exist on type 'QueryState<unknown, Error>'.
src/presentation/components/RealtimeIndicator.tsx(30,29): error TS2551: Property 'isError' does not exist on type 'QueryState<unknown, Error>'. Did you mean 'error'?
src/presentation/components/RealtimeIndicator.tsx(44,45): error TS2322: Type 'string | string[]' is not assignable to type 'readonly unknown[] | undefined'.
  Type 'string' is not assignable to type 'readonly unknown[]'.
src/presentation/components/Select.tsx(9,18): error TS2430: Interface 'SelectProps' incorrectly extends interface 'SelectHTMLAttributes<HTMLSelectElement>'.
  Types of property 'size' are incompatible.
    Type '"sm" | "md" | "lg" | undefined' is not assignable to type 'number | undefined'.
      Type 'string' is not assignable to type 'number'.
src/presentation/components/SellCryptoPositionForm.tsx(100,56): error TS2345: Argument of type '{ user_id: string; import_id: null; activity_date: string; process_date: string; settle_date: string; description: string; notes: string | null; tags: never[]; fees: number; asset_type: "crypto"; ... 7 more ...; is_long: boolean; }' is not assignable to parameter of type 'Omit<TransactionInsert, "import_id">'.
  Type '{ user_id: string; import_id: null; activity_date: string; process_date: string; settle_date: string; description: string; notes: string | null; tags: never[]; fees: number; asset_type: "crypto"; ... 7 more ...; is_long: boolean; }' is missing the following properties from type 'Omit<TransactionInsert, "import_id">': option_type, strike_price, expiration_date, position_id, strategy_id
src/presentation/components/SellPositionForm.tsx(101,56): error TS2345: Argument of type '{ user_id: string; import_id: null; activity_date: string; process_date: string; settle_date: string; description: string; notes: string | null; tags: never[]; fees: number; asset_type: "stock"; ... 7 more ...; is_long: boolean; }' is not assignable to parameter of type 'Omit<TransactionInsert, "import_id">'.
  Type '{ user_id: string; import_id: null; activity_date: string; process_date: string; settle_date: string; description: string; notes: string | null; tags: never[]; fees: number; asset_type: "stock"; ... 7 more ...; is_long: boolean; }' is missing the following properties from type 'Omit<TransactionInsert, "import_id">': option_type, strike_price, expiration_date, position_id, strategy_id
src/presentation/components/SellPositionForm.tsx(163,45): error TS2339: Property 'current_quantity' does not exist on type 'StockPosition'.
src/presentation/components/SortableTableHeader.tsx(2,10): error TS6133: 'SortDirection' is declared but its value is never read.
src/presentation/components/SymbolAutocomplete.tsx(7,1): error TS6133: 'OptionsSymbolSearchResult' is declared but its value is never read.
src/presentation/components/SymbolAutocomplete.tsx(63,9): error TS6198: All destructured elements are unused.
src/presentation/components/SymbolAutocomplete.tsx(76,9): error TS6133: 'debouncedQuery' is declared but its value is never read.
src/presentation/components/ThemeToggle.tsx(10,11): error TS6133: 'theme' is declared but its value is never read.
src/presentation/components/TransactionForm.tsx(263,50): error TS2345: Argument of type '{ user_id: string; transaction_code: string; amount: number; description: string | null; notes: string | null; activity_date: string; process_date: string; settle_date: string; symbol: null; tags: never[]; }' is not assignable to parameter of type 'CashTransactionInsert'.
  Property 'transaction_id' is missing in type '{ user_id: string; transaction_code: string; amount: number; description: string | null; notes: string | null; activity_date: string; process_date: string; settle_date: string; symbol: null; tags: never[]; }' but required in type 'CashTransactionInsert'.
src/presentation/components/TransactionItem.tsx(15,3): error TS6133: 'id' is declared but its value is never read.
src/presentation/pages/AIInsights.tsx(17,15): error TS6196: 'AIInsight' is declared but never used.
src/presentation/pages/AIInsights.tsx(18,1): error TS6133: 'formatDateUtil' is declared but its value is never read.
src/presentation/pages/AIInsights.tsx(115,9): error TS6133: 'getPriorityColor' is declared but its value is never read.
src/presentation/pages/Analytics.tsx(64,34): error TS2344: Type 'number | null' does not satisfy the constraint 'string | number | symbol'.
  Type 'null' is not assignable to type 'string | number | symbol'.
src/presentation/pages/Analytics.tsx(69,3): error TS2353: Object literal may only specify known properties, and 'null' does not exist in type 'Record<TimePeriod, string>'.
src/presentation/pages/Analytics.tsx(336,33): error TS2538: Type 'null' cannot be used as an index type.
src/presentation/pages/Analytics.tsx(1345,7): error TS6133: 'LegacyMetricCard' is declared but its value is never read.
src/presentation/pages/Analytics.tsx(1353,14): error TS2741: Property 'children' is missing in type '{ content: string; position: "top"; showIcon: true; }' but required in type 'TooltipProps'.
src/presentation/pages/CashTransactions.tsx(2,64): error TS6133: 'Upload' is declared but its value is never read.
src/presentation/pages/CashTransactions.tsx(25,10): error TS6133: 'editingTransaction' is declared but its value is never read.
src/presentation/pages/CashTransactions.tsx(29,9): error TS6133: 'updateMutation' is declared but its value is never read.
src/presentation/pages/CashTransactions.tsx(55,51): error TS2339: Property 'transaction_code' does not exist on type 'CashTransaction'.
src/presentation/pages/CashTransactions.tsx(62,28): error TS2551: Property 'activity_date' does not exist on type 'CashTransaction'. Did you mean 'activityDate'?
src/presentation/pages/CashTransactions.tsx(62,66): error TS2551: Property 'activity_date' does not exist on type 'CashTransaction'. Did you mean 'activityDate'?
src/presentation/pages/CashTransactions.tsx(69,11): error TS6133: 'creditCodes' is declared but its value is never read.
src/presentation/pages/CashTransactions.tsx(71,11): error TS6133: 'debitCodes' is declared but its value is never read.
src/presentation/pages/CashTransactions.tsx(74,79): error TS2339: Property 'transaction_code' does not exist on type 'CashTransaction'.
src/presentation/pages/CashTransactions.tsx(78,61): error TS2339: Property 'transaction_code' does not exist on type 'CashTransaction'.
src/presentation/pages/CashTransactions.tsx(82,22): error TS2339: Property 'transaction_code' does not exist on type 'CashTransaction'.
src/presentation/pages/CashTransactions.tsx(86,22): error TS2339: Property 'transaction_code' does not exist on type 'CashTransaction'.
src/presentation/pages/CashTransactions.tsx(90,47): error TS2339: Property 'transaction_code' does not exist on type 'CashTransaction'.
src/presentation/pages/CashTransactions.tsx(143,68): error TS2339: Property 'transaction_code' does not exist on type 'CashTransaction'.
src/presentation/pages/CashTransactions.tsx(278,65): error TS2339: Property 'transaction_code' does not exist on type 'CashTransaction'.
src/presentation/pages/CashTransactions.tsx(279,52): error TS2551: Property 'activity_date' does not exist on type 'CashTransaction'. Did you mean 'activityDate'?
src/presentation/pages/CashTransactions.tsx(282,55): error TS2339: Property 'transaction_code' does not exist on type 'CashTransaction'.
src/presentation/pages/CashTransactions.tsx(284,38): error TS2339: Property 'transaction_code' does not exist on type 'CashTransaction'.
src/presentation/pages/CashTransactions.tsx(369,47): error TS2551: Property 'activity_date' does not exist on type 'CashTransaction'. Did you mean 'activityDate'?
src/presentation/pages/CashTransactions.tsx(373,57): error TS2339: Property 'transaction_code' does not exist on type 'CashTransaction'.
src/presentation/pages/CashTransactions.tsx(375,40): error TS2339: Property 'transaction_code' does not exist on type 'CashTransaction'.
src/presentation/pages/CashTransactions.tsx(386,89): error TS2339: Property 'transaction_code' does not exist on type 'CashTransaction'.
src/presentation/pages/Checkout.tsx(145,22): error TS2339: Property 'redirectToCheckout' does not exist on type 'Stripe'.
src/presentation/pages/Crypto.tsx(22,1): error TS6133: 'getUserFriendlyErrorMessage' is declared but its value is never read.
src/presentation/pages/Crypto.tsx(36,10): error TS6133: 'editingTransaction' is declared but its value is never read.
src/presentation/pages/Crypto.tsx(40,9): error TS6133: 'toast' is declared but its value is never read.
src/presentation/pages/Crypto.tsx(42,9): error TS6133: 'updatePositionMutation' is declared but its value is never read.
src/presentation/pages/Crypto.tsx(44,9): error TS6133: 'updateTransactionMutation' is declared but its value is never read.
src/presentation/pages/Dashboard.tsx(21,1): error TS6133: 'formatDate' is declared but its value is never read.
src/presentation/pages/Dashboard.tsx(45,70): error TS6133: 'transactionsError' is declared but its value is never read.
src/presentation/pages/Dashboard.tsx(47,77): error TS6133: 'totalMarketValue' is declared but its value is never read.
src/presentation/pages/Dashboard.tsx(47,124): error TS2339: Property 'error' does not exist on type 'PortfolioValue'.
src/presentation/pages/Dashboard.tsx(48,69): error TS6133: 'newsError' is declared but its value is never read.
src/presentation/pages/Dashboard.tsx(62,9): error TS6133: 'realizedPLPercent' is declared but its value is never read.
src/presentation/pages/Dashboard.tsx(811,19): error TS2322: Type 'string | null' is not assignable to type 'string | undefined'.
  Type 'null' is not assignable to type 'string | undefined'.
src/presentation/pages/Dashboard.tsx(812,19): error TS2322: Type 'string | null' is not assignable to type 'string'.
  Type 'null' is not assignable to type 'string'.
src/presentation/pages/Dashboard.tsx(848,62): error TS18048: 'percent' is possibly 'undefined'.
src/presentation/pages/Dashboard.tsx(853,43): error TS6133: 'entry' is declared but its value is never read.
src/presentation/pages/Futures.tsx(2,22): error TS6133: 'TrendingDown' is declared but its value is never read.
src/presentation/pages/Futures.tsx(21,1): error TS6133: 'getUserFriendlyErrorMessage' is declared but its value is never read.
src/presentation/pages/Futures.tsx(40,9): error TS6133: 'toast' is declared but its value is never read.
src/presentation/pages/Futures.tsx(43,9): error TS6133: 'updateTransactionMutation' is declared but its value is never read.
src/presentation/pages/Futures.tsx(841,27): error TS18048: 'tx.fees' is possibly 'undefined'.
src/presentation/pages/Futures.tsx(935,29): error TS2339: Property 'title' does not exist on type '{ isOpen: boolean; options: ConfirmationOptions; confirm: (opts: ConfirmationOptions) => Promise<boolean>; handleConfirm: () => void; handleCancel: () => void; }'.
src/presentation/pages/Futures.tsx(936,31): error TS2339: Property 'message' does not exist on type '{ isOpen: boolean; options: ConfirmationOptions; confirm: (opts: ConfirmationOptions) => Promise<boolean>; handleConfirm: () => void; handleCancel: () => void; }'.
src/presentation/pages/Futures.tsx(937,36): error TS2339: Property 'confirmLabel' does not exist on type '{ isOpen: boolean; options: ConfirmationOptions; confirm: (opts: ConfirmationOptions) => Promise<boolean>; handleConfirm: () => void; handleCancel: () => void; }'.
src/presentation/pages/Futures.tsx(938,35): error TS2339: Property 'cancelLabel' does not exist on type '{ isOpen: boolean; options: ConfirmationOptions; confirm: (opts: ConfirmationOptions) => Promise<boolean>; handleConfirm: () => void; handleCancel: () => void; }'.
src/presentation/pages/Futures.tsx(939,31): error TS2339: Property 'variant' does not exist on type '{ isOpen: boolean; options: ConfirmationOptions; confirm: (opts: ConfirmationOptions) => Promise<boolean>; handleConfirm: () => void; handleCancel: () => void; }'.
src/presentation/pages/Journal.tsx(13,1): error TS6133: 'LoadingSpinner' is declared but its value is never read.
src/presentation/pages/Journal.tsx(14,1): error TS6133: 'EmptyState' is declared but its value is never read.
src/presentation/pages/Journal.tsx(103,9): error TS6133: 'availableTags' is declared but its value is never read.
src/presentation/pages/Journal.tsx(571,17): error TS18048: 'entry.imageUrls.length' is possibly 'undefined'.
src/presentation/pages/Journal.tsx(571,48): error TS18048: 'entry.chartUrls.length' is possibly 'undefined'.
src/presentation/pages/News.tsx(3,15): error TS6196: 'NewsArticle' is declared but never used.
src/presentation/pages/News.tsx(79,9): error TS6133: 'currentPageEnd' is declared but its value is never read.
src/presentation/pages/Options.tsx(2,22): error TS6133: 'TrendingDown' is declared but its value is never read.
src/presentation/pages/Options.tsx(26,1): error TS6133: 'getUserFriendlyErrorMessage' is declared but its value is never read.
src/presentation/pages/Options.tsx(43,10): error TS6133: 'editingTransaction' is declared but its value is never read.
src/presentation/pages/Options.tsx(52,9): error TS6133: 'toast' is declared but its value is never read.
src/presentation/pages/Options.tsx(54,9): error TS6133: 'updatePositionMutation' is declared but its value is never read.
src/presentation/pages/Options.tsx(56,9): error TS6133: 'updateTransactionMutation' is declared but its value is never read.
src/presentation/pages/Options.tsx(94,13): error TS2345: Argument of type 'string | null' is not assignable to parameter of type 'string'.
  Type 'null' is not assignable to type 'string'.
src/presentation/pages/Options.tsx(180,16): error TS7006: Parameter 'entry' implicitly has an 'any' type.
src/presentation/pages/Options.tsx(795,44): error TS18048: 'allPositions' is possibly 'undefined'.
src/presentation/pages/Options.tsx(799,25): error TS6133: 'weightedAvgCurrentPrice' is declared but its value is never read.
src/presentation/pages/Options.tsx(942,36): error TS6133: 'entry' is declared but its value is never read.
src/presentation/pages/Options.tsx(1157,50): error TS18048: 'allPositions' is possibly 'undefined'.
src/presentation/pages/Options.tsx(1184,43): error TS18048: 'allPositions' is possibly 'undefined'.
src/presentation/pages/Settings.tsx(1,8): error TS6133: 'React' is declared but its value is never read.
src/presentation/pages/Settings.tsx(14,10): error TS6133: 'getSubscriptionStatus' is declared but its value is never read.
src/presentation/pages/Signup.tsx(27,15): error TS2339: Property 'data' does not exist on type '{ user: User | null; } | null'.
src/presentation/pages/Stocks.tsx(21,1): error TS6133: 'getUserFriendlyErrorMessage' is declared but its value is never read.
src/presentation/pages/Stocks.tsx(22,1): error TS6133: 'StockPositionRow' is declared but its value is never read.
src/presentation/pages/Stocks.tsx(36,10): error TS6133: 'editingTransaction' is declared but its value is never read.
src/presentation/pages/Stocks.tsx(40,9): error TS6133: 'toast' is declared but its value is never read.
src/presentation/pages/Stocks.tsx(42,9): error TS6133: 'updatePositionMutation' is declared but its value is never read.
src/presentation/pages/Stocks.tsx(44,9): error TS6133: 'updateTransactionMutation' is declared but its value is never read.
src/shared/hooks/useGlobalSearch.ts(2,1): error TS6133: 'useQuery' is declared but its value is never read.
src/shared/hooks/useGlobalSearch.ts(92,5): error TS2353: Object literal may only specify known properties, and 'enabled' does not exist in type 'Omit<UseQueryOptions<Transaction[], Error, Transaction[], readonly unknown[]>, "queryKey" | "enabled" | "queryFn">'.
src/shared/hooks/useGlobalSearch.ts(97,5): error TS2353: Object literal may only specify known properties, and 'enabled' does not exist in type 'Omit<UseQueryOptions<JournalEntry[], Error, JournalEntry[], readonly unknown[]>, "queryKey" | "enabled" | "queryFn">'.
src/shared/hooks/useGlobalSearch.ts(102,5): error TS2353: Object literal may only specify known properties, and 'enabled' does not exist in type 'PositionFilters'.
src/shared/hooks/useGlobalSearch.ts(118,28): error TS2339: Property 'description' does not exist on type 'SymbolSearchResult'.
src/shared/hooks/useGlobalSearch.ts(189,15): error TS2339: Property 'underlyingSymbol' does not exist on type 'Position'.
src/shared/hooks/useGlobalSearch.ts(193,31): error TS2551: Property 'assetType' does not exist on type 'Position'. Did you mean 'asset_type'?
src/shared/hooks/useGlobalSearch.ts(197,39): error TS2339: Property 'underlyingSymbol' does not exist on type 'Position'.
src/shared/hooks/useGlobalSearch.ts(198,28): error TS2339: Property 'quantity' does not exist on type 'Position'.
src/shared/hooks/useGlobalSearch.ts(198,52): error TS2339: Property 'averagePrice' does not exist on type 'Position'.
src/shared/hooks/useGlobalSearch.ts(199,37): error TS2339: Property 'underlyingSymbol' does not exist on type 'Position'.
src/shared/hooks/useQueryError.ts(1,10): error TS6133: 'useQuery' is declared but its value is never read.
src/shared/hooks/useQueryError.ts(1,20): error TS6133: 'useMutation' is declared but its value is never read.
src/shared/hooks/useQueryError.ts(2,57): error TS6133: 'parseError' is declared but its value is never read.
