
> strikepoint@0.0.0 typecheck
> tsc --noEmit -p tsconfig.app.json

src/application/hooks/useAIInsights.ts(2,104): error TS2307: Cannot find module '@/infrastructure/repositories/aiInsight.repository' or its corresponding type declarations.
src/application/hooks/useAIInsights.ts(3,27): error TS2307: Cannot find module '@/infrastructure/api/queryKeys' or its corresponding type declarations.
src/application/hooks/useAIInsights.ts(4,32): error TS2307: Cannot find module '@/domain/types' or its corresponding type declarations.
src/application/hooks/useAnalytics.ts(2,64): error TS2307: Cannot find module '@/infrastructure/services/performanceMetricsService' or its corresponding type declarations.
src/application/hooks/useAnalytics.ts(3,27): error TS2307: Cannot find module '@/infrastructure/api/queryKeys' or its corresponding type declarations.
src/application/hooks/useAnalytics.ts(4,32): error TS2307: Cannot find module '@/domain/types/asset.types' or its corresponding type declarations.
src/application/hooks/useBalanceOverTime.ts(2,43): error TS2307: Cannot find module '@/infrastructure/services/performanceMetricsService' or its corresponding type declarations.
src/application/hooks/useBalanceOverTime.ts(3,32): error TS2307: Cannot find module '@/domain/types/asset.types' or its corresponding type declarations.
src/application/hooks/useCashTransactions.ts(2,43): error TS2307: Cannot find module '@/infrastructure/repositories/cashTransaction.repository' or its corresponding type declarations.
src/application/hooks/useCashTransactions.ts(3,61): error TS2307: Cannot find module '@/domain/types' or its corresponding type declarations.
src/application/hooks/useCryptoCoinPerformance.ts(2,43): error TS2307: Cannot find module '@/infrastructure/services/performanceMetricsService' or its corresponding type declarations.
src/application/hooks/useCryptoQuotes.ts(2,67): error TS2307: Cannot find module '@/infrastructure/services/cryptoMarketDataService' or its corresponding type declarations.
src/application/hooks/useCryptoSymbolSearch.ts(3,55): error TS2307: Cannot find module '@/infrastructure/services/cryptoMarketDataService' or its corresponding type declarations.
src/application/hooks/useDailyPerformance.ts(3,45): error TS2307: Cannot find module '@/infrastructure/repositories/portfolioSnapshot.repository' or its corresponding type declarations.
src/application/hooks/useDailyPerformance.ts(4,27): error TS2307: Cannot find module '@/infrastructure/api/queryKeys' or its corresponding type declarations.
src/application/hooks/useDailyPerformanceCalendar.ts(2,43): error TS2307: Cannot find module '@/infrastructure/services/performanceMetricsService' or its corresponding type declarations.
src/application/hooks/useDailyPerformanceCalendar.ts(3,32): error TS2307: Cannot find module '@/domain/types/asset.types' or its corresponding type declarations.
src/application/hooks/useDayOfWeekPerformance.ts(2,43): error TS2307: Cannot find module '@/infrastructure/services/performanceMetricsService' or its corresponding type declarations.
src/application/hooks/useDayOfWeekPerformance.ts(3,32): error TS2307: Cannot find module '@/domain/types/asset.types' or its corresponding type declarations.
src/application/hooks/useDaysToExpiration.ts(2,43): error TS2307: Cannot find module '@/infrastructure/services/performanceMetricsService' or its corresponding type declarations.
src/application/hooks/useDrawdownOverTime.ts(2,43): error TS2307: Cannot find module '@/infrastructure/services/performanceMetricsService' or its corresponding type declarations.
src/application/hooks/useDrawdownOverTime.ts(3,32): error TS2307: Cannot find module '@/domain/types/asset.types' or its corresponding type declarations.
src/application/hooks/useEarlyAdopterStatus.ts(2,62): error TS2307: Cannot find module '@/infrastructure/services/earlyAdopterService' or its corresponding type declarations.
src/application/hooks/useEntryTimePerformance.ts(2,43): error TS2307: Cannot find module '@/infrastructure/services/performanceMetricsService' or its corresponding type declarations.
src/application/hooks/useEntryTimePerformance.ts(3,1): error TS6133: 'AssetType' is declared but its value is never read.
src/application/hooks/useEntryTimePerformance.ts(3,32): error TS2307: Cannot find module '@/domain/types/asset.types' or its corresponding type declarations.
src/application/hooks/useExpirationStatus.ts(2,43): error TS2307: Cannot find module '@/infrastructure/services/performanceMetricsService' or its corresponding type declarations.
src/application/hooks/useFuturesContractMonthPerformance.ts(2,43): error TS2307: Cannot find module '@/infrastructure/services/performanceMetricsService' or its corresponding type declarations.
src/application/hooks/useFuturesContractSpecs.ts(2,47): error TS2307: Cannot find module '@/infrastructure/repositories/futuresContractSpec.repository' or its corresponding type declarations.
src/application/hooks/useFuturesContractSpecs.ts(7,8): error TS2307: Cannot find module '@/domain/types' or its corresponding type declarations.
src/application/hooks/useFuturesContractSpecs.ts(73,11): error TS18046: 'data' is of type 'unknown'.
src/application/hooks/useFuturesContractSpecs.ts(74,78): error TS18046: 'data' is of type 'unknown'.
src/application/hooks/useFuturesMarginEfficiency.ts(2,43): error TS2307: Cannot find module '@/infrastructure/services/performanceMetricsService' or its corresponding type declarations.
src/application/hooks/useHoldingPeriodDistribution.ts(2,43): error TS2307: Cannot find module '@/infrastructure/services/performanceMetricsService' or its corresponding type declarations.
src/application/hooks/useInitialInvestment.ts(2,43): error TS2307: Cannot find module '@/infrastructure/repositories/cashTransaction.repository' or its corresponding type declarations.
src/application/hooks/useInitialInvestment.ts(3,27): error TS2307: Cannot find module '@/infrastructure/api/queryKeys' or its corresponding type declarations.
src/application/hooks/useInitialInvestment.ts(26,18): error TS7006: Parameter 'tx' implicitly has an 'any' type.
src/application/hooks/useInitialInvestment.ts(27,18): error TS7006: Parameter 'tx' implicitly has an 'any' type.
src/application/hooks/useInitialInvestment.ts(28,18): error TS7006: Parameter 'sum' implicitly has an 'any' type.
src/application/hooks/useInitialInvestment.ts(28,23): error TS7006: Parameter 'tx' implicitly has an 'any' type.
src/application/hooks/useJournal.ts(2,111): error TS2307: Cannot find module '@/infrastructure/repositories/journal.repository' or its corresponding type declarations.
src/application/hooks/useJournal.ts(3,27): error TS2307: Cannot find module '@/infrastructure/api/queryKeys' or its corresponding type declarations.
src/application/hooks/useJournal.ts(4,49): error TS2307: Cannot find module '@/domain/types' or its corresponding type declarations.
src/application/hooks/useLast7DaysPL.ts(2,43): error TS2307: Cannot find module '@/infrastructure/services/performanceMetricsService' or its corresponding type declarations.
src/application/hooks/useLast7DaysPL.ts(3,32): error TS2307: Cannot find module '@/domain/types/asset.types' or its corresponding type declarations.
src/application/hooks/useMarketNews.ts(2,31): error TS2307: Cannot find module '@/infrastructure/services/marketDataService' or its corresponding type declarations.
src/application/hooks/useMarketNews.ts(3,34): error TS2307: Cannot find module '@/domain/types' or its corresponding type declarations.
src/application/hooks/useMarketStatus.ts(10,8): error TS2307: Cannot find module '@/shared/utils/marketStatus' or its corresponding type declarations.
src/application/hooks/useMonthlyPerformance.ts(2,68): error TS2307: Cannot find module '@/infrastructure/services/performanceMetricsService' or its corresponding type declarations.
src/application/hooks/useMonthlyPerformance.ts(3,32): error TS2307: Cannot find module '@/domain/types/asset.types' or its corresponding type declarations.
src/application/hooks/useMonthlyPerformanceDashboard.ts(3,45): error TS2307: Cannot find module '@/infrastructure/repositories/portfolioSnapshot.repository' or its corresponding type declarations.
src/application/hooks/useMonthlyPerformanceDashboard.ts(4,27): error TS2307: Cannot find module '@/infrastructure/api/queryKeys' or its corresponding type declarations.
src/application/hooks/useNetCashFlow.ts(2,43): error TS2307: Cannot find module '@/infrastructure/repositories/cashTransaction.repository' or its corresponding type declarations.
src/application/hooks/useNetCashFlow.ts(3,27): error TS2307: Cannot find module '@/infrastructure/api/queryKeys' or its corresponding type declarations.
src/application/hooks/useNetCashFlow.ts(32,18): error TS7006: Parameter 'sum' implicitly has an 'any' type.
src/application/hooks/useNetCashFlow.ts(32,23): error TS7006: Parameter 'tx' implicitly has an 'any' type.
src/application/hooks/useOptionQuotes.ts(2,67): error TS2307: Cannot find module '@/infrastructure/services/optionsMarketDataService' or its corresponding type declarations.
src/application/hooks/useOptionQuotes.ts(3,24): error TS2307: Cannot find module '@/shared/utils/logger' or its corresponding type declarations.
src/application/hooks/useOptionQuotes.ts(4,27): error TS2307: Cannot find module '@/infrastructure/api/queryKeys' or its corresponding type declarations.
src/application/hooks/useOptionsByType.ts(2,43): error TS2307: Cannot find module '@/infrastructure/services/performanceMetricsService' or its corresponding type declarations.
src/application/hooks/useOptionsChain.ts(2,52): error TS2307: Cannot find module '@/infrastructure/services/optionsMarketDataService' or its corresponding type declarations.
src/application/hooks/useOptionsChain.ts(3,24): error TS2307: Cannot find module '@/shared/utils/logger' or its corresponding type declarations.
src/application/hooks/useOptionsChain.ts(4,27): error TS2307: Cannot find module '@/infrastructure/api/queryKeys' or its corresponding type declarations.
src/application/hooks/useOptionsSymbolSearch.ts(2,81): error TS2307: Cannot find module '@/infrastructure/services/optionsSymbolSearchService' or its corresponding type declarations.
src/application/hooks/useOptionsSymbolSearch.ts(42,56): error TS2307: Cannot find module '@/infrastructure/services/optionsSymbolSearchService' or its corresponding type declarations.
src/application/hooks/usePLOverTime.ts(2,43): error TS2307: Cannot find module '@/infrastructure/services/performanceMetricsService' or its corresponding type declarations.
src/application/hooks/usePLOverTime.ts(3,32): error TS2307: Cannot find module '@/domain/types/asset.types' or its corresponding type declarations.
src/application/hooks/usePortfolioHistory.ts(2,45): error TS2307: Cannot find module '@/infrastructure/repositories/portfolioSnapshot.repository' or its corresponding type declarations.
src/application/hooks/usePortfolioHistory.ts(3,27): error TS2307: Cannot find module '@/infrastructure/api/queryKeys' or its corresponding type declarations.
src/application/hooks/usePortfolioHistory.ts(4,1): error TS6133: 'PortfolioSnapshot' is declared but its value is never read.
src/application/hooks/usePortfolioHistory.ts(4,40): error TS2307: Cannot find module '@/infrastructure/repositories/portfolioSnapshot.repository' or its corresponding type declarations.
src/application/hooks/usePortfolioHistory.ts(35,34): error TS7006: Parameter 's' implicitly has an 'any' type.
src/application/hooks/usePortfolioHistory.ts(54,55): error TS7006: Parameter 'latest' implicitly has an 'any' type.
src/application/hooks/usePortfolioHistory.ts(54,63): error TS7006: Parameter 'snapshot' implicitly has an 'any' type.
src/application/hooks/usePortfolioHistory.ts(85,54): error TS7006: Parameter 's' implicitly has an 'any' type.
src/application/hooks/usePortfolioHistory.ts(89,37): error TS7006: Parameter 's' implicitly has an 'any' type.
src/application/hooks/usePortfolioValue.ts(7,37): error TS2307: Cannot find module '@/infrastructure/services/cryptoMarketDataService' or its corresponding type declarations.
src/application/hooks/usePortfolioValue.ts(8,42): error TS2307: Cannot find module '@/shared/utils/positionTransformers' or its corresponding type declarations.
src/application/hooks/usePortfolioValue.ts(10,31): error TS2307: Cannot find module '@/domain/types' or its corresponding type declarations.
src/application/hooks/usePositions.ts(2,36): error TS2307: Cannot find module '@/infrastructure/repositories' or its corresponding type declarations.
src/application/hooks/usePositions.ts(3,26): error TS2307: Cannot find module '@/shared/hooks/useToast' or its corresponding type declarations.
src/application/hooks/usePositions.ts(4,45): error TS2307: Cannot find module '@/shared/utils/errorHandler' or its corresponding type declarations.
src/application/hooks/usePositions.ts(5,24): error TS2307: Cannot find module '@/shared/utils/logger' or its corresponding type declarations.
src/application/hooks/usePositions.ts(6,27): error TS2307: Cannot find module '@/infrastructure/api/queryKeys' or its corresponding type declarations.
src/application/hooks/usePositions.ts(7,64): error TS2307: Cannot find module '@/domain/types' or its corresponding type declarations.
src/application/hooks/usePositionsByDate.ts(2,43): error TS2307: Cannot find module '@/infrastructure/services/performanceMetricsService' or its corresponding type declarations.
src/application/hooks/usePositionsByDate.ts(3,31): error TS2307: Cannot find module '@/domain/types' or its corresponding type declarations.
src/application/hooks/usePositionsByDate.ts(4,32): error TS2307: Cannot find module '@/domain/types/asset.types' or its corresponding type declarations.
src/application/hooks/useROIOverTime.ts(2,43): error TS2307: Cannot find module '@/infrastructure/services/performanceMetricsService' or its corresponding type declarations.
src/application/hooks/useROIOverTime.ts(3,32): error TS2307: Cannot find module '@/domain/types/asset.types' or its corresponding type declarations.
src/application/hooks/useStockQuotes.ts(2,64): error TS2307: Cannot find module '@/infrastructure/services/marketDataService' or its corresponding type declarations.
src/application/hooks/useStockQuotes.ts(3,24): error TS2307: Cannot find module '@/shared/utils/logger' or its corresponding type declarations.
src/application/hooks/useStockQuotes.ts(4,27): error TS2307: Cannot find module '@/infrastructure/api/queryKeys' or its corresponding type declarations.
src/application/hooks/useStockSymbolSearch.ts(3,56): error TS2307: Cannot find module '@/infrastructure/services/marketDataService' or its corresponding type declarations.
src/application/hooks/useStrategies.ts(2,36): error TS2307: Cannot find module '@/infrastructure/repositories' or its corresponding type declarations.
src/application/hooks/useStrategies.ts(3,27): error TS2307: Cannot find module '@/infrastructure/api/queryKeys' or its corresponding type declarations.
src/application/hooks/useStrategies.ts(4,48): error TS2307: Cannot find module '@/domain/types' or its corresponding type declarations.
src/application/hooks/useStrategyPerformance.ts(2,43): error TS2307: Cannot find module '@/infrastructure/services/performanceMetricsService' or its corresponding type declarations.
src/application/hooks/useSubscriptionStatus.ts(2,60): error TS2307: Cannot find module '@/infrastructure/services/subscription.service' or its corresponding type declarations.
src/application/hooks/useSymbolPerformance.ts(2,67): error TS2307: Cannot find module '@/infrastructure/services/performanceMetricsService' or its corresponding type declarations.
src/application/hooks/useSymbolPerformance.ts(3,32): error TS2307: Cannot find module '@/domain/types/asset.types' or its corresponding type declarations.
src/application/hooks/useTradierSymbolSearch.ts(3,63): error TS2307: Cannot find module '@/infrastructure/services/marketDataService' or its corresponding type declarations.
src/application/hooks/useTransactionCodes.ts(2,43): error TS2307: Cannot find module '@/infrastructure/repositories/transactionCode.repository' or its corresponding type declarations.
src/application/hooks/useTransactionCodes.ts(3,38): error TS2307: Cannot find module '@/domain/types' or its corresponding type declarations.
src/application/hooks/useTransactionCodes.ts(34,5): error TS2769: No overload matches this call.
  Overload 1 of 3, '(options: DefinedInitialDataOptions<string[], Error, string[], readonly unknown[]>, queryClient?: QueryClient | undefined): DefinedUseQueryResult<string[], Error>', gave the following error.
    Type '() => Promise<unknown[]>' is not assignable to type 'QueryFunction<string[], readonly unknown[]>'.
      Type 'Promise<unknown[]>' is not assignable to type 'string[] | Promise<string[]>'.
        Type 'Promise<unknown[]>' is not assignable to type 'Promise<string[]>'.
          Type 'unknown[]' is not assignable to type 'string[]'.
            Type 'unknown' is not assignable to type 'string'.
  Overload 2 of 3, '(options: UndefinedInitialDataOptions<string[], Error, string[], readonly unknown[]>, queryClient?: QueryClient | undefined): UseQueryResult<string[], Error>', gave the following error.
    Type '() => Promise<unknown[]>' is not assignable to type 'unique symbol | QueryFunction<string[], readonly unknown[], never> | undefined'.
      Type '() => Promise<unknown[]>' is not assignable to type 'QueryFunction<string[], readonly unknown[], never>'.
        Type 'Promise<unknown[]>' is not assignable to type 'string[] | Promise<string[]>'.
          Type 'Promise<unknown[]>' is not assignable to type 'Promise<string[]>'.
            Type 'unknown[]' is not assignable to type 'string[]'.
              Type 'unknown' is not assignable to type 'string'.
  Overload 3 of 3, '(options: UseQueryOptions<string[], Error, string[], readonly unknown[]>, queryClient?: QueryClient | undefined): UseQueryResult<string[], Error>', gave the following error.
    Type '() => Promise<unknown[]>' is not assignable to type 'unique symbol | QueryFunction<string[], readonly unknown[], never> | undefined'.
      Type '() => Promise<unknown[]>' is not assignable to type 'QueryFunction<string[], readonly unknown[], never>'.
        Type 'Promise<unknown[]>' is not assignable to type 'string[] | Promise<string[]>'.
          Type 'Promise<unknown[]>' is not assignable to type 'Promise<string[]>'.
            Type 'unknown[]' is not assignable to type 'string[]'.
              Type 'unknown' is not assignable to type 'string'.
src/application/hooks/useTransactionCodes.ts(36,55): error TS7006: Parameter 'c' implicitly has an 'any' type.
src/application/hooks/useTransactions.ts(2,39): error TS2307: Cannot find module '@/infrastructure/repositories' or its corresponding type declarations.
src/application/hooks/useTransactions.ts(3,26): error TS2307: Cannot find module '@/shared/hooks/useToast' or its corresponding type declarations.
src/application/hooks/useTransactions.ts(4,45): error TS2307: Cannot find module '@/shared/utils/errorHandler' or its corresponding type declarations.
src/application/hooks/useTransactions.ts(5,24): error TS2307: Cannot find module '@/shared/utils/logger' or its corresponding type declarations.
src/application/hooks/useTransactions.ts(6,27): error TS2307: Cannot find module '@/infrastructure/api/queryKeys' or its corresponding type declarations.
src/application/hooks/useTransactions.ts(7,96): error TS2307: Cannot find module '@/domain/types' or its corresponding type declarations.
src/application/hooks/useUserPreferences.ts(2,43): error TS2307: Cannot find module '@/infrastructure/repositories/userPreferences.repository' or its corresponding type declarations.
src/application/hooks/useUserPreferences.ts(3,38): error TS2307: Cannot find module '@/domain/types/user.types' or its corresponding type declarations.
src/application/hooks/useWeeklyPerformance.ts(3,45): error TS2307: Cannot find module '@/infrastructure/repositories/portfolioSnapshot.repository' or its corresponding type declarations.
src/application/hooks/useWeeklyPerformance.ts(4,27): error TS2307: Cannot find module '@/infrastructure/api/queryKeys' or its corresponding type declarations.
src/application/hooks/useWinRateMetrics.ts(2,64): error TS2307: Cannot find module '@/infrastructure/services/performanceMetricsService' or its corresponding type declarations.
src/application/hooks/useWinRateMetrics.ts(3,27): error TS2307: Cannot find module '@/infrastructure/api/queryKeys' or its corresponding type declarations.
src/application/stores/auth.store.ts(80,9): error TS6133: 'cleanup' is declared but its value is never read.
src/domain/types/index.ts(11,1): error TS2308: Module './asset.types' has already exported a member named 'AssetType'. Consider explicitly re-exporting to resolve the ambiguity.
src/domain/types/index.ts(11,1): error TS2308: Module './asset.types' has already exported a member named 'OptionType'. Consider explicitly re-exporting to resolve the ambiguity.
src/domain/types/index.ts(11,1): error TS2308: Module './cash.types' has already exported a member named 'CashBalance'. Consider explicitly re-exporting to resolve the ambiguity.
src/domain/types/index.ts(11,1): error TS2308: Module './cash.types' has already exported a member named 'CashTransaction'. Consider explicitly re-exporting to resolve the ambiguity.
src/infrastructure/analytics/analytics.ts(9,21): error TS2307: Cannot find module '@/shared/utils/envValidation' or its corresponding type declarations.
src/infrastructure/analytics/analytics.ts(254,18): error TS2339: Property 'increment' does not exist on type 'typeof import("D:/Repo/strikepointv4/node_modules/@sentry/core/build/types/metrics/public-api")'.
src/infrastructure/api/queryClient.ts(2,44): error TS2307: Cannot find module '@/shared/utils/errorHandler' or its corresponding type declarations.
src/infrastructure/api/queryClient.ts(25,7): error TS2353: Object literal may only specify known properties, and 'onError' does not exist in type 'OmitKeyof<QueryObserverOptions<unknown, Error, unknown, unknown, readonly unknown[], never>, "suspense" | "queryKey", "strictly">'.
src/infrastructure/api/queryClient.ts(25,17): error TS7006: Parameter 'error' implicitly has an 'any' type.
src/infrastructure/api/queryKeys.ts(9,114): error TS2307: Cannot find module '@/domain/types' or its corresponding type declarations.
src/infrastructure/api/queryKeys.ts(10,32): error TS2307: Cannot find module '@/domain/types/asset.types' or its corresponding type declarations.
src/infrastructure/api/supabase.ts(2,30): error TS2307: Cannot find module '@/shared/utils/envValidation' or its corresponding type declarations.
src/infrastructure/monitoring/performance.ts(10,21): error TS2307: Cannot find module '@/shared/utils/envValidation' or its corresponding type declarations.
src/infrastructure/monitoring/performance.ts(42,5): error TS2353: Object literal may only specify known properties, and 'tags' does not exist in type 'MetricOptions'.
src/infrastructure/monitoring/performance.ts(127,7): error TS2353: Object literal may only specify known properties, and 'tags' does not exist in type 'MetricOptions'.
src/infrastructure/monitoring/sentry.ts(10,21): error TS2307: Cannot find module '@/shared/utils/envValidation' or its corresponding type declarations.
src/infrastructure/monitoring/sentry.ts(39,11): error TS2353: Object literal may only specify known properties, and 'tracePropagationTargets' does not exist in type 'Partial<BrowserTracingOptions>'.
src/infrastructure/monitoring/sentry.ts(104,52): error TS2339: Property 'name' does not exist on type '{}'.
src/infrastructure/repositories/aiInsight.repository.ts(2,24): error TS2307: Cannot find module '@/shared/utils/logger' or its corresponding type declarations.
src/infrastructure/repositories/aiInsight.repository.ts(3,32): error TS2307: Cannot find module '@/domain/types' or its corresponding type declarations.
src/infrastructure/repositories/cashBalance.repository.ts(2,38): error TS2307: Cannot find module '@/shared/utils/errorHandler' or its corresponding type declarations.
src/infrastructure/repositories/cashBalance.repository.ts(6,3): error TS6196: 'CashBalanceUpdate' is declared but never used.
src/infrastructure/repositories/cashBalance.repository.ts(7,3): error TS6196: 'Transaction' is declared but never used.
src/infrastructure/repositories/cashBalance.repository.ts(8,8): error TS2307: Cannot find module '@/domain/types' or its corresponding type declarations.
src/infrastructure/repositories/cashBalance.repository.ts(29,75): error TS2554: Expected 0-1 arguments, but got 2.
src/infrastructure/repositories/cashBalance.repository.ts(51,77): error TS2554: Expected 0-1 arguments, but got 2.
src/infrastructure/repositories/cashBalance.repository.ts(84,77): error TS2554: Expected 0-1 arguments, but got 2.
src/infrastructure/repositories/cashBalance.repository.ts(108,69): error TS2554: Expected 0-1 arguments, but got 2.
src/infrastructure/repositories/cashBalance.repository.ts(144,13): error TS6133: 'processDate' is declared but its value is never read.
src/infrastructure/repositories/cashBalance.repository.ts(145,13): error TS6133: 'activityDate' is declared but its value is never read.
src/infrastructure/repositories/cashBalance.repository.ts(260,77): error TS2554: Expected 0-1 arguments, but got 2.
src/infrastructure/repositories/cashBalance.repository.ts(279,75): error TS2554: Expected 0-1 arguments, but got 2.
src/infrastructure/repositories/cashTransaction.repository.ts(2,24): error TS2307: Cannot find module '@/shared/utils/logger' or its corresponding type declarations.
src/infrastructure/repositories/cashTransaction.repository.ts(7,8): error TS2307: Cannot find module '@/domain/types' or its corresponding type declarations.
src/infrastructure/repositories/futuresContractSpec.repository.ts(2,38): error TS2307: Cannot find module '@/shared/utils/errorHandler' or its corresponding type declarations.
src/infrastructure/repositories/futuresContractSpec.repository.ts(7,8): error TS2307: Cannot find module '@/domain/types' or its corresponding type declarations.
src/infrastructure/repositories/futuresContractSpec.repository.ts(37,84): error TS2554: Expected 0-1 arguments, but got 2.
src/infrastructure/repositories/futuresContractSpec.repository.ts(79,91): error TS2554: Expected 0-1 arguments, but got 2.
src/infrastructure/repositories/futuresContractSpec.repository.ts(118,85): error TS2554: Expected 0-1 arguments, but got 2.
src/infrastructure/repositories/futuresContractSpec.repository.ts(136,85): error TS2554: Expected 0-1 arguments, but got 2.
src/infrastructure/repositories/futuresContractSpec.repository.ts(155,83): error TS2554: Expected 0-1 arguments, but got 2.
src/infrastructure/repositories/futuresContractSpec.repository.ts(178,83): error TS2554: Expected 0-1 arguments, but got 2.
src/infrastructure/repositories/futuresContractSpec.repository.ts(204,85): error TS2554: Expected 0-1 arguments, but got 2.
src/infrastructure/repositories/futuresContractSpec.repository.ts(223,84): error TS2554: Expected 0-1 arguments, but got 2.
src/infrastructure/repositories/futuresContractSpec.repository.ts(246,84): error TS2554: Expected 0-1 arguments, but got 2.
src/infrastructure/repositories/futuresContractSpec.repository.ts(279,84): error TS2554: Expected 0-1 arguments, but got 2.
src/infrastructure/repositories/futuresContractSpec.repository.ts(307,84): error TS2554: Expected 0-1 arguments, but got 2.
src/infrastructure/repositories/futuresContractSpec.repository.ts(326,90): error TS2554: Expected 0-1 arguments, but got 2.
src/infrastructure/repositories/journal.repository.ts(2,38): error TS2307: Cannot find module '@/shared/utils/errorHandler' or its corresponding type declarations.
src/infrastructure/repositories/journal.repository.ts(3,80): error TS2307: Cannot find module '@/domain/types' or its corresponding type declarations.
src/infrastructure/repositories/journal.repository.ts(148,77): error TS2554: Expected 0-1 arguments, but got 2.
src/infrastructure/repositories/journal.repository.ts(170,75): error TS2554: Expected 0-1 arguments, but got 2.
src/infrastructure/repositories/journal.repository.ts(189,76): error TS2554: Expected 0-1 arguments, but got 2.
src/infrastructure/repositories/journal.repository.ts(209,76): error TS2554: Expected 0-1 arguments, but got 2.
src/infrastructure/repositories/journal.repository.ts(227,76): error TS2554: Expected 0-1 arguments, but got 2.
src/infrastructure/repositories/journal.repository.ts(253,75): error TS2554: Expected 0-1 arguments, but got 2.
src/infrastructure/repositories/journal.repository.ts(285,32): error TS7006: Parameter 'emotion' implicitly has an 'any' type.
src/infrastructure/repositories/portfolioSnapshot.repository.ts(1,26): error TS2307: Cannot find module '@/infrastructure/api/supabase' or its corresponding type declarations.
src/infrastructure/repositories/position.repository.ts(2,38): error TS2307: Cannot find module '@/shared/utils/errorHandler' or its corresponding type declarations.
src/infrastructure/repositories/position.repository.ts(10,8): error TS2307: Cannot find module '@/domain/types' or its corresponding type declarations.
src/infrastructure/repositories/position.repository.ts(30,71): error TS2554: Expected 0-1 arguments, but got 2.
src/infrastructure/repositories/position.repository.ts(50,72): error TS2554: Expected 0-1 arguments, but got 2.
src/infrastructure/repositories/position.repository.ts(70,70): error TS2554: Expected 0-1 arguments, but got 2.
src/infrastructure/repositories/position.repository.ts(111,71): error TS2554: Expected 0-1 arguments, but got 2.
src/infrastructure/repositories/position.repository.ts(129,76): error TS2554: Expected 0-1 arguments, but got 2.
src/infrastructure/repositories/position.repository.ts(206,74): error TS2554: Expected 0-1 arguments, but got 2.
src/infrastructure/repositories/position.repository.ts(226,71): error TS2554: Expected 0-1 arguments, but got 2.
src/infrastructure/repositories/position.repository.ts(300,71): error TS2554: Expected 0-1 arguments, but got 2.
src/infrastructure/repositories/position.repository.ts(357,71): error TS2554: Expected 0-1 arguments, but got 2.
src/infrastructure/repositories/position.repository.ts(385,72): error TS2554: Expected 0-1 arguments, but got 2.
src/infrastructure/repositories/position.repository.ts(443,80): error TS2554: Expected 0-1 arguments, but got 2.
src/infrastructure/repositories/strategy.repository.ts(2,38): error TS2307: Cannot find module '@/shared/utils/errorHandler' or its corresponding type declarations.
src/infrastructure/repositories/strategy.repository.ts(10,8): error TS2307: Cannot find module '@/domain/types' or its corresponding type declarations.
src/infrastructure/repositories/strategy.repository.ts(30,71): error TS2554: Expected 0-1 arguments, but got 2.
src/infrastructure/repositories/strategy.repository.ts(50,73): error TS2554: Expected 0-1 arguments, but got 2.
src/infrastructure/repositories/strategy.repository.ts(70,70): error TS2554: Expected 0-1 arguments, but got 2.
src/infrastructure/repositories/strategy.repository.ts(107,72): error TS2554: Expected 0-1 arguments, but got 2.
src/infrastructure/repositories/strategy.repository.ts(139,80): error TS2554: Expected 0-1 arguments, but got 2.
src/infrastructure/repositories/strategy.repository.ts(166,71): error TS2554: Expected 0-1 arguments, but got 2.
src/infrastructure/repositories/strategy.repository.ts(245,80): error TS2554: Expected 0-1 arguments, but got 2.
src/infrastructure/repositories/strategy.repository.ts(260,71): error TS2554: Expected 0-1 arguments, but got 2.
src/infrastructure/repositories/strategy.repository.ts(286,72): error TS2554: Expected 0-1 arguments, but got 2.
src/infrastructure/repositories/strategy.repository.ts(338,81): error TS2554: Expected 0-1 arguments, but got 2.
src/infrastructure/repositories/strategy.repository.ts(358,73): error TS2554: Expected 0-1 arguments, but got 2.
src/infrastructure/repositories/transaction.repository.ts(2,24): error TS2307: Cannot find module '@/shared/utils/logger' or its corresponding type declarations.
src/infrastructure/repositories/transaction.repository.ts(3,38): error TS2307: Cannot find module '@/shared/utils/errorHandler' or its corresponding type declarations.
src/infrastructure/repositories/transaction.repository.ts(4,80): error TS2307: Cannot find module '@/shared/utils/validationSchemas' or its corresponding type declarations.
src/infrastructure/repositories/transaction.repository.ts(11,8): error TS2307: Cannot find module '@/domain/types' or its corresponding type declarations.
src/infrastructure/repositories/transaction.repository.ts(38,74): error TS2554: Expected 0-1 arguments, but got 2.
src/infrastructure/repositories/transaction.repository.ts(67,75): error TS2554: Expected 0-1 arguments, but got 2.
src/infrastructure/repositories/transaction.repository.ts(87,73): error TS2554: Expected 0-1 arguments, but got 2.
src/infrastructure/repositories/transaction.repository.ts(133,74): error TS2554: Expected 0-1 arguments, but got 2.
src/infrastructure/repositories/transaction.repository.ts(152,74): error TS2554: Expected 0-1 arguments, but got 2.
src/infrastructure/repositories/transaction.repository.ts(181,69): error TS2554: Expected 0-1 arguments, but got 2.
src/infrastructure/repositories/transaction.repository.ts(222,81): error TS2554: Expected 0-1 arguments, but got 2.
src/infrastructure/repositories/transaction.repository.ts(249,74): error TS2554: Expected 0-1 arguments, but got 2.
src/infrastructure/repositories/transaction.repository.ts(280,75): error TS2554: Expected 0-1 arguments, but got 2.
src/infrastructure/repositories/transaction.repository.ts(336,88): error TS2554: Expected 0-1 arguments, but got 2.
src/infrastructure/repositories/transaction.repository.ts(379,74): error TS2554: Expected 0-1 arguments, but got 2.
src/infrastructure/repositories/transaction.repository.ts(547,72): error TS2554: Expected 0-1 arguments, but got 2.
src/infrastructure/repositories/transactionCode.repository.ts(2,38): error TS2307: Cannot find module '@/shared/utils/errorHandler' or its corresponding type declarations.
src/infrastructure/repositories/transactionCode.repository.ts(3,38): error TS2307: Cannot find module '@/domain/types' or its corresponding type declarations.
src/infrastructure/repositories/transactionCode.repository.ts(23,79): error TS2554: Expected 0-1 arguments, but got 2.
src/infrastructure/repositories/transactionCode.repository.ts(42,79): error TS2554: Expected 0-1 arguments, but got 2.
src/infrastructure/repositories/transactionCode.repository.ts(64,78): error TS2554: Expected 0-1 arguments, but got 2.
src/infrastructure/repositories/userPreferences.repository.ts(1,26): error TS2307: Cannot find module '@/infrastructure/api/supabase' or its corresponding type declarations.
src/infrastructure/repositories/userPreferences.repository.ts(2,38): error TS2307: Cannot find module '@/domain/types/user.types' or its corresponding type declarations.
src/infrastructure/services/aiInsightGenerationService.ts(2,24): error TS2307: Cannot find module '@/shared/utils/logger' or its corresponding type declarations.
src/infrastructure/services/cashBalanceService.ts(2,41): error TS6196: 'CashBalanceInsert' is declared but never used.
src/infrastructure/services/cashBalanceService.ts(2,66): error TS2307: Cannot find module '@/domain/types' or its corresponding type declarations.
src/infrastructure/services/cryptoCashIntegrationService.ts(3,57): error TS2307: Cannot find module '@/domain/types' or its corresponding type declarations.
src/infrastructure/services/cryptoMarketDataService.ts(11,21): error TS2307: Cannot find module '@/shared/utils/envValidation' or its corresponding type declarations.
src/infrastructure/services/cryptoMarketDataService.ts(12,24): error TS2307: Cannot find module '@/shared/utils/logger' or its corresponding type declarations.
src/infrastructure/services/cryptoMarketDataService.ts(263,15): error TS2484: Export declaration conflicts with exported declaration of 'CryptoSearchResult'.
src/infrastructure/services/cryptoMarketDataService.ts(263,35): error TS2484: Export declaration conflicts with exported declaration of 'CryptoQuote'.
src/infrastructure/services/futuresCashIntegrationService.ts(4,57): error TS2307: Cannot find module '@/domain/types' or its corresponding type declarations.
src/infrastructure/services/futuresCashIntegrationService.ts(5,37): error TS2307: Cannot find module '@/domain/types/futures.types' or its corresponding type declarations.
src/infrastructure/services/futuresCashIntegrationService.ts(6,24): error TS2307: Cannot find module '@/shared/utils/logger' or its corresponding type declarations.
src/infrastructure/services/insightDataAggregationService.ts(1,39): error TS2307: Cannot find module '@/infrastructure/repositories/transaction.repository' or its corresponding type declarations.
src/infrastructure/services/insightDataAggregationService.ts(2,36): error TS2307: Cannot find module '@/infrastructure/repositories/position.repository' or its corresponding type declarations.
src/infrastructure/services/insightDataAggregationService.ts(3,43): error TS2307: Cannot find module '@/infrastructure/repositories/cashTransaction.repository' or its corresponding type declarations.
src/infrastructure/services/insightDataAggregationService.ts(4,61): error TS2307: Cannot find module '@/domain/types' or its corresponding type declarations.
src/infrastructure/services/insightDataAggregationService.ts(111,47): error TS7006: Parameter 'p' implicitly has an 'any' type.
src/infrastructure/services/insightDataAggregationService.ts(112,49): error TS7006: Parameter 'p' implicitly has an 'any' type.
src/infrastructure/services/insightDataAggregationService.ts(113,58): error TS7006: Parameter 'p' implicitly has an 'any' type.
src/infrastructure/services/insightDataAggregationService.ts(119,49): error TS7006: Parameter 'p' implicitly has an 'any' type.
src/infrastructure/services/insightDataAggregationService.ts(120,50): error TS7006: Parameter 'p' implicitly has an 'any' type.
src/infrastructure/services/insightDataAggregationService.ts(121,50): error TS7006: Parameter 'p' implicitly has an 'any' type.
src/infrastructure/services/insightDataAggregationService.ts(122,51): error TS7006: Parameter 'p' implicitly has an 'any' type.
src/infrastructure/services/insightDataAggregationService.ts(125,53): error TS7006: Parameter 'sum' implicitly has an 'any' type.
src/infrastructure/services/insightDataAggregationService.ts(125,58): error TS7006: Parameter 'p' implicitly has an 'any' type.
src/infrastructure/services/insightDataAggregationService.ts(126,53): error TS7006: Parameter 'sum' implicitly has an 'any' type.
src/infrastructure/services/insightDataAggregationService.ts(126,58): error TS7006: Parameter 'p' implicitly has an 'any' type.
src/infrastructure/services/insightDataAggregationService.ts(128,15): error TS7006: Parameter 'tx' implicitly has an 'any' type.
src/infrastructure/services/insightDataAggregationService.ts(129,16): error TS7006: Parameter 'sum' implicitly has an 'any' type.
src/infrastructure/services/insightDataAggregationService.ts(129,21): error TS7006: Parameter 'tx' implicitly has an 'any' type.
src/infrastructure/services/insightDataAggregationService.ts(133,15): error TS7006: Parameter 'tx' implicitly has an 'any' type.
src/infrastructure/services/insightDataAggregationService.ts(134,16): error TS7006: Parameter 'sum' implicitly has an 'any' type.
src/infrastructure/services/insightDataAggregationService.ts(134,21): error TS7006: Parameter 'tx' implicitly has an 'any' type.
src/infrastructure/services/insightDataAggregationService.ts(138,27): error TS7006: Parameter 'p' implicitly has an 'any' type.
src/infrastructure/services/insightDataAggregationService.ts(157,55): error TS7006: Parameter 't' implicitly has an 'any' type.
src/infrastructure/services/insightDataAggregationService.ts(163,32): error TS7006: Parameter 't' implicitly has an 'any' type.
src/infrastructure/services/insightDataAggregationService.ts(174,52): error TS7006: Parameter 'sum' implicitly has an 'any' type.
src/infrastructure/services/insightDataAggregationService.ts(174,57): error TS7006: Parameter 't' implicitly has an 'any' type.
src/infrastructure/services/insightDataAggregationService.ts(179,56): error TS7006: Parameter 'p' implicitly has an 'any' type.
src/infrastructure/services/insightDataAggregationService.ts(184,60): error TS7006: Parameter 'sum' implicitly has an 'any' type.
src/infrastructure/services/insightDataAggregationService.ts(184,65): error TS7006: Parameter 'p' implicitly has an 'any' type.
src/infrastructure/services/insightDataAggregationService.ts(192,15): error TS7006: Parameter 'tx' implicitly has an 'any' type.
src/infrastructure/services/insightDataAggregationService.ts(193,16): error TS7006: Parameter 'sum' implicitly has an 'any' type.
src/infrastructure/services/insightDataAggregationService.ts(193,21): error TS7006: Parameter 'tx' implicitly has an 'any' type.
src/infrastructure/services/insightDataAggregationService.ts(196,15): error TS7006: Parameter 'tx' implicitly has an 'any' type.
src/infrastructure/services/insightDataAggregationService.ts(197,16): error TS7006: Parameter 'sum' implicitly has an 'any' type.
src/infrastructure/services/insightDataAggregationService.ts(197,21): error TS7006: Parameter 'tx' implicitly has an 'any' type.
src/infrastructure/services/insightDataAggregationService.ts(200,15): error TS7006: Parameter 'tx' implicitly has an 'any' type.
src/infrastructure/services/insightDataAggregationService.ts(204,15): error TS7006: Parameter 'tx' implicitly has an 'any' type.
src/infrastructure/services/insightDataAggregationService.ts(205,16): error TS7006: Parameter 'sum' implicitly has an 'any' type.
src/infrastructure/services/insightDataAggregationService.ts(205,21): error TS7006: Parameter 'tx' implicitly has an 'any' type.
src/infrastructure/services/insightDataAggregationService.ts(209,27): error TS7006: Parameter 'p' implicitly has an 'any' type.
src/infrastructure/services/insightDataAggregationService.ts(228,52): error TS7006: Parameter 'p' implicitly has an 'any' type.
src/infrastructure/services/insightDataAggregationService.ts(235,56): error TS7006: Parameter 'p' implicitly has an 'any' type.
src/infrastructure/services/insightDataAggregationService.ts(243,55): error TS7006: Parameter 'p' implicitly has an 'any' type.
src/infrastructure/services/insightDataAggregationService.ts(246,11): error TS6133: 'last7DaysTransactions' is declared but its value is never read.
src/infrastructure/services/insightDataAggregationService.ts(246,58): error TS7006: Parameter 't' implicitly has an 'any' type.
src/infrastructure/services/insightDataAggregationService.ts(251,52): error TS7006: Parameter 'p' implicitly has an 'any' type.
src/infrastructure/services/insightDataAggregationService.ts(256,53): error TS7006: Parameter 'p' implicitly has an 'any' type.
src/infrastructure/services/insightDataAggregationService.ts(261,55): error TS7006: Parameter 'sum' implicitly has an 'any' type.
src/infrastructure/services/insightDataAggregationService.ts(261,60): error TS7006: Parameter 'p' implicitly has an 'any' type.
src/infrastructure/services/insightDataAggregationService.ts(262,57): error TS7006: Parameter 'sum' implicitly has an 'any' type.
src/infrastructure/services/insightDataAggregationService.ts(262,62): error TS7006: Parameter 'p' implicitly has an 'any' type.
src/infrastructure/services/insightDataAggregationService.ts(293,58): error TS7006: Parameter 'sum' implicitly has an 'any' type.
src/infrastructure/services/insightDataAggregationService.ts(293,63): error TS7006: Parameter 'p' implicitly has an 'any' type.
src/infrastructure/services/marketDataService.ts(12,21): error TS2307: Cannot find module '@/shared/utils/envValidation' or its corresponding type declarations.
src/infrastructure/services/marketDataService.ts(13,24): error TS2307: Cannot find module '@/shared/utils/logger' or its corresponding type declarations.
src/infrastructure/services/marketDataService.ts(288,99): error TS2307: Cannot find module '@/domain/types' or its corresponding type declarations.
src/infrastructure/services/marketDataService.ts(347,46): error TS2307: Cannot find module '@/domain/types' or its corresponding type declarations.
src/infrastructure/services/optionsCashIntegrationService.ts(3,57): error TS2307: Cannot find module '@/domain/types' or its corresponding type declarations.
src/infrastructure/services/optionsMarketDataService.ts(7,66): error TS2307: Cannot find module '@/domain/types' or its corresponding type declarations.
src/infrastructure/services/optionsMarketDataService.ts(10,21): error TS2307: Cannot find module '@/shared/utils/envValidation' or its corresponding type declarations.
src/infrastructure/services/optionsMarketDataService.ts(11,24): error TS2307: Cannot find module '@/shared/utils/logger' or its corresponding type declarations.
src/infrastructure/services/performanceMetricsService.ts(1,36): error TS2307: Cannot find module '@/infrastructure/repositories/position.repository' or its corresponding type declarations.
src/infrastructure/services/performanceMetricsService.ts(2,36): error TS2307: Cannot find module '@/infrastructure/repositories/strategy.repository' or its corresponding type declarations.
src/infrastructure/services/performanceMetricsService.ts(3,45): error TS2307: Cannot find module '@/infrastructure/repositories/portfolioSnapshot.repository' or its corresponding type declarations.
src/infrastructure/services/performanceMetricsService.ts(4,43): error TS2307: Cannot find module '@/infrastructure/repositories/cashTransaction.repository' or its corresponding type declarations.
src/infrastructure/services/performanceMetricsService.ts(5,31): error TS2307: Cannot find module '@/domain/types' or its corresponding type declarations.
src/infrastructure/services/performanceMetricsService.ts(6,32): error TS2307: Cannot find module '@/domain/types/asset.types' or its corresponding type declarations.
src/infrastructure/services/performanceMetricsService.ts(72,60): error TS7006: Parameter 's' implicitly has an 'any' type.
src/infrastructure/services/performanceMetricsService.ts(85,53): error TS7006: Parameter 'p' implicitly has an 'any' type.
src/infrastructure/services/performanceMetricsService.ts(87,60): error TS7006: Parameter 'p' implicitly has an 'any' type.
src/infrastructure/services/performanceMetricsService.ts(90,58): error TS7006: Parameter 'sum' implicitly has an 'any' type.
src/infrastructure/services/performanceMetricsService.ts(90,63): error TS7006: Parameter 'p' implicitly has an 'any' type.
src/infrastructure/services/performanceMetricsService.ts(104,48): error TS7006: Parameter 's' implicitly has an 'any' type.
src/infrastructure/services/performanceMetricsService.ts(117,8): error TS7006: Parameter 'p' implicitly has an 'any' type.
src/infrastructure/services/performanceMetricsService.ts(135,65): error TS7006: Parameter 'sum' implicitly has an 'any' type.
src/infrastructure/services/performanceMetricsService.ts(135,70): error TS7006: Parameter 's' implicitly has an 'any' type.
src/infrastructure/services/performanceMetricsService.ts(138,76): error TS7006: Parameter 'sum' implicitly has an 'any' type.
src/infrastructure/services/performanceMetricsService.ts(138,81): error TS7006: Parameter 'p' implicitly has an 'any' type.
src/infrastructure/services/performanceMetricsService.ts(146,48): error TS7006: Parameter 'p' implicitly has an 'any' type.
src/infrastructure/services/performanceMetricsService.ts(147,48): error TS7006: Parameter 'sum' implicitly has an 'any' type.
src/infrastructure/services/performanceMetricsService.ts(147,53): error TS7006: Parameter 'p' implicitly has an 'any' type.
src/infrastructure/services/performanceMetricsService.ts(164,16): error TS7006: Parameter 'tx' implicitly has an 'any' type.
src/infrastructure/services/performanceMetricsService.ts(165,16): error TS7006: Parameter 'tx' implicitly has an 'any' type.
src/infrastructure/services/performanceMetricsService.ts(166,16): error TS7006: Parameter 'sum' implicitly has an 'any' type.
src/infrastructure/services/performanceMetricsService.ts(166,21): error TS7006: Parameter 'tx' implicitly has an 'any' type.
src/infrastructure/services/performanceMetricsService.ts(174,16): error TS7006: Parameter 'tx' implicitly has an 'any' type.
src/infrastructure/services/performanceMetricsService.ts(175,16): error TS7006: Parameter 'sum' implicitly has an 'any' type.
src/infrastructure/services/performanceMetricsService.ts(175,21): error TS7006: Parameter 'tx' implicitly has an 'any' type.
src/infrastructure/services/performanceMetricsService.ts(205,64): error TS7006: Parameter 's' implicitly has an 'any' type.
src/infrastructure/services/performanceMetricsService.ts(206,63): error TS7006: Parameter 's' implicitly has an 'any' type.
src/infrastructure/services/performanceMetricsService.ts(213,53): error TS7006: Parameter 's' implicitly has an 'any' type.
src/infrastructure/services/performanceMetricsService.ts(214,61): error TS7006: Parameter 'p' implicitly has an 'any' type.
src/infrastructure/services/performanceMetricsService.ts(215,51): error TS7006: Parameter 's' implicitly has an 'any' type.
src/infrastructure/services/performanceMetricsService.ts(216,60): error TS7006: Parameter 'p' implicitly has an 'any' type.
src/infrastructure/services/performanceMetricsService.ts(316,31): error TS7006: Parameter 's' implicitly has an 'any' type.
src/infrastructure/services/performanceMetricsService.ts(318,57): error TS7006: Parameter 'p' implicitly has an 'any' type.
src/infrastructure/services/performanceMetricsService.ts(332,62): error TS7006: Parameter 'p' implicitly has an 'any' type.
src/infrastructure/services/performanceMetricsService.ts(335,60): error TS7006: Parameter 'sum' implicitly has an 'any' type.
src/infrastructure/services/performanceMetricsService.ts(335,65): error TS7006: Parameter 'p' implicitly has an 'any' type.
src/infrastructure/services/performanceMetricsService.ts(350,50): error TS7006: Parameter 's' implicitly has an 'any' type.
src/infrastructure/services/performanceMetricsService.ts(355,42): error TS7006: Parameter 'p' implicitly has an 'any' type.
src/infrastructure/services/performanceMetricsService.ts(365,8): error TS7006: Parameter 'p' implicitly has an 'any' type.
src/infrastructure/services/performanceMetricsService.ts(385,65): error TS7006: Parameter 'sum' implicitly has an 'any' type.
src/infrastructure/services/performanceMetricsService.ts(385,70): error TS7006: Parameter 's' implicitly has an 'any' type.
src/infrastructure/services/performanceMetricsService.ts(388,76): error TS7006: Parameter 'sum' implicitly has an 'any' type.
src/infrastructure/services/performanceMetricsService.ts(388,81): error TS7006: Parameter 'p' implicitly has an 'any' type.
src/infrastructure/services/performanceMetricsService.ts(395,48): error TS7006: Parameter 'p' implicitly has an 'any' type.
src/infrastructure/services/performanceMetricsService.ts(396,48): error TS7006: Parameter 'sum' implicitly has an 'any' type.
src/infrastructure/services/performanceMetricsService.ts(396,53): error TS7006: Parameter 'p' implicitly has an 'any' type.
src/infrastructure/services/performanceMetricsService.ts(411,16): error TS7006: Parameter 'tx' implicitly has an 'any' type.
src/infrastructure/services/performanceMetricsService.ts(412,16): error TS7006: Parameter 'tx' implicitly has an 'any' type.
src/infrastructure/services/performanceMetricsService.ts(413,16): error TS7006: Parameter 'sum' implicitly has an 'any' type.
src/infrastructure/services/performanceMetricsService.ts(413,21): error TS7006: Parameter 'tx' implicitly has an 'any' type.
src/infrastructure/services/performanceMetricsService.ts(420,16): error TS7006: Parameter 'tx' implicitly has an 'any' type.
src/infrastructure/services/performanceMetricsService.ts(421,16): error TS7006: Parameter 'sum' implicitly has an 'any' type.
src/infrastructure/services/performanceMetricsService.ts(421,21): error TS7006: Parameter 'tx' implicitly has an 'any' type.
src/infrastructure/services/performanceMetricsService.ts(448,64): error TS7006: Parameter 's' implicitly has an 'any' type.
src/infrastructure/services/performanceMetricsService.ts(449,63): error TS7006: Parameter 's' implicitly has an 'any' type.
src/infrastructure/services/performanceMetricsService.ts(456,53): error TS7006: Parameter 's' implicitly has an 'any' type.
src/infrastructure/services/performanceMetricsService.ts(457,61): error TS7006: Parameter 'p' implicitly has an 'any' type.
src/infrastructure/services/performanceMetricsService.ts(458,51): error TS7006: Parameter 's' implicitly has an 'any' type.
src/infrastructure/services/performanceMetricsService.ts(459,60): error TS7006: Parameter 'p' implicitly has an 'any' type.
src/infrastructure/services/performanceMetricsService.ts(535,8): error TS7006: Parameter 'p' implicitly has an 'any' type.
src/infrastructure/services/performanceMetricsService.ts(543,65): error TS7006: Parameter 'p' implicitly has an 'any' type.
src/infrastructure/services/performanceMetricsService.ts(555,38): error TS7006: Parameter 'p' implicitly has an 'any' type.
src/infrastructure/services/performanceMetricsService.ts(606,8): error TS7006: Parameter 'p' implicitly has an 'any' type.
src/infrastructure/services/performanceMetricsService.ts(616,38): error TS7006: Parameter 'p' implicitly has an 'any' type.
src/infrastructure/services/performanceMetricsService.ts(665,30): error TS7006: Parameter 'p' implicitly has an 'any' type.
src/infrastructure/services/performanceMetricsService.ts(670,8): error TS7006: Parameter 'p' implicitly has an 'any' type.
src/infrastructure/services/performanceMetricsService.ts(674,53): error TS7006: Parameter 'p' implicitly has an 'any' type.
src/infrastructure/services/performanceMetricsService.ts(680,38): error TS7006: Parameter 'p' implicitly has an 'any' type.
src/infrastructure/services/performanceMetricsService.ts(690,28): error TS7006: Parameter 'p' implicitly has an 'any' type.
src/infrastructure/services/performanceMetricsService.ts(742,30): error TS7006: Parameter 'p' implicitly has an 'any' type.
src/infrastructure/services/performanceMetricsService.ts(758,54): error TS7006: Parameter 'p' implicitly has an 'any' type.
src/infrastructure/services/performanceMetricsService.ts(763,39): error TS7006: Parameter 'sum' implicitly has an 'any' type.
src/infrastructure/services/performanceMetricsService.ts(763,44): error TS7006: Parameter 'p' implicitly has an 'any' type.
src/infrastructure/services/performanceMetricsService.ts(767,57): error TS7006: Parameter 'p' implicitly has an 'any' type.
src/infrastructure/services/performanceMetricsService.ts(768,42): error TS7006: Parameter 'sum' implicitly has an 'any' type.
src/infrastructure/services/performanceMetricsService.ts(768,47): error TS7006: Parameter 'p' implicitly has an 'any' type.
src/infrastructure/services/performanceMetricsService.ts(788,30): error TS7006: Parameter 'p' implicitly has an 'any' type.
src/infrastructure/services/performanceMetricsService.ts(793,8): error TS7006: Parameter 'p' implicitly has an 'any' type.
src/infrastructure/services/performanceMetricsService.ts(800,38): error TS7006: Parameter 'p' implicitly has an 'any' type.
src/infrastructure/services/performanceMetricsService.ts(908,50): error TS7006: Parameter 'p' implicitly has an 'any' type.
src/infrastructure/services/performanceMetricsService.ts(912,8): error TS7006: Parameter 'p' implicitly has an 'any' type.
src/infrastructure/services/performanceMetricsService.ts(916,59): error TS7006: Parameter 'p' implicitly has an 'any' type.
src/infrastructure/services/performanceMetricsService.ts(917,58): error TS7006: Parameter 'p' implicitly has an 'any' type.
src/infrastructure/services/performanceMetricsService.ts(920,42): error TS7006: Parameter 'sum' implicitly has an 'any' type.
src/infrastructure/services/performanceMetricsService.ts(920,47): error TS7006: Parameter 'p' implicitly has an 'any' type.
src/infrastructure/services/performanceMetricsService.ts(921,53): error TS7006: Parameter 'p' implicitly has an 'any' type.
src/infrastructure/services/performanceMetricsService.ts(922,52): error TS7006: Parameter 'p' implicitly has an 'any' type.
src/infrastructure/services/performanceMetricsService.ts(926,40): error TS7006: Parameter 'sum' implicitly has an 'any' type.
src/infrastructure/services/performanceMetricsService.ts(926,45): error TS7006: Parameter 'p' implicitly has an 'any' type.
src/infrastructure/services/performanceMetricsService.ts(927,51): error TS7006: Parameter 'p' implicitly has an 'any' type.
src/infrastructure/services/performanceMetricsService.ts(928,50): error TS7006: Parameter 'p' implicitly has an 'any' type.
src/infrastructure/services/performanceMetricsService.ts(961,50): error TS7006: Parameter 'p' implicitly has an 'any' type.
src/infrastructure/services/performanceMetricsService.ts(965,8): error TS7006: Parameter 'p' implicitly has an 'any' type.
src/infrastructure/services/performanceMetricsService.ts(972,38): error TS7006: Parameter 'p' implicitly has an 'any' type.
src/infrastructure/services/performanceMetricsService.ts(1028,50): error TS7006: Parameter 'p' implicitly has an 'any' type.
src/infrastructure/services/performanceMetricsService.ts(1032,8): error TS7006: Parameter 'p' implicitly has an 'any' type.
src/infrastructure/services/performanceMetricsService.ts(1038,38): error TS7006: Parameter 'p' implicitly has an 'any' type.
src/infrastructure/services/performanceMetricsService.ts(1106,8): error TS7006: Parameter 's' implicitly has an 'any' type.
src/infrastructure/services/performanceMetricsService.ts(1112,31): error TS7006: Parameter 's' implicitly has an 'any' type.
src/infrastructure/services/performanceMetricsService.ts(1122,54): error TS7006: Parameter 's' implicitly has an 'any' type.
src/infrastructure/services/performanceMetricsService.ts(1123,53): error TS7006: Parameter 's' implicitly has an 'any' type.
src/infrastructure/services/performanceMetricsService.ts(1124,44): error TS7006: Parameter 'sum' implicitly has an 'any' type.
src/infrastructure/services/performanceMetricsService.ts(1124,49): error TS7006: Parameter 's' implicitly has an 'any' type.
src/infrastructure/services/performanceMetricsService.ts(1129,46): error TS7006: Parameter 'sum' implicitly has an 'any' type.
src/infrastructure/services/performanceMetricsService.ts(1129,51): error TS7006: Parameter 's' implicitly has an 'any' type.
src/infrastructure/services/performanceMetricsService.ts(1160,52): error TS7006: Parameter 'p' implicitly has an 'any' type.
src/infrastructure/services/performanceMetricsService.ts(1164,8): error TS7006: Parameter 'p' implicitly has an 'any' type.
src/infrastructure/services/performanceMetricsService.ts(1170,38): error TS7006: Parameter 'p' implicitly has an 'any' type.
src/infrastructure/services/performanceMetricsService.ts(1217,50): error TS7006: Parameter 'p' implicitly has an 'any' type.
src/infrastructure/services/performanceMetricsService.ts(1221,8): error TS7006: Parameter 'p' implicitly has an 'any' type.
src/infrastructure/services/performanceMetricsService.ts(1227,28): error TS7006: Parameter 's' implicitly has an 'any' type.
src/infrastructure/services/performanceMetricsService.ts(1234,38): error TS7006: Parameter 'p' implicitly has an 'any' type.
src/infrastructure/services/performanceMetricsService.ts(1311,10): error TS7006: Parameter 's' implicitly has an 'any' type.
src/infrastructure/services/performanceMetricsService.ts(1317,43): error TS7006: Parameter 's' implicitly has an 'any' type.
src/infrastructure/services/performanceMetricsService.ts(1367,10): error TS7006: Parameter 's' implicitly has an 'any' type.
src/infrastructure/services/performanceMetricsService.ts(1422,30): error TS7006: Parameter 'p' implicitly has an 'any' type.
src/infrastructure/services/performanceMetricsService.ts(1427,8): error TS7006: Parameter 'p' implicitly has an 'any' type.
src/infrastructure/services/performanceMetricsService.ts(1433,38): error TS7006: Parameter 'p' implicitly has an 'any' type.
src/infrastructure/services/performanceMetricsService.ts(1470,30): error TS7006: Parameter 'p' implicitly has an 'any' type.
src/infrastructure/services/performanceMetricsService.ts(1476,61): error TS7006: Parameter 'p' implicitly has an 'any' type.
src/infrastructure/services/performanceMetricsService.ts(1483,61): error TS7006: Parameter 'p' implicitly has an 'any' type.
src/infrastructure/services/performanceMetricsService.ts(1503,52): error TS7006: Parameter 'p' implicitly has an 'any' type.
src/infrastructure/services/performanceMetricsService.ts(1507,8): error TS7006: Parameter 'p' implicitly has an 'any' type.
src/infrastructure/services/performanceMetricsService.ts(1513,38): error TS7006: Parameter 'p' implicitly has an 'any' type.
src/infrastructure/services/performanceMetricsService.ts(1573,51): error TS7006: Parameter 'p' implicitly has an 'any' type.
src/infrastructure/services/performanceMetricsService.ts(1577,8): error TS7006: Parameter 'p' implicitly has an 'any' type.
src/infrastructure/services/performanceMetricsService.ts(1583,38): error TS7006: Parameter 'p' implicitly has an 'any' type.
src/infrastructure/services/performanceMetricsService.ts(1626,51): error TS7006: Parameter 'p' implicitly has an 'any' type.
src/infrastructure/services/performanceMetricsService.ts(1630,8): error TS7006: Parameter 'p' implicitly has an 'any' type.
src/infrastructure/services/performanceMetricsService.ts(1636,38): error TS7006: Parameter 'p' implicitly has an 'any' type.
src/infrastructure/services/performanceMetricsService.ts(1677,50): error TS7006: Parameter 'p' implicitly has an 'any' type.
src/infrastructure/services/performanceMetricsService.ts(1681,8): error TS7006: Parameter 'p' implicitly has an 'any' type.
src/infrastructure/services/performanceMetricsService.ts(1687,38): error TS7006: Parameter 'p' implicitly has an 'any' type.
src/infrastructure/services/portfolioSnapshotService.ts(1,78): error TS2307: Cannot find module '@/infrastructure/repositories/portfolioSnapshot.repository' or its corresponding type declarations.
src/infrastructure/services/portfolioSnapshotService.ts(2,36): error TS2307: Cannot find module '@/infrastructure/repositories/position.repository' or its corresponding type declarations.
src/infrastructure/services/portfolioSnapshotService.ts(3,43): error TS2307: Cannot find module '@/infrastructure/repositories/cashTransaction.repository' or its corresponding type declarations.
src/infrastructure/services/portfolioSnapshotService.ts(4,32): error TS2307: Cannot find module '@/infrastructure/services/marketDataService' or its corresponding type declarations.
src/infrastructure/services/portfolioSnapshotService.ts(5,33): error TS2307: Cannot find module '@/infrastructure/services/cryptoMarketDataService' or its corresponding type declarations.
src/infrastructure/services/portfolioSnapshotService.ts(6,1): error TS6133: 'getOptionQuotes' is declared but its value is never read.
src/infrastructure/services/portfolioSnapshotService.ts(6,33): error TS2307: Cannot find module '@/infrastructure/services/optionsMarketDataService' or its corresponding type declarations.
src/infrastructure/services/portfolioSnapshotService.ts(7,31): error TS2307: Cannot find module '@/domain/types' or its corresponding type declarations.
src/infrastructure/services/portfolioSnapshotService.ts(31,48): error TS7006: Parameter 'p' implicitly has an 'any' type.
src/infrastructure/services/portfolioSnapshotService.ts(32,50): error TS7006: Parameter 'p' implicitly has an 'any' type.
src/infrastructure/services/portfolioSnapshotService.ts(38,16): error TS7006: Parameter 'tx' implicitly has an 'any' type.
src/infrastructure/services/portfolioSnapshotService.ts(39,16): error TS7006: Parameter 'sum' implicitly has an 'any' type.
src/infrastructure/services/portfolioSnapshotService.ts(39,21): error TS7006: Parameter 'tx' implicitly has an 'any' type.
src/infrastructure/services/portfolioSnapshotService.ts(54,15): error TS7006: Parameter 'p' implicitly has an 'any' type.
src/infrastructure/services/portfolioSnapshotService.ts(55,12): error TS7006: Parameter 'p' implicitly has an 'any' type.
src/infrastructure/services/portfolioSnapshotService.ts(72,15): error TS7006: Parameter 'p' implicitly has an 'any' type.
src/infrastructure/services/portfolioSnapshotService.ts(73,12): error TS7006: Parameter 'p' implicitly has an 'any' type.
src/infrastructure/services/portfolioSnapshotService.ts(130,15): error TS6133: 'multiplier' is declared but its value is never read.
src/infrastructure/services/portfolioSnapshotService.ts(131,15): error TS6133: 'avgPrice' is declared but its value is never read.
src/infrastructure/services/portfolioSnapshotService.ts(154,53): error TS7006: Parameter 'sum' implicitly has an 'any' type.
src/infrastructure/services/portfolioSnapshotService.ts(154,58): error TS7006: Parameter 'p' implicitly has an 'any' type.
src/infrastructure/services/positionMatchingService.ts(3,24): error TS2307: Cannot find module '@/shared/utils/logger' or its corresponding type declarations.
src/infrastructure/services/positionMatchingService.ts(4,60): error TS2307: Cannot find module '@/domain/types' or its corresponding type declarations.
src/infrastructure/services/positionMatchingService.ts(5,58): error TS2307: Cannot find module '@/domain/types/futures.types' or its corresponding type declarations.
src/infrastructure/services/positionMatchingService.ts(267,9): error TS6133: 'realizedPL' is declared but its value is never read.
src/infrastructure/services/stockCashIntegrationService.ts(3,57): error TS2307: Cannot find module '@/domain/types' or its corresponding type declarations.
src/infrastructure/services/storageService.ts(2,24): error TS2307: Cannot find module '@/shared/utils/logger' or its corresponding type declarations.
src/infrastructure/services/storageService.ts(67,13): error TS6133: 'data' is declared but its value is never read.
src/infrastructure/services/storageService.ts(105,13): error TS6133: 'data' is declared but its value is never read.
src/infrastructure/services/strategyDetectionService.ts(2,24): error TS2307: Cannot find module '@/shared/utils/logger' or its corresponding type declarations.
src/infrastructure/services/strategyDetectionService.ts(3,71): error TS2307: Cannot find module '@/domain/types' or its corresponding type declarations.
src/infrastructure/services/strategyDetectionService.ts(48,21): error TS6133: 'expiration' is declared but its value is never read.
src/infrastructure/services/strategyDetectionService.ts(58,21): error TS6133: 'expiration' is declared but its value is never read.
src/infrastructure/services/strategyDetectionService.ts(198,13): error TS6133: 'strategy' is declared but its value is never read.
src/infrastructure/services/stripe.service.ts(3,24): error TS2307: Cannot find module '@/shared/utils/logger' or its corresponding type declarations.
src/infrastructure/services/subscription.service.ts(4,24): error TS2307: Cannot find module '@/shared/utils/logger' or its corresponding type declarations.
src/infrastructure/services/transactionService.ts(10,24): error TS2307: Cannot find module '@/shared/utils/logger' or its corresponding type declarations.
src/infrastructure/services/transactionService.ts(11,53): error TS2307: Cannot find module '@/domain/types' or its corresponding type declarations.
src/presentation/components/AnalyticsTracker.tsx(8,31): error TS2307: Cannot find module '@/infrastructure/analytics/analytics' or its corresponding type declarations.
src/presentation/components/charts/BalanceOverTimeChart.tsx(1,10): error TS6133: 'LineChart' is declared but its value is never read.
src/presentation/components/charts/BalanceOverTimeChart.tsx(1,21): error TS6133: 'Line' is declared but its value is never read.
src/presentation/components/charts/BalanceOverTimeChart.tsx(2,42): error TS2307: Cannot find module '@/application/hooks/useBalanceOverTime' or its corresponding type declarations.
src/presentation/components/charts/BalanceOverTimeChart.tsx(3,32): error TS2307: Cannot find module '@/shared/utils/formatUtils' or its corresponding type declarations.
src/presentation/components/charts/CallPutChart.tsx(2,40): error TS2307: Cannot find module '@/application/hooks/useOptionsByType' or its corresponding type declarations.
src/presentation/components/charts/CallPutChart.tsx(3,32): error TS2307: Cannot find module '@/shared/utils/formatUtils' or its corresponding type declarations.
src/presentation/components/charts/CryptoCoinChart.tsx(2,48): error TS2307: Cannot find module '@/application/hooks/useCryptoCoinPerformance' or its corresponding type declarations.
src/presentation/components/charts/CryptoCoinChart.tsx(3,32): error TS2307: Cannot find module '@/shared/utils/formatUtils' or its corresponding type declarations.
src/presentation/components/charts/DailyPerformanceCalendar.tsx(2,32): error TS2307: Cannot find module '@/shared/utils/formatUtils' or its corresponding type declarations.
src/presentation/components/charts/DailyPerformanceCalendar.tsx(3,51): error TS2307: Cannot find module '@/application/hooks/useDailyPerformanceCalendar' or its corresponding type declarations.
src/presentation/components/charts/DailyPerformanceCalendar.tsx(4,36): error TS2307: Cannot find module '@/application/hooks/usePositionsByDate' or its corresponding type declarations.
src/presentation/components/charts/DailyPerformanceCalendar.tsx(5,32): error TS2307: Cannot find module '@/domain/types/asset.types' or its corresponding type declarations.
src/presentation/components/charts/DailyPerformanceCalendar.tsx(6,31): error TS2307: Cannot find module '@/domain/types' or its corresponding type declarations.
src/presentation/components/charts/DailyPerformanceCalendar.tsx(31,3): error TS6133: 'isLoading' is declared but its value is never read.
src/presentation/components/charts/DailyPerformanceCalendar.tsx(382,42): error TS7006: Parameter 'position' implicitly has an 'any' type.
src/presentation/components/charts/DayOfWeekChart.tsx(2,43): error TS2307: Cannot find module '@/application/hooks/useDayOfWeekPerformance' or its corresponding type declarations.
src/presentation/components/charts/DayOfWeekChart.tsx(3,32): error TS2307: Cannot find module '@/shared/utils/formatUtils' or its corresponding type declarations.
src/presentation/components/charts/DaysToExpirationChart.tsx(2,43): error TS2307: Cannot find module '@/application/hooks/useDaysToExpiration' or its corresponding type declarations.
src/presentation/components/charts/DaysToExpirationChart.tsx(3,32): error TS2307: Cannot find module '@/shared/utils/formatUtils' or its corresponding type declarations.
src/presentation/components/charts/DrawdownChart.tsx(1,10): error TS6133: 'LineChart' is declared but its value is never read.
src/presentation/components/charts/DrawdownChart.tsx(1,21): error TS6133: 'Line' is declared but its value is never read.
src/presentation/components/charts/DrawdownChart.tsx(2,43): error TS2307: Cannot find module '@/application/hooks/useDrawdownOverTime' or its corresponding type declarations.
src/presentation/components/charts/DrawdownChart.tsx(3,32): error TS2307: Cannot find module '@/shared/utils/formatUtils' or its corresponding type declarations.
src/presentation/components/charts/EntryTimeChart.tsx(2,47): error TS2307: Cannot find module '@/application/hooks/useEntryTimePerformance' or its corresponding type declarations.
src/presentation/components/charts/EntryTimeChart.tsx(3,32): error TS2307: Cannot find module '@/shared/utils/formatUtils' or its corresponding type declarations.
src/presentation/components/charts/EntryTimeChart.tsx(12,72): error TS6133: 'title' is declared but its value is never read.
src/presentation/components/charts/ExpirationStatusChart.tsx(2,43): error TS2307: Cannot find module '@/application/hooks/useExpirationStatus' or its corresponding type declarations.
src/presentation/components/charts/ExpirationStatusChart.tsx(3,32): error TS2307: Cannot find module '@/shared/utils/formatUtils' or its corresponding type declarations.
src/presentation/components/charts/FuturesContractMonthChart.tsx(2,58): error TS2307: Cannot find module '@/application/hooks/useFuturesContractMonthPerformance' or its corresponding type declarations.
src/presentation/components/charts/FuturesContractMonthChart.tsx(3,32): error TS2307: Cannot find module '@/shared/utils/formatUtils' or its corresponding type declarations.
src/presentation/components/charts/FuturesMarginEfficiencyChart.tsx(2,50): error TS2307: Cannot find module '@/application/hooks/useFuturesMarginEfficiency' or its corresponding type declarations.
src/presentation/components/charts/FuturesMarginEfficiencyChart.tsx(3,32): error TS2307: Cannot find module '@/shared/utils/formatUtils' or its corresponding type declarations.
src/presentation/components/charts/HoldingPeriodChart.tsx(2,52): error TS2307: Cannot find module '@/application/hooks/useHoldingPeriodDistribution' or its corresponding type declarations.
src/presentation/components/charts/HoldingPeriodChart.tsx(3,32): error TS2307: Cannot find module '@/shared/utils/formatUtils' or its corresponding type declarations.
src/presentation/components/charts/Last7DaysPLChart.tsx(2,38): error TS2307: Cannot find module '@/application/hooks/useLast7DaysPL' or its corresponding type declarations.
src/presentation/components/charts/Last7DaysPLChart.tsx(3,32): error TS2307: Cannot find module '@/shared/utils/formatUtils' or its corresponding type declarations.
src/presentation/components/charts/PLOverTimeChart.tsx(3,37): error TS2307: Cannot find module '@/application/hooks/usePLOverTime' or its corresponding type declarations.
src/presentation/components/charts/PLOverTimeChart.tsx(4,32): error TS2307: Cannot find module '@/shared/utils/formatUtils' or its corresponding type declarations.
src/presentation/components/charts/PLOverTimeChart.tsx(5,31): error TS2307: Cannot find module '@/presentation/components/SkeletonLoader' or its corresponding type declarations.
src/presentation/components/charts/PLOverTimeChart.tsx(32,36): error TS2339: Property 'payload' does not exist on type 'TooltipProps<number, string>'.
src/presentation/components/charts/PLOverTimeChart.tsx(38,25): error TS7006: Parameter 'entry' implicitly has an 'any' type.
src/presentation/components/charts/PLOverTimeChart.tsx(38,32): error TS7006: Parameter 'index' implicitly has an 'any' type.
src/presentation/components/charts/ROIOverTimeChart.tsx(1,10): error TS6133: 'LineChart' is declared but its value is never read.
src/presentation/components/charts/ROIOverTimeChart.tsx(1,21): error TS6133: 'Line' is declared but its value is never read.
src/presentation/components/charts/ROIOverTimeChart.tsx(2,38): error TS2307: Cannot find module '@/application/hooks/useROIOverTime' or its corresponding type declarations.
src/presentation/components/charts/StrategyChart.tsx(2,46): error TS2307: Cannot find module '@/application/hooks/useStrategyPerformance' or its corresponding type declarations.
src/presentation/components/charts/StrategyChart.tsx(3,32): error TS2307: Cannot find module '@/shared/utils/formatUtils' or its corresponding type declarations.
src/presentation/components/charts/StrategyChart.tsx(208,19): error TS6133: 'color' is declared but its value is never read.
src/presentation/components/charts/TopSymbolsPLChart.tsx(2,40): error TS2307: Cannot find module '@/infrastructure/services/performanceMetricsService' or its corresponding type declarations.
src/presentation/components/charts/TopSymbolsPLChart.tsx(3,32): error TS2307: Cannot find module '@/shared/utils/formatUtils' or its corresponding type declarations.
src/presentation/components/ContractSpecForm.tsx(3,76): error TS2307: Cannot find module '@/application/hooks/useFuturesContractSpecs' or its corresponding type declarations.
src/presentation/components/ContractSpecForm.tsx(4,96): error TS2307: Cannot find module '@/domain/types' or its corresponding type declarations.
src/presentation/components/ContractSpecForm.tsx(5,67): error TS2307: Cannot find module '@/domain/types/futures.types' or its corresponding type declarations.
src/presentation/components/ContractSpecForm.tsx(6,30): error TS2307: Cannot find module '@/shared/hooks/useFocusTrap' or its corresponding type declarations.
src/presentation/components/ContractSpecForm.tsx(7,24): error TS2307: Cannot find module '@/shared/utils/logger' or its corresponding type declarations.
src/presentation/components/ContractSpecForm.tsx(127,17): error TS7006: Parameter 'prev' implicitly has an 'any' type.
src/presentation/components/ContractSpecForm.tsx(129,16): error TS2538: Type 'symbol' cannot be used as an index type.
src/presentation/components/ContractSpecForm.tsx(132,26): error TS2538: Type 'symbol' cannot be used as an index type.
src/presentation/components/ContractSpecForm.tsx(467,32): error TS7006: Parameter 'month' implicitly has an 'any' type.
src/presentation/components/CryptoSymbolAutocomplete.tsx(3,48): error TS2307: Cannot find module '@/application/hooks/useCryptoSymbolSearch' or its corresponding type declarations.
src/presentation/components/CryptoSymbolAutocomplete.tsx(4,41): error TS2307: Cannot find module '@/infrastructure/services/cryptoMarketDataService' or its corresponding type declarations.
src/presentation/components/CryptoSymbolAutocomplete.tsx(5,24): error TS2307: Cannot find module '@/shared/utils/logger' or its corresponding type declarations.
src/presentation/components/CryptoTransactionForm.tsx(3,36): error TS2307: Cannot find module '@/infrastructure/services/transactionService' or its corresponding type declarations.
src/presentation/components/CryptoTransactionForm.tsx(37,10): error TS6133: 'coinId' is declared but its value is never read.
src/presentation/components/DailyBalanceTable.tsx(5,102): error TS2307: Cannot find module '@/infrastructure/repositories/portfolioSnapshot.repository' or its corresponding type declarations.
src/presentation/components/DailyBalanceTable.tsx(7,33): error TS2307: Cannot find module '@/shared/hooks/useConfirmation' or its corresponding type declarations.
src/presentation/components/DailyBalanceTable.tsx(8,26): error TS2307: Cannot find module '@/shared/hooks/useToast' or its corresponding type declarations.
src/presentation/components/DailyBalanceTable.tsx(9,28): error TS2307: Cannot find module '@/shared/utils/dateUtils' or its corresponding type declarations.
src/presentation/components/DailyBalanceTable.tsx(234,29): error TS7006: Parameter 'snapshot' implicitly has an 'any' type.
src/presentation/components/DataTable.tsx(1,29): error TS6133: 'useCallback' is declared but its value is never read.
src/presentation/components/EnhancedEmptyState.tsx(3,40): error TS6133: 'Activity' is declared but its value is never read.
src/presentation/components/ErrorBoundary.tsx(3,26): error TS2307: Cannot find module '@/shared/utils/errorHandler' or its corresponding type declarations.
src/presentation/components/ErrorDisplay.tsx(2,1): error TS6133: 'useToast' is declared but its value is never read.
src/presentation/components/ErrorDisplay.tsx(2,26): error TS2307: Cannot find module '@/shared/hooks/useToast' or its corresponding type declarations.
src/presentation/components/FuturesContractManager.tsx(3,107): error TS2307: Cannot find module '@/application/hooks/useFuturesContractSpecs' or its corresponding type declarations.
src/presentation/components/FuturesContractManager.tsx(4,30): error TS2307: Cannot find module '@/application/stores/auth.store' or its corresponding type declarations.
src/presentation/components/FuturesContractManager.tsx(6,42): error TS2307: Cannot find module '@/domain/types' or its corresponding type declarations.
src/presentation/components/FuturesContractManager.tsx(9,30): error TS7006: Parameter 'state' implicitly has an 'any' type.
src/presentation/components/FuturesContractManager.tsx(22,32): error TS7006: Parameter 'contract' implicitly has an 'any' type.
src/presentation/components/FuturesContractManager.tsx(172,39): error TS7006: Parameter 'contract' implicitly has an 'any' type.
src/presentation/components/FuturesTransactionForm.tsx(3,47): error TS2307: Cannot find module '@/application/hooks/useFuturesContractSpecs' or its corresponding type declarations.
src/presentation/components/FuturesTransactionForm.tsx(4,36): error TS2307: Cannot find module '@/infrastructure/services/transactionService' or its corresponding type declarations.
src/presentation/components/FuturesTransactionForm.tsx(5,1): error TS6133: 'FuturesContractSpec' is declared but its value is never read.
src/presentation/components/FuturesTransactionForm.tsx(5,42): error TS2307: Cannot find module '@/domain/types' or its corresponding type declarations.
src/presentation/components/FuturesTransactionForm.tsx(6,114): error TS2307: Cannot find module '@/domain/types/futures.types' or its corresponding type declarations.
src/presentation/components/FuturesTransactionForm.tsx(7,30): error TS2307: Cannot find module '@/shared/hooks/useFocusTrap' or its corresponding type declarations.
src/presentation/components/FuturesTransactionForm.tsx(53,31): error TS7006: Parameter 'spec' implicitly has an 'any' type.
src/presentation/components/FuturesTransactionForm.tsx(288,35): error TS7006: Parameter 'spec' implicitly has an 'any' type.
src/presentation/components/FuturesTransactionForm.tsx(375,57): error TS7006: Parameter 'month' implicitly has an 'any' type.
src/presentation/components/GlobalSearchModal.tsx(4,71): error TS2307: Cannot find module '@/shared/hooks/useGlobalSearch' or its corresponding type declarations.
src/presentation/components/GlobalSearchModal.tsx(195,35): error TS7006: Parameter 'historyQuery' implicitly has an 'any' type.
src/presentation/components/GlobalSearchModal.tsx(195,49): error TS7006: Parameter 'index' implicitly has an 'any' type.
src/presentation/components/GlobalSearchModal.tsx(214,36): error TS7006: Parameter 'result' implicitly has an 'any' type.
src/presentation/components/GlobalSearchModal.tsx(214,44): error TS7006: Parameter 'index' implicitly has an 'any' type.
src/presentation/components/GlobalSearchModal.tsx(215,30): error TS7053: Element implicitly has an 'any' type because expression of type 'any' can't be used to index type '{ symbol: LucideIcon; transaction: LucideIcon; journal: LucideIcon; position: LucideIcon; }'.
src/presentation/components/GlobalSearchModal.tsx(216,31): error TS7053: Element implicitly has an 'any' type because expression of type 'any' can't be used to index type '{ symbol: string; transaction: string; journal: string; position: string; }'.
src/presentation/components/Header.tsx(8,24): error TS2307: Cannot find module '@/shared/utils/logger' or its corresponding type declarations.
src/presentation/components/HomeRoute.tsx(2,1): error TS6133: 'Navigate' is declared but its value is never read.
src/presentation/components/JournalEntryForm.tsx(3,66): error TS2307: Cannot find module '@/domain/types' or its corresponding type declarations.
src/presentation/components/JournalEntryForm.tsx(4,62): error TS2307: Cannot find module '@/application/hooks/useJournal' or its corresponding type declarations.
src/presentation/components/JournalEntryForm.tsx(5,30): error TS2307: Cannot find module '@/application/hooks/usePositions' or its corresponding type declarations.
src/presentation/components/JournalEntryForm.tsx(6,33): error TS2307: Cannot find module '@/application/hooks/useTransactions' or its corresponding type declarations.
src/presentation/components/JournalEntryForm.tsx(7,32): error TS2307: Cannot find module '@/infrastructure/services/storageService' or its corresponding type declarations.
src/presentation/components/JournalEntryForm.tsx(9,30): error TS2307: Cannot find module '@/shared/hooks/useFocusTrap' or its corresponding type declarations.
src/presentation/components/JournalEntryForm.tsx(10,24): error TS2307: Cannot find module '@/shared/utils/logger' or its corresponding type declarations.
src/presentation/components/MarketStatusIndicator.tsx(3,49): error TS2307: Cannot find module '@/application/hooks/useMarketStatus' or its corresponding type declarations.
src/presentation/components/MetricCard.tsx(3,32): error TS2307: Cannot find module '@/shared/theme/theme.config' or its corresponding type declarations.
src/presentation/components/MetricCard.tsx(40,14): error TS2741: Property 'children' is missing in type '{ content: string; position: "top"; showIcon: true; }' but required in type 'TooltipProps'.
src/presentation/components/Modal.tsx(3,30): error TS2307: Cannot find module '@/shared/hooks/useFocusTrap' or its corresponding type declarations.
src/presentation/components/NewsArticleCard.tsx(3,34): error TS2307: Cannot find module '@/domain/types' or its corresponding type declarations.
src/presentation/components/NewsArticleCard.tsx(4,28): error TS2307: Cannot find module '@/shared/utils/dateUtils' or its corresponding type declarations.
src/presentation/components/OptionsChain.tsx(2,28): error TS6133: 'TrendingUp' is declared but its value is never read.
src/presentation/components/OptionsChain.tsx(2,40): error TS6133: 'TrendingDown' is declared but its value is never read.
src/presentation/components/OptionsChain.tsx(2,54): error TS6133: 'Filter' is declared but its value is never read.
src/presentation/components/OptionsChain.tsx(3,33): error TS2307: Cannot find module '@/application/hooks/useOptionsChain' or its corresponding type declarations.
src/presentation/components/OptionsChain.tsx(4,39): error TS2307: Cannot find module '@/domain/types' or its corresponding type declarations.
src/presentation/components/OptionsChain.tsx(5,46): error TS2307: Cannot find module '@/shared/utils/dateUtils' or its corresponding type declarations.
src/presentation/components/OptionsChain.tsx(18,23): error TS6133: 'setStrikeRange' is declared but its value is never read.
src/presentation/components/OptionsChain.tsx(49,28): error TS7006: Parameter 'entry' implicitly has an 'any' type.
src/presentation/components/OptionsChain.tsx(81,30): error TS7006: Parameter 'entry' implicitly has an 'any' type.
src/presentation/components/OptionsChain.tsx(85,7): error TS7053: Element implicitly has an 'any' type because expression of type 'any' can't be used to index type '{ call?: any; put?: any; }'.
src/presentation/components/OptionsChain.tsx(146,33): error TS7006: Parameter 'exp' implicitly has an 'any' type.
src/presentation/components/OptionsMultiLegForm.tsx(2,39): error TS6133: 'TrendingUp' is declared but its value is never read.
src/presentation/components/OptionsMultiLegForm.tsx(2,51): error TS6133: 'TrendingDown' is declared but its value is never read.
src/presentation/components/OptionsMultiLegForm.tsx(3,36): error TS2307: Cannot find module '@/infrastructure/services/transactionService' or its corresponding type declarations.
src/presentation/components/OptionsMultiLegForm.tsx(4,56): error TS2307: Cannot find module '@/infrastructure/repositories' or its corresponding type declarations.
src/presentation/components/OptionsMultiLegForm.tsx(5,34): error TS6196: 'MultiLegStrategyFormData' is declared but never used.
src/presentation/components/OptionsMultiLegForm.tsx(5,155): error TS2307: Cannot find module '@/domain/types' or its corresponding type declarations.
src/presentation/components/OptionsMultiLegForm.tsx(8,30): error TS2307: Cannot find module '@/shared/hooks/useFocusTrap' or its corresponding type declarations.
src/presentation/components/OptionsMultiLegForm.tsx(9,24): error TS2307: Cannot find module '@/shared/utils/logger' or its corresponding type declarations.
src/presentation/components/OptionsMultiLegForm.tsx(271,49): error TS7006: Parameter 'p' implicitly has an 'any' type.
src/presentation/components/OptionsMultiLegForm.tsx(288,46): error TS7006: Parameter 'p' implicitly has an 'any' type.
src/presentation/components/OptionsMultiLegForm.tsx(454,54): error TS7006: Parameter 'pos' implicitly has an 'any' type.
src/presentation/components/PortfolioPerformanceChart.tsx(3,54): error TS2307: Cannot find module '@/application/hooks/usePortfolioHistory' or its corresponding type declarations.
src/presentation/components/PortfolioPerformanceChart.tsx(5,28): error TS2307: Cannot find module '@/shared/utils/dateUtils' or its corresponding type declarations.
src/presentation/components/PortfolioPerformanceChart.tsx(6,26): error TS2307: Cannot find module '@/shared/theme/useTheme' or its corresponding type declarations.
src/presentation/components/PortfolioPerformanceChart.tsx(36,29): error TS7006: Parameter 'item' implicitly has an 'any' type.
src/presentation/components/PositionCard.tsx(2,1): error TS6192: All imports in import declaration are unused.
src/presentation/components/PositionCard.tsx(20,3): error TS6133: 'id' is declared but its value is never read.
src/presentation/components/PositionCard.tsx(27,3): error TS6133: 'unrealizedPL' is declared but its value is never read.
src/presentation/components/PositionDetailsModal.tsx(3,57): error TS2307: Cannot find module '@/domain/types' or its corresponding type declarations.
src/presentation/components/PositionDetailsModal.tsx(4,59): error TS2307: Cannot find module '@/shared/utils/formatUtils' or its corresponding type declarations.
src/presentation/components/PositionDetailsModal.tsx(5,33): error TS2307: Cannot find module '@/application/hooks/useOptionQuotes' or its corresponding type declarations.
src/presentation/components/PositionDetailsModal.tsx(6,42): error TS2307: Cannot find module '@/shared/utils/positionTransformers' or its corresponding type declarations.
src/presentation/components/PositionDetailsModal.tsx(7,24): error TS2307: Cannot find module '@/shared/utils/logger' or its corresponding type declarations.
src/presentation/components/PositionEditForm.tsx(3,43): error TS2307: Cannot find module '@/domain/types' or its corresponding type declarations.
src/presentation/components/PositionEditForm.tsx(4,35): error TS2307: Cannot find module '@/application/hooks/usePositions' or its corresponding type declarations.
src/presentation/components/PositionEditForm.tsx(5,30): error TS2307: Cannot find module '@/shared/hooks/useFocusTrap' or its corresponding type declarations.
src/presentation/components/PositionEditForm.tsx(6,26): error TS2307: Cannot find module '@/shared/hooks/useToast' or its corresponding type declarations.
src/presentation/components/PositionEditForm.tsx(17,3): error TS6133: 'userId' is declared but its value is never read.
src/presentation/components/PositionEditForm.tsx(78,49): error TS7006: Parameter 't' implicitly has an 'any' type.
src/presentation/components/PositionEditForm.tsx(78,71): error TS7006: Parameter 't' implicitly has an 'any' type.
src/presentation/components/PricingCard.tsx(2,39): error TS2307: Cannot find module '@/application/hooks/useEarlyAdopterStatus' or its corresponding type declarations.
src/presentation/components/RealtimeIndicator.tsx(26,50): error TS2345: Argument of type 'string | string[]' is not assignable to parameter of type 'readonly unknown[]'.
  Type 'string' is not assignable to type 'readonly unknown[]'.
src/presentation/components/RealtimeIndicator.tsx(28,22): error TS2339: Property 'isFetching' does not exist on type 'QueryState<unknown, Error>'.
src/presentation/components/RealtimeIndicator.tsx(30,29): error TS2551: Property 'isError' does not exist on type 'QueryState<unknown, Error>'. Did you mean 'error'?
src/presentation/components/RealtimeIndicator.tsx(44,45): error TS2322: Type 'string | string[]' is not assignable to type 'readonly unknown[] | undefined'.
  Type 'string' is not assignable to type 'readonly unknown[]'.
src/presentation/components/RouteErrorBoundary.tsx(3,26): error TS2307: Cannot find module '@/shared/utils/errorHandler' or its corresponding type declarations.
src/presentation/components/RoutePrefetcher.tsx(4,30): error TS2307: Cannot find module '@/application/stores/auth.store' or its corresponding type declarations.
src/presentation/components/RoutePrefetcher.tsx(13,30): error TS7006: Parameter 'state' implicitly has an 'any' type.
src/presentation/components/Select.tsx(9,18): error TS2430: Interface 'SelectProps' incorrectly extends interface 'SelectHTMLAttributes<HTMLSelectElement>'.
  Types of property 'size' are incompatible.
    Type '"sm" | "md" | "lg" | undefined' is not assignable to type 'number | undefined'.
      Type 'string' is not assignable to type 'number'.
src/presentation/components/SellCryptoPositionForm.tsx(3,36): error TS2307: Cannot find module '@/infrastructure/services/transactionService' or its corresponding type declarations.
src/presentation/components/SellCryptoPositionForm.tsx(4,37): error TS2307: Cannot find module '@/domain/types' or its corresponding type declarations.
src/presentation/components/SellCryptoPositionForm.tsx(6,30): error TS2307: Cannot find module '@/shared/hooks/useFocusTrap' or its corresponding type declarations.
src/presentation/components/SellPositionForm.tsx(3,36): error TS2307: Cannot find module '@/infrastructure/services/transactionService' or its corresponding type declarations.
src/presentation/components/SellPositionForm.tsx(4,36): error TS2307: Cannot find module '@/domain/types' or its corresponding type declarations.
src/presentation/components/SellPositionForm.tsx(6,30): error TS2307: Cannot find module '@/shared/hooks/useFocusTrap' or its corresponding type declarations.
src/presentation/components/Sidebar.tsx(4,30): error TS2307: Cannot find module '@/application/stores/auth.store' or its corresponding type declarations.
src/presentation/components/Sidebar.tsx(5,35): error TS2307: Cannot find module '@/application/hooks/useWinRateMetrics' or its corresponding type declarations.
src/presentation/components/Sidebar.tsx(10,30): error TS7006: Parameter 'state' implicitly has an 'any' type.
src/presentation/components/SkeletonLoader.tsx(1,20): error TS2307: Cannot find module '@/shared/utils/cn' or its corresponding type declarations.
src/presentation/components/SortableTableHeader.tsx(2,10): error TS6133: 'SortDirection' is declared but its value is never read.
src/presentation/components/SortableTableHeader.tsx(2,60): error TS2307: Cannot find module '@/shared/utils/tableSorting' or its corresponding type declarations.
src/presentation/components/SortableTableHeader.tsx(3,20): error TS2307: Cannot find module '@/shared/utils/cn' or its corresponding type declarations.
src/presentation/components/StatCard.tsx(3,32): error TS2307: Cannot find module '@/shared/theme/theme.config' or its corresponding type declarations.
src/presentation/components/SymbolAutocomplete.tsx(3,42): error TS2307: Cannot find module '@/application/hooks/useStockSymbolSearch' or its corresponding type declarations.
src/presentation/components/SymbolAutocomplete.tsx(4,40): error TS2307: Cannot find module '@/application/hooks/useOptionsSymbolSearch' or its corresponding type declarations.
src/presentation/components/SymbolAutocomplete.tsx(5,49): error TS2307: Cannot find module '@/application/hooks/useTradierSymbolSearch' or its corresponding type declarations.
src/presentation/components/SymbolAutocomplete.tsx(6,41): error TS2307: Cannot find module '@/infrastructure/services/marketDataService' or its corresponding type declarations.
src/presentation/components/SymbolAutocomplete.tsx(7,1): error TS6133: 'OptionsSymbolSearchResult' is declared but its value is never read.
src/presentation/components/SymbolAutocomplete.tsx(7,48): error TS2307: Cannot find module '@/application/hooks/useOptionsSymbolSearch' or its corresponding type declarations.
src/presentation/components/SymbolAutocomplete.tsx(8,24): error TS2307: Cannot find module '@/shared/utils/logger' or its corresponding type declarations.
src/presentation/components/SymbolAutocomplete.tsx(63,9): error TS6198: All destructured elements are unused.
src/presentation/components/SymbolAutocomplete.tsx(76,9): error TS6133: 'debouncedQuery' is declared but its value is never read.
src/presentation/components/tables/StockPositionRow.tsx(3,36): error TS2307: Cannot find module '@/domain/types' or its corresponding type declarations.
src/presentation/components/ThemeToggle.tsx(3,26): error TS2307: Cannot find module '@/shared/theme/useTheme' or its corresponding type declarations.
src/presentation/components/ThemeToggle.tsx(10,11): error TS6133: 'theme' is declared but its value is never read.
src/presentation/components/Tooltip.tsx(3,20): error TS2307: Cannot find module '@/shared/utils/cn' or its corresponding type declarations.
src/presentation/components/TransactionForm.tsx(3,50): error TS2307: Cannot find module '@/domain/types' or its corresponding type declarations.
src/presentation/components/TransactionForm.tsx(4,36): error TS2307: Cannot find module '@/infrastructure/services/transactionService' or its corresponding type declarations.
src/presentation/components/TransactionForm.tsx(5,43): error TS2307: Cannot find module '@/infrastructure/repositories/cashTransaction.repository' or its corresponding type declarations.
src/presentation/components/TransactionForm.tsx(6,77): error TS2307: Cannot find module '@/application/hooks/useTransactionCodes' or its corresponding type declarations.
src/presentation/components/TransactionForm.tsx(7,36): error TS2307: Cannot find module '@/infrastructure/services/cashBalanceService' or its corresponding type declarations.
src/presentation/components/TransactionForm.tsx(10,30): error TS2307: Cannot find module '@/shared/hooks/useFocusTrap' or its corresponding type declarations.
src/presentation/components/TransactionForm.tsx(11,24): error TS2307: Cannot find module '@/shared/utils/logger' or its corresponding type declarations.
src/presentation/components/TransactionForm.tsx(102,30): error TS7006: Parameter 'cat' implicitly has an 'any' type.
src/presentation/components/TransactionForm.tsx(838,52): error TS7006: Parameter 'category' implicitly has an 'any' type.
src/presentation/components/TransactionForm.tsx(867,46): error TS7006: Parameter 'code' implicitly has an 'any' type.
src/presentation/components/TransactionForm.tsx(870,27): error TS7006: Parameter 'c' implicitly has an 'any' type.
src/presentation/components/TransactionItem.tsx(2,28): error TS2307: Cannot find module '@/shared/utils/dateUtils' or its corresponding type declarations.
src/presentation/components/TransactionItem.tsx(15,3): error TS6133: 'id' is declared but its value is never read.
src/presentation/layouts/RootLayout.tsx(4,40): error TS2307: Cannot find module '@/shared/hooks/useKeyboardShortcuts' or its corresponding type declarations.
src/presentation/pages/AIInsights.tsx(17,15): error TS6196: 'AIInsight' is declared but never used.
src/presentation/pages/AIInsights.tsx(17,62): error TS2307: Cannot find module '@/domain/types' or its corresponding type declarations.
src/presentation/pages/AIInsights.tsx(18,1): error TS6133: 'formatDateUtil' is declared but its value is never read.
src/presentation/pages/AIInsights.tsx(18,46): error TS2307: Cannot find module '@/shared/utils/dateUtils' or its corresponding type declarations.
src/presentation/pages/AIInsights.tsx(19,30): error TS2307: Cannot find module '@/application/stores/auth.store' or its corresponding type declarations.
src/presentation/pages/AIInsights.tsx(20,72): error TS2307: Cannot find module '@/application/hooks/useAIInsights' or its corresponding type declarations.
src/presentation/pages/AIInsights.tsx(21,44): error TS2307: Cannot find module '@/infrastructure/services/aiInsightGenerationService' or its corresponding type declarations.
src/presentation/pages/AIInsights.tsx(24,30): error TS7006: Parameter 'state' implicitly has an 'any' type.
src/presentation/pages/AIInsights.tsx(54,46): error TS7006: Parameter 'r' implicitly has an 'any' type.
src/presentation/pages/AIInsights.tsx(54,64): error TS7006: Parameter 'r' implicitly has an 'any' type.
src/presentation/pages/AIInsights.tsx(80,28): error TS7053: Element implicitly has an 'any' type because expression of type 'any' can't be used to index type '{ critical: number; high: number; medium: number; low: number; }'.
src/presentation/pages/AIInsights.tsx(80,56): error TS7053: Element implicitly has an 'any' type because expression of type 'any' can't be used to index type '{ critical: number; high: number; medium: number; low: number; }'.
src/presentation/pages/AIInsights.tsx(90,36): error TS7006: Parameter 'i' implicitly has an 'any' type.
src/presentation/pages/AIInsights.tsx(91,37): error TS7006: Parameter 'i' implicitly has an 'any' type.
src/presentation/pages/AIInsights.tsx(92,41): error TS7006: Parameter 'i' implicitly has an 'any' type.
src/presentation/pages/AIInsights.tsx(94,8): error TS7006: Parameter 'i' implicitly has an 'any' type.
src/presentation/pages/AIInsights.tsx(112,12): error TS7053: Element implicitly has an 'any' type because expression of type 'InsightType' can't be used to index type '{ pattern_recognition: Element; risk_warning: Element; opportunity: Element; performance_analysis: Element; strategy_suggestion: Element; market_condition: Element; position_sizing: Element; diversification: Element; general: Element; }'.
src/presentation/pages/AIInsights.tsx(115,9): error TS6133: 'getPriorityColor' is declared but its value is never read.
src/presentation/pages/AIInsights.tsx(122,12): error TS7053: Element implicitly has an 'any' type because expression of type 'InsightPriority' can't be used to index type '{ critical: string; high: string; medium: string; low: string; }'.
src/presentation/pages/Analytics.tsx(3,32): error TS2307: Cannot find module '@/presentation/components/EnhancedEmptyState' or its corresponding type declarations.
src/presentation/pages/Analytics.tsx(4,30): error TS2307: Cannot find module '@/application/stores/auth.store' or its corresponding type declarations.
src/presentation/pages/Analytics.tsx(5,30): error TS2307: Cannot find module '@/application/hooks/useAnalytics' or its corresponding type declarations.
src/presentation/pages/Analytics.tsx(6,38): error TS2307: Cannot find module '@/application/hooks/useSymbolPerformance' or its corresponding type declarations.
src/presentation/pages/Analytics.tsx(7,39): error TS2307: Cannot find module '@/application/hooks/useMonthlyPerformance' or its corresponding type declarations.
src/presentation/pages/Analytics.tsx(8,31): error TS2307: Cannot find module '@/application/hooks/usePLOverTime' or its corresponding type declarations.
src/presentation/pages/Analytics.tsx(9,32): error TS2307: Cannot find module '@/application/hooks/useLast7DaysPL' or its corresponding type declarations.
src/presentation/pages/Analytics.tsx(10,41): error TS2307: Cannot find module '@/application/hooks/useDayOfWeekPerformance' or its corresponding type declarations.
src/presentation/pages/Analytics.tsx(11,37): error TS2307: Cannot find module '@/application/hooks/useDrawdownOverTime' or its corresponding type declarations.
src/presentation/pages/Analytics.tsx(12,33): error TS2307: Cannot find module '@/presentation/components/charts/PLOverTimeChart' or its corresponding type declarations.
src/presentation/pages/Analytics.tsx(13,34): error TS2307: Cannot find module '@/presentation/components/charts/Last7DaysPLChart' or its corresponding type declarations.
src/presentation/pages/Analytics.tsx(14,42): error TS2307: Cannot find module '@/presentation/components/charts/WinLossDistributionChart' or its corresponding type declarations.
src/presentation/pages/Analytics.tsx(15,35): error TS2307: Cannot find module '@/presentation/components/charts/TopSymbolsPLChart' or its corresponding type declarations.
src/presentation/pages/Analytics.tsx(16,32): error TS2307: Cannot find module '@/presentation/components/charts/DayOfWeekChart' or its corresponding type declarations.
src/presentation/pages/Analytics.tsx(17,31): error TS2307: Cannot find module '@/presentation/components/charts/DrawdownChart' or its corresponding type declarations.
src/presentation/pages/Analytics.tsx(18,34): error TS2307: Cannot find module '@/application/hooks/useOptionsByType' or its corresponding type declarations.
src/presentation/pages/Analytics.tsx(19,37): error TS2307: Cannot find module '@/application/hooks/useExpirationStatus' or its corresponding type declarations.
src/presentation/pages/Analytics.tsx(20,37): error TS2307: Cannot find module '@/application/hooks/useDaysToExpiration' or its corresponding type declarations.
src/presentation/pages/Analytics.tsx(21,40): error TS2307: Cannot find module '@/application/hooks/useStrategyPerformance' or its corresponding type declarations.
src/presentation/pages/Analytics.tsx(22,65): error TS2307: Cannot find module '@/application/hooks/useEntryTimePerformance' or its corresponding type declarations.
src/presentation/pages/Analytics.tsx(23,30): error TS2307: Cannot find module '@/presentation/components/charts/CallPutChart' or its corresponding type declarations.
src/presentation/pages/Analytics.tsx(24,39): error TS2307: Cannot find module '@/presentation/components/charts/ExpirationStatusChart' or its corresponding type declarations.
src/presentation/pages/Analytics.tsx(25,39): error TS2307: Cannot find module '@/presentation/components/charts/DaysToExpirationChart' or its corresponding type declarations.
src/presentation/pages/Analytics.tsx(26,31): error TS2307: Cannot find module '@/presentation/components/charts/StrategyChart' or its corresponding type declarations.
src/presentation/pages/Analytics.tsx(27,32): error TS2307: Cannot find module '@/presentation/components/charts/EntryTimeChart' or its corresponding type declarations.
src/presentation/pages/Analytics.tsx(28,36): error TS2307: Cannot find module '@/application/hooks/useBalanceOverTime' or its corresponding type declarations.
src/presentation/pages/Analytics.tsx(29,32): error TS2307: Cannot find module '@/application/hooks/useROIOverTime' or its corresponding type declarations.
src/presentation/pages/Analytics.tsx(30,38): error TS2307: Cannot find module '@/presentation/components/charts/BalanceOverTimeChart' or its corresponding type declarations.
src/presentation/pages/Analytics.tsx(31,26): error TS2307: Cannot find module '@/shared/theme/useTheme' or its corresponding type declarations.
src/presentation/pages/Analytics.tsx(32,34): error TS2307: Cannot find module '@/presentation/components/charts/ROIOverTimeChart' or its corresponding type declarations.
src/presentation/pages/Analytics.tsx(33,45): error TS2307: Cannot find module '@/application/hooks/useDailyPerformanceCalendar' or its corresponding type declarations.
src/presentation/pages/Analytics.tsx(34,42): error TS2307: Cannot find module '@/presentation/components/charts/DailyPerformanceCalendar' or its corresponding type declarations.
src/presentation/pages/Analytics.tsx(35,46): error TS2307: Cannot find module '@/application/hooks/useHoldingPeriodDistribution' or its corresponding type declarations.
src/presentation/pages/Analytics.tsx(36,52): error TS2307: Cannot find module '@/application/hooks/useFuturesContractMonthPerformance' or its corresponding type declarations.
src/presentation/pages/Analytics.tsx(37,44): error TS2307: Cannot find module '@/application/hooks/useFuturesMarginEfficiency' or its corresponding type declarations.
src/presentation/pages/Analytics.tsx(38,42): error TS2307: Cannot find module '@/application/hooks/useCryptoCoinPerformance' or its corresponding type declarations.
src/presentation/pages/Analytics.tsx(39,36): error TS2307: Cannot find module '@/presentation/components/charts/HoldingPeriodChart' or its corresponding type declarations.
src/presentation/pages/Analytics.tsx(40,43): error TS2307: Cannot find module '@/presentation/components/charts/FuturesContractMonthChart' or its corresponding type declarations.
src/presentation/pages/Analytics.tsx(41,46): error TS2307: Cannot find module '@/presentation/components/charts/FuturesMarginEfficiencyChart' or its corresponding type declarations.
src/presentation/pages/Analytics.tsx(42,33): error TS2307: Cannot find module '@/presentation/components/charts/CryptoCoinChart' or its corresponding type declarations.
src/presentation/pages/Analytics.tsx(43,32): error TS2307: Cannot find module '@/shared/utils/formatUtils' or its corresponding type declarations.
src/presentation/pages/Analytics.tsx(44,32): error TS2307: Cannot find module '@/domain/types/asset.types' or its corresponding type declarations.
src/presentation/pages/Analytics.tsx(45,30): error TS2307: Cannot find module '@/application/hooks/usePositions' or its corresponding type declarations.
src/presentation/pages/Analytics.tsx(46,32): error TS2307: Cannot find module '@/application/hooks/useStockQuotes' or its corresponding type declarations.
src/presentation/pages/Analytics.tsx(47,33): error TS2307: Cannot find module '@/application/hooks/useCryptoQuotes' or its corresponding type declarations.
src/presentation/pages/Analytics.tsx(48,33): error TS2307: Cannot find module '@/application/hooks/useOptionQuotes' or its corresponding type declarations.
src/presentation/pages/Analytics.tsx(49,42): error TS2307: Cannot find module '@/shared/utils/positionTransformers' or its corresponding type declarations.
src/presentation/pages/Analytics.tsx(50,25): error TS2307: Cannot find module '@/presentation/components/Tooltip' or its corresponding type declarations.
src/presentation/pages/Analytics.tsx(51,28): error TS2307: Cannot find module '@/presentation/components/MetricCard' or its corresponding type declarations.
src/presentation/pages/Analytics.tsx(64,34): error TS2344: Type 'number | null' does not satisfy the constraint 'string | number | symbol'.
  Type 'null' is not assignable to type 'string | number | symbol'.
src/presentation/pages/Analytics.tsx(69,3): error TS2353: Object literal may only specify known properties, and 'null' does not exist in type 'Record<TimePeriod, string>'.
src/presentation/pages/Analytics.tsx(73,30): error TS7006: Parameter 'state' implicitly has an 'any' type.
src/presentation/pages/Analytics.tsx(121,8): error TS7006: Parameter 'p' implicitly has an 'any' type.
src/presentation/pages/Analytics.tsx(128,28): error TS7006: Parameter 'p' implicitly has an 'any' type.
src/presentation/pages/Analytics.tsx(138,28): error TS7006: Parameter 'p' implicitly has an 'any' type.
src/presentation/pages/Analytics.tsx(148,28): error TS7006: Parameter 'p' implicitly has an 'any' type.
src/presentation/pages/Analytics.tsx(177,28): error TS7006: Parameter 'position' implicitly has an 'any' type.
src/presentation/pages/Analytics.tsx(336,33): error TS2538: Type 'null' cannot be used as an index type.
src/presentation/pages/Analytics.tsx(950,50): error TS18046: 'data' is of type 'unknown'.
src/presentation/pages/Analytics.tsx(1188,60): error TS7006: Parameter 'symbol' implicitly has an 'any' type.
src/presentation/pages/Analytics.tsx(1246,70): error TS7006: Parameter 'month' implicitly has an 'any' type.
src/presentation/pages/Analytics.tsx(1247,78): error TS7006: Parameter 'm' implicitly has an 'any' type.
src/presentation/pages/Analytics.tsx(1284,62): error TS7006: Parameter 'best' implicitly has an 'any' type.
src/presentation/pages/Analytics.tsx(1284,68): error TS7006: Parameter 'm' implicitly has an 'any' type.
src/presentation/pages/Analytics.tsx(1294,62): error TS7006: Parameter 'worst' implicitly has an 'any' type.
src/presentation/pages/Analytics.tsx(1294,69): error TS7006: Parameter 'm' implicitly has an 'any' type.
src/presentation/pages/Analytics.tsx(1305,64): error TS7006: Parameter 'sum' implicitly has an 'any' type.
src/presentation/pages/Analytics.tsx(1305,69): error TS7006: Parameter 'm' implicitly has an 'any' type.
src/presentation/pages/Analytics.tsx(1345,7): error TS6133: 'LegacyMetricCard' is declared but its value is never read.
src/presentation/pages/CashTransactions.tsx(2,64): error TS6133: 'Upload' is declared but its value is never read.
src/presentation/pages/CashTransactions.tsx(3,30): error TS2307: Cannot find module '@/application/stores/auth.store' or its corresponding type declarations.
src/presentation/pages/CashTransactions.tsx(4,89): error TS2307: Cannot find module '@/application/hooks/useCashTransactions' or its corresponding type declarations.
src/presentation/pages/CashTransactions.tsx(5,33): error TS2307: Cannot find module '@/presentation/components/TransactionForm' or its corresponding type declarations.
src/presentation/pages/CashTransactions.tsx(7,46): error TS2307: Cannot find module '@/shared/utils/dateUtils' or its corresponding type declarations.
src/presentation/pages/CashTransactions.tsx(8,31): error TS2307: Cannot find module '@/presentation/components/SkeletonLoader' or its corresponding type declarations.
src/presentation/pages/CashTransactions.tsx(9,24): error TS2307: Cannot find module '@/presentation/components/Select' or its corresponding type declarations.
src/presentation/pages/CashTransactions.tsx(10,26): error TS2307: Cannot find module '@/shared/hooks/useToast' or its corresponding type declarations.
src/presentation/pages/CashTransactions.tsx(11,33): error TS2307: Cannot find module '@/shared/hooks/useConfirmation' or its corresponding type declarations.
src/presentation/pages/CashTransactions.tsx(12,36): error TS2307: Cannot find module '@/presentation/components/ConfirmationDialog' or its corresponding type declarations.
src/presentation/pages/CashTransactions.tsx(13,38): error TS2307: Cannot find module '@/domain/types' or its corresponding type declarations.
src/presentation/pages/CashTransactions.tsx(14,24): error TS2307: Cannot find module '@/shared/utils/logger' or its corresponding type declarations.
src/presentation/pages/CashTransactions.tsx(15,76): error TS2307: Cannot find module '@/presentation/components/MobileTableCard' or its corresponding type declarations.
src/presentation/pages/CashTransactions.tsx(18,30): error TS7006: Parameter 'state' implicitly has an 'any' type.
src/presentation/pages/CashTransactions.tsx(25,10): error TS6133: 'editingTransaction' is declared but its value is never read.
src/presentation/pages/CashTransactions.tsx(29,9): error TS6133: 'updateMutation' is declared but its value is never read.
src/presentation/pages/CashTransactions.tsx(55,44): error TS7006: Parameter 't' implicitly has an 'any' type.
src/presentation/pages/CashTransactions.tsx(69,11): error TS6133: 'creditCodes' is declared but its value is never read.
src/presentation/pages/CashTransactions.tsx(71,11): error TS6133: 'debitCodes' is declared but its value is never read.
src/presentation/pages/CashTransactions.tsx(74,15): error TS7006: Parameter 't' implicitly has an 'any' type.
src/presentation/pages/CashTransactions.tsx(75,16): error TS7006: Parameter 'sum' implicitly has an 'any' type.
src/presentation/pages/CashTransactions.tsx(75,21): error TS7006: Parameter 't' implicitly has an 'any' type.
src/presentation/pages/CashTransactions.tsx(78,15): error TS7006: Parameter 't' implicitly has an 'any' type.
src/presentation/pages/CashTransactions.tsx(79,16): error TS7006: Parameter 'sum' implicitly has an 'any' type.
src/presentation/pages/CashTransactions.tsx(79,21): error TS7006: Parameter 't' implicitly has an 'any' type.
src/presentation/pages/CashTransactions.tsx(82,15): error TS7006: Parameter 't' implicitly has an 'any' type.
src/presentation/pages/CashTransactions.tsx(83,16): error TS7006: Parameter 'sum' implicitly has an 'any' type.
src/presentation/pages/CashTransactions.tsx(83,21): error TS7006: Parameter 't' implicitly has an 'any' type.
src/presentation/pages/CashTransactions.tsx(86,15): error TS7006: Parameter 't' implicitly has an 'any' type.
src/presentation/pages/CashTransactions.tsx(87,16): error TS7006: Parameter 'sum' implicitly has an 'any' type.
src/presentation/pages/CashTransactions.tsx(87,21): error TS7006: Parameter 't' implicitly has an 'any' type.
src/presentation/pages/CashTransactions.tsx(90,15): error TS7006: Parameter 't' implicitly has an 'any' type.
src/presentation/pages/CashTransactions.tsx(91,16): error TS7006: Parameter 'sum' implicitly has an 'any' type.
src/presentation/pages/CashTransactions.tsx(91,21): error TS7006: Parameter 't' implicitly has an 'any' type.
src/presentation/pages/CashTransactions.tsx(96,16): error TS7006: Parameter 'sum' implicitly has an 'any' type.
src/presentation/pages/CashTransactions.tsx(96,21): error TS7006: Parameter 't' implicitly has an 'any' type.
src/presentation/pages/CashTransactions.tsx(232,24): error TS7006: Parameter 'e' implicitly has an 'any' type.
src/presentation/pages/CashTransactions.tsx(242,24): error TS7006: Parameter 'e' implicitly has an 'any' type.
src/presentation/pages/Checkout.tsx(3,30): error TS2307: Cannot find module '@/application/stores/auth.store' or its corresponding type declarations.
src/presentation/pages/Checkout.tsx(4,37): error TS2307: Cannot find module '@/infrastructure/services/subscription.service' or its corresponding type declarations.
src/presentation/pages/Checkout.tsx(5,50): error TS2307: Cannot find module '@/infrastructure/services/stripe.service' or its corresponding type declarations.
src/presentation/pages/Checkout.tsx(6,26): error TS2307: Cannot find module '@/shared/hooks/useToast' or its corresponding type declarations.
src/presentation/pages/Checkout.tsx(11,30): error TS7006: Parameter 'state' implicitly has an 'any' type.
src/presentation/pages/Crypto.tsx(3,79): error TS2307: Cannot find module '@/domain/types' or its corresponding type declarations.
src/presentation/pages/Crypto.tsx(4,30): error TS2307: Cannot find module '@/application/stores/auth.store' or its corresponding type declarations.
src/presentation/pages/Crypto.tsx(5,68): error TS2307: Cannot find module '@/application/hooks/usePositions' or its corresponding type declarations.
src/presentation/pages/Crypto.tsx(6,77): error TS2307: Cannot find module '@/application/hooks/useTransactions' or its corresponding type declarations.
src/presentation/pages/Crypto.tsx(7,33): error TS2307: Cannot find module '@/application/hooks/useCryptoQuotes' or its corresponding type declarations.
src/presentation/pages/Crypto.tsx(8,37): error TS2307: Cannot find module '@/infrastructure/services/cryptoMarketDataService' or its corresponding type declarations.
src/presentation/pages/Crypto.tsx(9,55): error TS2307: Cannot find module '@/shared/utils/positionTransformers' or its corresponding type declarations.
src/presentation/pages/Crypto.tsx(10,39): error TS2307: Cannot find module '@/presentation/components/CryptoTransactionForm' or its corresponding type declarations.
src/presentation/pages/Crypto.tsx(11,34): error TS2307: Cannot find module '@/presentation/components/PositionEditForm' or its corresponding type declarations.
src/presentation/pages/Crypto.tsx(12,40): error TS2307: Cannot find module '@/presentation/components/SellCryptoPositionForm' or its corresponding type declarations.
src/presentation/pages/Crypto.tsx(13,39): error TS2307: Cannot find module '@/presentation/components/MarketStatusIndicator' or its corresponding type declarations.
src/presentation/pages/Crypto.tsx(14,46): error TS2307: Cannot find module '@/shared/utils/dateUtils' or its corresponding type declarations.
src/presentation/pages/Crypto.tsx(16,31): error TS2307: Cannot find module '@/presentation/components/SkeletonLoader' or its corresponding type declarations.
src/presentation/pages/Crypto.tsx(17,26): error TS2307: Cannot find module '@/shared/hooks/useToast' or its corresponding type declarations.
src/presentation/pages/Crypto.tsx(18,33): error TS2307: Cannot find module '@/shared/hooks/useConfirmation' or its corresponding type declarations.
src/presentation/pages/Crypto.tsx(19,36): error TS2307: Cannot find module '@/presentation/components/ConfirmationDialog' or its corresponding type declarations.
src/presentation/pages/Crypto.tsx(20,37): error TS2307: Cannot find module '@/presentation/components/SortableTableHeader' or its corresponding type declarations.
src/presentation/pages/Crypto.tsx(21,43): error TS2307: Cannot find module '@/shared/utils/tableSorting' or its corresponding type declarations.
src/presentation/pages/Crypto.tsx(22,1): error TS6133: 'getUserFriendlyErrorMessage' is declared but its value is never read.
src/presentation/pages/Crypto.tsx(22,45): error TS2307: Cannot find module '@/shared/utils/errorHandler' or its corresponding type declarations.
src/presentation/pages/Crypto.tsx(23,76): error TS2307: Cannot find module '@/presentation/components/MobileTableCard' or its corresponding type declarations.
src/presentation/pages/Crypto.tsx(26,30): error TS7006: Parameter 'state' implicitly has an 'any' type.
src/presentation/pages/Crypto.tsx(36,10): error TS6133: 'editingTransaction' is declared but its value is never read.
src/presentation/pages/Crypto.tsx(40,9): error TS6133: 'toast' is declared but its value is never read.
src/presentation/pages/Crypto.tsx(42,9): error TS6133: 'updatePositionMutation' is declared but its value is never read.
src/presentation/pages/Crypto.tsx(44,9): error TS6133: 'updateTransactionMutation' is declared but its value is never read.
src/presentation/pages/Crypto.tsx(69,20): error TS7006: Parameter 'p' implicitly has an 'any' type.
src/presentation/pages/Crypto.tsx(70,17): error TS7006: Parameter 'p' implicitly has an 'any' type.
src/presentation/pages/Crypto.tsx(84,17): error TS2538: Type 'unknown' cannot be used as an index type.
src/presentation/pages/Crypto.tsx(104,16): error TS7006: Parameter 'p' implicitly has an 'any' type.
src/presentation/pages/Crypto.tsx(105,13): error TS7006: Parameter 'p' implicitly has an 'any' type.
src/presentation/pages/Crypto.tsx(112,16): error TS7006: Parameter 'p' implicitly has an 'any' type.
src/presentation/pages/Crypto.tsx(115,33): error TS7006: Parameter 'position' implicitly has an 'any' type.
src/presentation/pages/Crypto.tsx(141,16): error TS7006: Parameter 't' implicitly has an 'any' type.
src/presentation/pages/Crypto.tsx(142,13): error TS7006: Parameter 't' implicitly has an 'any' type.
src/presentation/pages/Crypto.tsx(149,16): error TS7006: Parameter 't' implicitly has an 'any' type.
src/presentation/pages/Crypto.tsx(156,34): error TS7006: Parameter 'pos' implicitly has an 'any' type.
src/presentation/pages/Crypto.tsx(168,34): error TS7006: Parameter 'tx' implicitly has an 'any' type.
src/presentation/pages/Crypto.tsx(178,39): error TS7006: Parameter 'sum' implicitly has an 'any' type.
src/presentation/pages/Crypto.tsx(178,44): error TS7006: Parameter 'pos' implicitly has an 'any' type.
src/presentation/pages/Crypto.tsx(182,42): error TS7006: Parameter 'sum' implicitly has an 'any' type.
src/presentation/pages/Crypto.tsx(182,47): error TS7006: Parameter 'pos' implicitly has an 'any' type.
src/presentation/pages/Crypto.tsx(183,41): error TS7006: Parameter 'sum' implicitly has an 'any' type.
src/presentation/pages/Crypto.tsx(183,46): error TS7006: Parameter 'pos' implicitly has an 'any' type.
src/presentation/pages/Crypto.tsx(184,39): error TS7006: Parameter 'sum' implicitly has an 'any' type.
src/presentation/pages/Crypto.tsx(184,44): error TS7006: Parameter 'pos' implicitly has an 'any' type.
src/presentation/pages/Crypto.tsx(218,49): error TS7006: Parameter 'p' implicitly has an 'any' type.
src/presentation/pages/Crypto.tsx(240,55): error TS7006: Parameter 't' implicitly has an 'any' type.
src/presentation/pages/Crypto.tsx(389,38): error TS7006: Parameter 'position' implicitly has an 'any' type.
src/presentation/pages/Crypto.tsx(472,41): error TS7006: Parameter 'transaction' implicitly has an 'any' type.
src/presentation/pages/Crypto.tsx(586,42): error TS7006: Parameter 'position' implicitly has an 'any' type.
src/presentation/pages/Crypto.tsx(749,45): error TS7006: Parameter 'transaction' implicitly has an 'any' type.
src/presentation/pages/Dashboard.tsx(5,30): error TS2307: Cannot find module '@/application/stores/auth.store' or its corresponding type declarations.
src/presentation/pages/Dashboard.tsx(6,53): error TS2307: Cannot find module '@/application/hooks/usePositions' or its corresponding type declarations.
src/presentation/pages/Dashboard.tsx(7,33): error TS2307: Cannot find module '@/application/hooks/useTransactions' or its corresponding type declarations.
src/presentation/pages/Dashboard.tsx(8,35): error TS2307: Cannot find module '@/application/hooks/usePortfolioValue' or its corresponding type declarations.
src/presentation/pages/Dashboard.tsx(9,31): error TS2307: Cannot find module '@/application/hooks/useMarketNews' or its corresponding type declarations.
src/presentation/pages/Dashboard.tsx(10,32): error TS2307: Cannot find module '@/application/hooks/useStockQuotes' or its corresponding type declarations.
src/presentation/pages/Dashboard.tsx(11,33): error TS2307: Cannot find module '@/application/hooks/useCryptoQuotes' or its corresponding type declarations.
src/presentation/pages/Dashboard.tsx(12,33): error TS2307: Cannot find module '@/application/hooks/useOptionQuotes' or its corresponding type declarations.
src/presentation/pages/Dashboard.tsx(13,38): error TS2307: Cannot find module '@/application/hooks/useInitialInvestment' or its corresponding type declarations.
src/presentation/pages/Dashboard.tsx(14,42): error TS2307: Cannot find module '@/shared/utils/positionTransformers' or its corresponding type declarations.
src/presentation/pages/Dashboard.tsx(15,37): error TS2307: Cannot find module '@/infrastructure/services/cryptoMarketDataService' or its corresponding type declarations.
src/presentation/pages/Dashboard.tsx(16,35): error TS2307: Cannot find module '@/application/hooks/useWinRateMetrics' or its corresponding type declarations.
src/presentation/pages/Dashboard.tsx(17,37): error TS2307: Cannot find module '@/application/hooks/useDailyPerformance' or its corresponding type declarations.
src/presentation/pages/Dashboard.tsx(18,38): error TS2307: Cannot find module '@/application/hooks/useWeeklyPerformance' or its corresponding type declarations.
src/presentation/pages/Dashboard.tsx(19,48): error TS2307: Cannot find module '@/application/hooks/useMonthlyPerformanceDashboard' or its corresponding type declarations.
src/presentation/pages/Dashboard.tsx(20,42): error TS2307: Cannot find module '@/infrastructure/services/portfolioSnapshotService' or its corresponding type declarations.
src/presentation/pages/Dashboard.tsx(21,1): error TS6133: 'formatDate' is declared but its value is never read.
src/presentation/pages/Dashboard.tsx(21,28): error TS2307: Cannot find module '@/shared/utils/dateUtils' or its corresponding type declarations.
src/presentation/pages/Dashboard.tsx(23,31): error TS2307: Cannot find module '@/domain/types' or its corresponding type declarations.
src/presentation/pages/Dashboard.tsx(24,73): error TS2307: Cannot find module '@/presentation/components/SkeletonLoader' or its corresponding type declarations.
src/presentation/pages/Dashboard.tsx(25,29): error TS2307: Cannot find module '@/presentation/components/ErrorDisplay' or its corresponding type declarations.
src/presentation/pages/Dashboard.tsx(26,63): error TS2307: Cannot find module '@/shared/utils/errorHandler' or its corresponding type declarations.
src/presentation/pages/Dashboard.tsx(27,32): error TS2307: Cannot find module '@/presentation/components/LoadingSpinner' or its corresponding type declarations.
src/presentation/pages/Dashboard.tsx(28,35): error TS2307: Cannot find module '@/presentation/components/RealtimeIndicator' or its corresponding type declarations.
src/presentation/pages/Dashboard.tsx(29,30): error TS2307: Cannot find module '@/presentation/components/PositionCard' or its corresponding type declarations.
src/presentation/pages/Dashboard.tsx(30,33): error TS2307: Cannot find module '@/presentation/components/TransactionItem' or its corresponding type declarations.
src/presentation/pages/Dashboard.tsx(31,33): error TS2307: Cannot find module '@/presentation/components/NewsArticleCard' or its corresponding type declarations.
src/presentation/pages/Dashboard.tsx(32,43): error TS2307: Cannot find module '@/presentation/components/PortfolioPerformanceChart' or its corresponding type declarations.
src/presentation/pages/Dashboard.tsx(33,26): error TS2307: Cannot find module '@/shared/hooks/useToast' or its corresponding type declarations.
src/presentation/pages/Dashboard.tsx(34,26): error TS2307: Cannot find module '@/shared/theme/useTheme' or its corresponding type declarations.
src/presentation/pages/Dashboard.tsx(37,30): error TS7006: Parameter 'state' implicitly has an 'any' type.
src/presentation/pages/Dashboard.tsx(45,70): error TS6133: 'transactionsError' is declared but its value is never read.
src/presentation/pages/Dashboard.tsx(47,77): error TS6133: 'totalMarketValue' is declared but its value is never read.
src/presentation/pages/Dashboard.tsx(48,69): error TS6133: 'newsError' is declared but its value is never read.
src/presentation/pages/Dashboard.tsx(62,9): error TS6133: 'realizedPLPercent' is declared but its value is never read.
src/presentation/pages/Dashboard.tsx(169,28): error TS7006: Parameter 'position' implicitly has an 'any' type.
src/presentation/pages/Dashboard.tsx(314,14): error TS7006: Parameter 'a' implicitly has an 'any' type.
src/presentation/pages/Dashboard.tsx(314,17): error TS7006: Parameter 'b' implicitly has an 'any' type.
src/presentation/pages/Dashboard.tsx(657,34): error TS7006: Parameter 'pos' implicitly has an 'any' type.
src/presentation/pages/Dashboard.tsx(718,49): error TS7006: Parameter 'article' implicitly has an 'any' type.
src/presentation/pages/Dashboard.tsx(807,40): error TS7006: Parameter 'tx' implicitly has an 'any' type.
src/presentation/pages/Dashboard.tsx(848,62): error TS18048: 'percent' is possibly 'undefined'.
src/presentation/pages/Dashboard.tsx(853,43): error TS6133: 'entry' is declared but its value is never read.
src/presentation/pages/Futures.tsx(2,22): error TS6133: 'TrendingDown' is declared but its value is never read.
src/presentation/pages/Futures.tsx(3,81): error TS2307: Cannot find module '@/domain/types' or its corresponding type declarations.
src/presentation/pages/Futures.tsx(4,30): error TS2307: Cannot find module '@/application/stores/auth.store' or its corresponding type declarations.
src/presentation/pages/Futures.tsx(5,49): error TS2307: Cannot find module '@/application/hooks/usePositions' or its corresponding type declarations.
src/presentation/pages/Futures.tsx(6,77): error TS2307: Cannot find module '@/application/hooks/useTransactions' or its corresponding type declarations.
src/presentation/pages/Futures.tsx(7,57): error TS2307: Cannot find module '@/shared/utils/positionTransformers' or its corresponding type declarations.
src/presentation/pages/Futures.tsx(8,58): error TS2307: Cannot find module '@/domain/types/futures.types' or its corresponding type declarations.
src/presentation/pages/Futures.tsx(9,40): error TS2307: Cannot find module '@/presentation/components/FuturesTransactionForm' or its corresponding type declarations.
src/presentation/pages/Futures.tsx(10,47): error TS2307: Cannot find module '@/application/hooks/useFuturesContractSpecs' or its corresponding type declarations.
src/presentation/pages/Futures.tsx(11,34): error TS2307: Cannot find module '@/presentation/components/PositionEditForm' or its corresponding type declarations.
src/presentation/pages/Futures.tsx(12,39): error TS2307: Cannot find module '@/presentation/components/MarketStatusIndicator' or its corresponding type declarations.
src/presentation/pages/Futures.tsx(14,31): error TS2307: Cannot find module '@/presentation/components/SkeletonLoader' or its corresponding type declarations.
src/presentation/pages/Futures.tsx(15,46): error TS2307: Cannot find module '@/shared/utils/dateUtils' or its corresponding type declarations.
src/presentation/pages/Futures.tsx(16,26): error TS2307: Cannot find module '@/shared/hooks/useToast' or its corresponding type declarations.
src/presentation/pages/Futures.tsx(17,33): error TS2307: Cannot find module '@/shared/hooks/useConfirmation' or its corresponding type declarations.
src/presentation/pages/Futures.tsx(18,36): error TS2307: Cannot find module '@/presentation/components/ConfirmationDialog' or its corresponding type declarations.
src/presentation/pages/Futures.tsx(19,37): error TS2307: Cannot find module '@/presentation/components/SortableTableHeader' or its corresponding type declarations.
src/presentation/pages/Futures.tsx(20,43): error TS2307: Cannot find module '@/shared/utils/tableSorting' or its corresponding type declarations.
src/presentation/pages/Futures.tsx(21,1): error TS6133: 'getUserFriendlyErrorMessage' is declared but its value is never read.
src/presentation/pages/Futures.tsx(21,45): error TS2307: Cannot find module '@/shared/utils/errorHandler' or its corresponding type declarations.
src/presentation/pages/Futures.tsx(22,24): error TS2307: Cannot find module '@/shared/utils/logger' or its corresponding type declarations.
src/presentation/pages/Futures.tsx(23,76): error TS2307: Cannot find module '@/presentation/components/MobileTableCard' or its corresponding type declarations.
src/presentation/pages/Futures.tsx(26,30): error TS7006: Parameter 'state' implicitly has an 'any' type.
src/presentation/pages/Futures.tsx(40,9): error TS6133: 'toast' is declared but its value is never read.
src/presentation/pages/Futures.tsx(43,9): error TS6133: 'updateTransactionMutation' is declared but its value is never read.
src/presentation/pages/Futures.tsx(70,30): error TS7006: Parameter 'tx' implicitly has an 'any' type.
src/presentation/pages/Futures.tsx(80,16): error TS7006: Parameter 'p' implicitly has an 'any' type.
src/presentation/pages/Futures.tsx(81,13): error TS7006: Parameter 'p' implicitly has an 'any' type.
src/presentation/pages/Futures.tsx(105,16): error TS7006: Parameter 'p' implicitly has an 'any' type.
src/presentation/pages/Futures.tsx(112,16): error TS7006: Parameter 't' implicitly has an 'any' type.
src/presentation/pages/Futures.tsx(121,10): error TS7006: Parameter 'pos' implicitly has an 'any' type.
src/presentation/pages/Futures.tsx(135,10): error TS7006: Parameter 'tx' implicitly has an 'any' type.
src/presentation/pages/Futures.tsx(144,42): error TS7006: Parameter 'sum' implicitly has an 'any' type.
src/presentation/pages/Futures.tsx(144,47): error TS7006: Parameter 'pos' implicitly has an 'any' type.
src/presentation/pages/Futures.tsx(145,44): error TS7006: Parameter 'sum' implicitly has an 'any' type.
src/presentation/pages/Futures.tsx(145,49): error TS7006: Parameter 'pos' implicitly has an 'any' type.
src/presentation/pages/Futures.tsx(146,43): error TS7006: Parameter 'sum' implicitly has an 'any' type.
src/presentation/pages/Futures.tsx(146,48): error TS7006: Parameter 'pos' implicitly has an 'any' type.
src/presentation/pages/Futures.tsx(149,48): error TS7006: Parameter 'sum' implicitly has an 'any' type.
src/presentation/pages/Futures.tsx(149,53): error TS7006: Parameter 'pos' implicitly has an 'any' type.
src/presentation/pages/Futures.tsx(157,41): error TS7006: Parameter 'sum' implicitly has an 'any' type.
src/presentation/pages/Futures.tsx(157,46): error TS7006: Parameter 'pos' implicitly has an 'any' type.
src/presentation/pages/Futures.tsx(202,45): error TS7006: Parameter 'spec' implicitly has an 'any' type.
src/presentation/pages/Futures.tsx(243,49): error TS7006: Parameter 'p' implicitly has an 'any' type.
src/presentation/pages/Futures.tsx(252,55): error TS7006: Parameter 't' implicitly has an 'any' type.
src/presentation/pages/Futures.tsx(282,49): error TS7006: Parameter 'p' implicitly has an 'any' type.
src/presentation/pages/Futures.tsx(422,40): error TS7006: Parameter 'position' implicitly has an 'any' type.
src/presentation/pages/Futures.tsx(563,42): error TS7006: Parameter 'position' implicitly has an 'any' type.
src/presentation/pages/Futures.tsx(691,43): error TS7006: Parameter 'transaction' implicitly has an 'any' type.
src/presentation/pages/Futures.tsx(810,45): error TS7006: Parameter 'tx' implicitly has an 'any' type.
src/presentation/pages/Journal.tsx(3,66): error TS2307: Cannot find module '@/domain/types' or its corresponding type declarations.
src/presentation/pages/Journal.tsx(4,46): error TS2307: Cannot find module '@/shared/utils/dateUtils' or its corresponding type declarations.
src/presentation/pages/Journal.tsx(5,30): error TS2307: Cannot find module '@/application/stores/auth.store' or its corresponding type declarations.
src/presentation/pages/Journal.tsx(10,8): error TS2307: Cannot find module '@/application/hooks/useJournal' or its corresponding type declarations.
src/presentation/pages/Journal.tsx(11,34): error TS2307: Cannot find module '@/presentation/components/JournalEntryForm' or its corresponding type declarations.
src/presentation/pages/Journal.tsx(12,24): error TS2307: Cannot find module '@/presentation/components/Select' or its corresponding type declarations.
src/presentation/pages/Journal.tsx(13,1): error TS6133: 'LoadingSpinner' is declared but its value is never read.
src/presentation/pages/Journal.tsx(13,32): error TS2307: Cannot find module '@/presentation/components/LoadingSpinner' or its corresponding type declarations.
src/presentation/pages/Journal.tsx(14,1): error TS6133: 'EmptyState' is declared but its value is never read.
src/presentation/pages/Journal.tsx(14,28): error TS2307: Cannot find module '@/presentation/components/EmptyState' or its corresponding type declarations.
src/presentation/pages/Journal.tsx(15,50): error TS2307: Cannot find module '@/presentation/components/EnhancedEmptyState' or its corresponding type declarations.
src/presentation/pages/Journal.tsx(16,24): error TS2307: Cannot find module '@/shared/utils/logger' or its corresponding type declarations.
src/presentation/pages/Journal.tsx(17,26): error TS2307: Cannot find module '@/shared/hooks/useToast' or its corresponding type declarations.
src/presentation/pages/Journal.tsx(18,36): error TS2307: Cannot find module '@/presentation/components/ConfirmationDialog' or its corresponding type declarations.
src/presentation/pages/Journal.tsx(19,33): error TS2307: Cannot find module '@/shared/hooks/useConfirmation' or its corresponding type declarations.
src/presentation/pages/Journal.tsx(42,30): error TS7006: Parameter 'state' implicitly has an 'any' type.
src/presentation/pages/Journal.tsx(94,8): error TS7006: Parameter 'entry' implicitly has an 'any' type.
src/presentation/pages/Journal.tsx(97,36): error TS7006: Parameter 'symbol' implicitly has an 'any' type.
src/presentation/pages/Journal.tsx(98,27): error TS7006: Parameter 'tag' implicitly has an 'any' type.
src/presentation/pages/Journal.tsx(103,9): error TS6133: 'availableTags' is declared but its value is never read.
src/presentation/pages/Journal.tsx(105,22): error TS7006: Parameter 'entry' implicitly has an 'any' type.
src/presentation/pages/Journal.tsx(106,28): error TS7006: Parameter 'tag' implicitly has an 'any' type.
src/presentation/pages/Journal.tsx(182,12): error TS7053: Element implicitly has an 'any' type because expression of type 'JournalEntryType' can't be used to index type '{ pre_trade: string; post_trade: string; lesson_learned: string; strategy: string; general: string; }'.
src/presentation/pages/Journal.tsx(196,12): error TS7053: Element implicitly has an 'any' type because expression of type 'EmotionType' can't be used to index type '{ confident: string; anxious: string; excited: string; fearful: string; neutral: string; frustrated: string; greedy: string; disciplined: string; }'.
src/presentation/pages/Journal.tsx(281,28): error TS7006: Parameter 'e' implicitly has an 'any' type.
src/presentation/pages/Journal.tsx(448,32): error TS7006: Parameter 'entry' implicitly has an 'any' type.
src/presentation/pages/Journal.tsx(501,47): error TS7006: Parameter 'symbol' implicitly has an 'any' type.
src/presentation/pages/Journal.tsx(518,42): error TS7006: Parameter 'emotion' implicitly has an 'any' type.
src/presentation/pages/Journal.tsx(561,45): error TS7006: Parameter 'item' implicitly has an 'any' type.
src/presentation/pages/Journal.tsx(561,51): error TS7006: Parameter 'index' implicitly has an 'any' type.
src/presentation/pages/Journal.tsx(575,44): error TS7006: Parameter 'url' implicitly has an 'any' type.
src/presentation/pages/Journal.tsx(575,49): error TS7006: Parameter 'index' implicitly has an 'any' type.
src/presentation/pages/Journal.tsx(584,44): error TS7006: Parameter 'url' implicitly has an 'any' type.
src/presentation/pages/Journal.tsx(584,49): error TS7006: Parameter 'index' implicitly has an 'any' type.
src/presentation/pages/Journal.tsx(600,36): error TS7006: Parameter 'tag' implicitly has an 'any' type.
src/presentation/pages/News.tsx(3,15): error TS6196: 'NewsArticle' is declared but never used.
src/presentation/pages/News.tsx(3,48): error TS2307: Cannot find module '@/domain/types' or its corresponding type declarations.
src/presentation/pages/News.tsx(4,31): error TS2307: Cannot find module '@/application/hooks/useMarketNews' or its corresponding type declarations.
src/presentation/pages/News.tsx(6,24): error TS2307: Cannot find module '@/presentation/components/Select' or its corresponding type declarations.
src/presentation/pages/News.tsx(7,33): error TS2307: Cannot find module '@/presentation/components/SkeletonLoader' or its corresponding type declarations.
src/presentation/pages/News.tsx(8,28): error TS2307: Cannot find module '@/presentation/components/EmptyState' or its corresponding type declarations.
src/presentation/pages/News.tsx(9,32): error TS2307: Cannot find module '@/presentation/components/LoadingSpinner' or its corresponding type declarations.
src/presentation/pages/News.tsx(10,30): error TS2307: Cannot find module '@/presentation/components/ErrorDisplay' or its corresponding type declarations.
src/presentation/pages/News.tsx(11,63): error TS2307: Cannot find module '@/shared/utils/errorHandler' or its corresponding type declarations.
src/presentation/pages/News.tsx(48,29): error TS7006: Parameter 'article' implicitly has an 'any' type.
src/presentation/pages/News.tsx(49,30): error TS7006: Parameter 'symbol' implicitly has an 'any' type.
src/presentation/pages/News.tsx(57,8): error TS7006: Parameter 'article' implicitly has an 'any' type.
src/presentation/pages/News.tsx(60,32): error TS7006: Parameter 'symbol' implicitly has an 'any' type.
src/presentation/pages/News.tsx(79,9): error TS6133: 'currentPageEnd' is declared but its value is never read.
src/presentation/pages/News.tsx(231,26): error TS7006: Parameter 'e' implicitly has an 'any' type.
src/presentation/pages/News.tsx(244,26): error TS7006: Parameter 'e' implicitly has an 'any' type.
src/presentation/pages/News.tsx(413,51): error TS7006: Parameter 'symbol' implicitly has an 'any' type.
src/presentation/pages/Options.tsx(2,22): error TS6133: 'TrendingDown' is declared but its value is never read.
src/presentation/pages/Options.tsx(3,97): error TS2307: Cannot find module '@/domain/types' or its corresponding type declarations.
src/presentation/pages/Options.tsx(4,30): error TS2307: Cannot find module '@/application/stores/auth.store' or its corresponding type declarations.
src/presentation/pages/Options.tsx(5,68): error TS2307: Cannot find module '@/application/hooks/usePositions' or its corresponding type declarations.
src/presentation/pages/Options.tsx(6,77): error TS2307: Cannot find module '@/application/hooks/useTransactions' or its corresponding type declarations.
src/presentation/pages/Options.tsx(7,33): error TS2307: Cannot find module '@/application/hooks/useOptionsChain' or its corresponding type declarations.
src/presentation/pages/Options.tsx(8,33): error TS2307: Cannot find module '@/application/hooks/useOptionQuotes' or its corresponding type declarations.
src/presentation/pages/Options.tsx(9,31): error TS2307: Cannot find module '@/application/hooks/useStrategies' or its corresponding type declarations.
src/presentation/pages/Options.tsx(10,81): error TS2307: Cannot find module '@/shared/utils/positionTransformers' or its corresponding type declarations.
src/presentation/pages/Options.tsx(11,33): error TS2307: Cannot find module '@/presentation/components/TransactionForm' or its corresponding type declarations.
src/presentation/pages/Options.tsx(12,34): error TS2307: Cannot find module '@/presentation/components/PositionEditForm' or its corresponding type declarations.
src/presentation/pages/Options.tsx(13,37): error TS2307: Cannot find module '@/presentation/components/OptionsMultiLegForm' or its corresponding type declarations.
src/presentation/pages/Options.tsx(14,30): error TS2307: Cannot find module '@/presentation/components/OptionsChain' or its corresponding type declarations.
src/presentation/pages/Options.tsx(15,39): error TS2307: Cannot find module '@/presentation/components/MarketStatusIndicator' or its corresponding type declarations.
src/presentation/pages/Options.tsx(16,38): error TS2307: Cannot find module '@/presentation/components/PositionDetailsModal' or its corresponding type declarations.
src/presentation/pages/Options.tsx(18,31): error TS2307: Cannot find module '@/presentation/components/SkeletonLoader' or its corresponding type declarations.
src/presentation/pages/Options.tsx(19,32): error TS2307: Cannot find module '@/presentation/components/EnhancedEmptyState' or its corresponding type declarations.
src/presentation/pages/Options.tsx(20,46): error TS2307: Cannot find module '@/shared/utils/dateUtils' or its corresponding type declarations.
src/presentation/pages/Options.tsx(21,26): error TS2307: Cannot find module '@/shared/hooks/useToast' or its corresponding type declarations.
src/presentation/pages/Options.tsx(22,33): error TS2307: Cannot find module '@/shared/hooks/useConfirmation' or its corresponding type declarations.
src/presentation/pages/Options.tsx(23,36): error TS2307: Cannot find module '@/presentation/components/ConfirmationDialog' or its corresponding type declarations.
src/presentation/pages/Options.tsx(24,37): error TS2307: Cannot find module '@/presentation/components/SortableTableHeader' or its corresponding type declarations.
src/presentation/pages/Options.tsx(25,43): error TS2307: Cannot find module '@/shared/utils/tableSorting' or its corresponding type declarations.
src/presentation/pages/Options.tsx(26,1): error TS6133: 'getUserFriendlyErrorMessage' is declared but its value is never read.
src/presentation/pages/Options.tsx(26,45): error TS2307: Cannot find module '@/shared/utils/errorHandler' or its corresponding type declarations.
src/presentation/pages/Options.tsx(27,24): error TS2307: Cannot find module '@/shared/utils/logger' or its corresponding type declarations.
src/presentation/pages/Options.tsx(28,76): error TS2307: Cannot find module '@/presentation/components/MobileTableCard' or its corresponding type declarations.
src/presentation/pages/Options.tsx(31,30): error TS7006: Parameter 'state' implicitly has an 'any' type.
src/presentation/pages/Options.tsx(43,10): error TS6133: 'editingTransaction' is declared but its value is never read.
src/presentation/pages/Options.tsx(52,9): error TS6133: 'toast' is declared but its value is never read.
src/presentation/pages/Options.tsx(54,9): error TS6133: 'updatePositionMutation' is declared but its value is never read.
src/presentation/pages/Options.tsx(56,9): error TS6133: 'updateTransactionMutation' is declared but its value is never read.
src/presentation/pages/Options.tsx(89,16): error TS7006: Parameter 'p' implicitly has an 'any' type.
src/presentation/pages/Options.tsx(90,17): error TS7006: Parameter 'p' implicitly has an 'any' type.
src/presentation/pages/Options.tsx(114,16): error TS7006: Parameter 'p' implicitly has an 'any' type.
src/presentation/pages/Options.tsx(115,17): error TS7006: Parameter 'p' implicitly has an 'any' type.
src/presentation/pages/Options.tsx(145,16): error TS7006: Parameter 'p' implicitly has an 'any' type.
src/presentation/pages/Options.tsx(146,13): error TS7006: Parameter 'p' implicitly has an 'any' type.
src/presentation/pages/Options.tsx(153,16): error TS7006: Parameter 'p' implicitly has an 'any' type.
src/presentation/pages/Options.tsx(156,31): error TS7006: Parameter 'position' implicitly has an 'any' type.
src/presentation/pages/Options.tsx(180,16): error TS7006: Parameter 'entry' implicitly has an 'any' type.
src/presentation/pages/Options.tsx(224,52): error TS7006: Parameter 'p' implicitly has an 'any' type.
src/presentation/pages/Options.tsx(254,50): error TS7006: Parameter 'p' implicitly has an 'any' type.
src/presentation/pages/Options.tsx(280,16): error TS7006: Parameter 't' implicitly has an 'any' type.
src/presentation/pages/Options.tsx(281,13): error TS7006: Parameter 't' implicitly has an 'any' type.
src/presentation/pages/Options.tsx(288,16): error TS7006: Parameter 't' implicitly has an 'any' type.
src/presentation/pages/Options.tsx(297,8): error TS7006: Parameter 's' implicitly has an 'any' type.
src/presentation/pages/Options.tsx(306,8): error TS7006: Parameter 'p' implicitly has an 'any' type.
src/presentation/pages/Options.tsx(316,45): error TS7006: Parameter 's' implicitly has an 'any' type.
src/presentation/pages/Options.tsx(326,65): error TS7006: Parameter 'sum' implicitly has an 'any' type.
src/presentation/pages/Options.tsx(326,70): error TS7006: Parameter 's' implicitly has an 'any' type.
src/presentation/pages/Options.tsx(329,76): error TS7006: Parameter 'sum' implicitly has an 'any' type.
src/presentation/pages/Options.tsx(329,81): error TS7006: Parameter 'p' implicitly has an 'any' type.
src/presentation/pages/Options.tsx(337,42): error TS7006: Parameter 'sum' implicitly has an 'any' type.
src/presentation/pages/Options.tsx(337,47): error TS7006: Parameter 'pos' implicitly has an 'any' type.
src/presentation/pages/Options.tsx(338,41): error TS7006: Parameter 'sum' implicitly has an 'any' type.
src/presentation/pages/Options.tsx(338,46): error TS7006: Parameter 'pos' implicitly has an 'any' type.
src/presentation/pages/Options.tsx(339,39): error TS7006: Parameter 'sum' implicitly has an 'any' type.
src/presentation/pages/Options.tsx(339,44): error TS7006: Parameter 'pos' implicitly has an 'any' type.
src/presentation/pages/Options.tsx(342,41): error TS7006: Parameter 'p' implicitly has an 'any' type.
src/presentation/pages/Options.tsx(343,40): error TS7006: Parameter 'p' implicitly has an 'any' type.
src/presentation/pages/Options.tsx(366,24): error TS7006: Parameter 'pos' implicitly has an 'any' type.
src/presentation/pages/Options.tsx(367,50): error TS7006: Parameter 'p' implicitly has an 'any' type.
src/presentation/pages/Options.tsx(431,34): error TS7006: Parameter 'tx' implicitly has an 'any' type.
src/presentation/pages/Options.tsx(462,49): error TS7006: Parameter 'p' implicitly has an 'any' type.
src/presentation/pages/Options.tsx(471,45): error TS7006: Parameter 'p' implicitly has an 'any' type.
src/presentation/pages/Options.tsx(480,54): error TS7006: Parameter 'p' implicitly has an 'any' type.
src/presentation/pages/Options.tsx(483,53): error TS7006: Parameter 'p' implicitly has an 'any' type.
src/presentation/pages/Options.tsx(510,55): error TS7006: Parameter 't' implicitly has an 'any' type.
src/presentation/pages/Options.tsx(519,55): error TS7006: Parameter 't' implicitly has an 'any' type.
src/presentation/pages/Options.tsx(795,62): error TS7006: Parameter 'p' implicitly has an 'any' type.
src/presentation/pages/Options.tsx(797,53): error TS7006: Parameter 's' implicitly has an 'any' type.
src/presentation/pages/Options.tsx(799,25): error TS6133: 'weightedAvgCurrentPrice' is declared but its value is never read.
src/presentation/pages/Options.tsx(871,41): error TS7006: Parameter 'transaction' implicitly has an 'any' type.
src/presentation/pages/Options.tsx(942,36): error TS6133: 'entry' is declared but its value is never read.
src/presentation/pages/Options.tsx(1157,68): error TS7006: Parameter 'p' implicitly has an 'any' type.
src/presentation/pages/Options.tsx(1159,59): error TS7006: Parameter 's' implicitly has an 'any' type.
src/presentation/pages/Options.tsx(1184,61): error TS7006: Parameter 'p' implicitly has an 'any' type.
src/presentation/pages/Options.tsx(1411,47): error TS7006: Parameter 'transaction' implicitly has an 'any' type.
src/presentation/pages/Options.tsx(1601,20): error TS7006: Parameter 's' implicitly has an 'any' type.
src/presentation/pages/Options.tsx(1602,41): error TS7006: Parameter 'p' implicitly has an 'any' type.
src/presentation/pages/Settings.tsx(1,8): error TS6133: 'React' is declared but its value is never read.
src/presentation/pages/Settings.tsx(3,30): error TS2307: Cannot find module '@/application/stores/auth.store' or its corresponding type declarations.
src/presentation/pages/Settings.tsx(4,62): error TS2307: Cannot find module '@/application/hooks/useUserPreferences' or its corresponding type declarations.
src/presentation/pages/Settings.tsx(7,26): error TS2307: Cannot find module '@/infrastructure/api/supabase' or its corresponding type declarations.
src/presentation/pages/Settings.tsx(8,26): error TS2307: Cannot find module '@/shared/hooks/useToast' or its corresponding type declarations.
src/presentation/pages/Settings.tsx(9,45): error TS2307: Cannot find module '@/infrastructure/repositories/portfolioSnapshot.repository' or its corresponding type declarations.
src/presentation/pages/Settings.tsx(10,37): error TS2307: Cannot find module '@/infrastructure/repositories/aiInsight.repository' or its corresponding type declarations.
src/presentation/pages/Settings.tsx(11,47): error TS2307: Cannot find module '@/infrastructure/repositories/futuresContractSpec.repository' or its corresponding type declarations.
src/presentation/pages/Settings.tsx(12,24): error TS2307: Cannot find module '@/shared/utils/logger' or its corresponding type declarations.
src/presentation/pages/Settings.tsx(13,37): error TS2307: Cannot find module '@/infrastructure/services/subscription.service' or its corresponding type declarations.
src/presentation/pages/Settings.tsx(14,10): error TS6133: 'getSubscriptionStatus' is declared but its value is never read.
src/presentation/pages/Settings.tsx(14,87): error TS2307: Cannot find module '@/infrastructure/services/stripe.service' or its corresponding type declarations.
src/presentation/pages/Settings.tsx(19,30): error TS7006: Parameter 'state' implicitly has an 'any' type.
src/presentation/pages/Signup.tsx(27,15): error TS2339: Property 'data' does not exist on type '{ user: User | null; } | null'.
src/presentation/pages/Stocks.tsx(3,77): error TS2307: Cannot find module '@/domain/types' or its corresponding type declarations.
src/presentation/pages/Stocks.tsx(4,30): error TS2307: Cannot find module '@/application/stores/auth.store' or its corresponding type declarations.
src/presentation/pages/Stocks.tsx(5,68): error TS2307: Cannot find module '@/application/hooks/usePositions' or its corresponding type declarations.
src/presentation/pages/Stocks.tsx(6,77): error TS2307: Cannot find module '@/application/hooks/useTransactions' or its corresponding type declarations.
src/presentation/pages/Stocks.tsx(7,32): error TS2307: Cannot find module '@/application/hooks/useStockQuotes' or its corresponding type declarations.
src/presentation/pages/Stocks.tsx(8,53): error TS2307: Cannot find module '@/shared/utils/positionTransformers' or its corresponding type declarations.
src/presentation/pages/Stocks.tsx(9,46): error TS2307: Cannot find module '@/shared/utils/dateUtils' or its corresponding type declarations.
src/presentation/pages/Stocks.tsx(10,33): error TS2307: Cannot find module '@/presentation/components/TransactionForm' or its corresponding type declarations.
src/presentation/pages/Stocks.tsx(11,34): error TS2307: Cannot find module '@/presentation/components/PositionEditForm' or its corresponding type declarations.
src/presentation/pages/Stocks.tsx(12,34): error TS2307: Cannot find module '@/presentation/components/SellPositionForm' or its corresponding type declarations.
src/presentation/pages/Stocks.tsx(13,39): error TS2307: Cannot find module '@/presentation/components/MarketStatusIndicator' or its corresponding type declarations.
src/presentation/pages/Stocks.tsx(15,31): error TS2307: Cannot find module '@/presentation/components/SkeletonLoader' or its corresponding type declarations.
src/presentation/pages/Stocks.tsx(16,26): error TS2307: Cannot find module '@/shared/hooks/useToast' or its corresponding type declarations.
src/presentation/pages/Stocks.tsx(17,33): error TS2307: Cannot find module '@/shared/hooks/useConfirmation' or its corresponding type declarations.
src/presentation/pages/Stocks.tsx(18,36): error TS2307: Cannot find module '@/presentation/components/ConfirmationDialog' or its corresponding type declarations.
src/presentation/pages/Stocks.tsx(19,37): error TS2307: Cannot find module '@/presentation/components/SortableTableHeader' or its corresponding type declarations.
src/presentation/pages/Stocks.tsx(20,43): error TS2307: Cannot find module '@/shared/utils/tableSorting' or its corresponding type declarations.
src/presentation/pages/Stocks.tsx(21,1): error TS6133: 'getUserFriendlyErrorMessage' is declared but its value is never read.
src/presentation/pages/Stocks.tsx(21,45): error TS2307: Cannot find module '@/shared/utils/errorHandler' or its corresponding type declarations.
src/presentation/pages/Stocks.tsx(22,1): error TS6133: 'StockPositionRow' is declared but its value is never read.
src/presentation/pages/Stocks.tsx(22,34): error TS2307: Cannot find module '@/presentation/components/tables/StockPositionRow' or its corresponding type declarations.
src/presentation/pages/Stocks.tsx(23,76): error TS2307: Cannot find module '@/presentation/components/MobileTableCard' or its corresponding type declarations.
src/presentation/pages/Stocks.tsx(26,30): error TS7006: Parameter 'state' implicitly has an 'any' type.
src/presentation/pages/Stocks.tsx(36,10): error TS6133: 'editingTransaction' is declared but its value is never read.
src/presentation/pages/Stocks.tsx(40,9): error TS6133: 'toast' is declared but its value is never read.
src/presentation/pages/Stocks.tsx(42,9): error TS6133: 'updatePositionMutation' is declared but its value is never read.
src/presentation/pages/Stocks.tsx(44,9): error TS6133: 'updateTransactionMutation' is declared but its value is never read.
src/presentation/pages/Stocks.tsx(69,20): error TS7006: Parameter 'p' implicitly has an 'any' type.
src/presentation/pages/Stocks.tsx(70,17): error TS7006: Parameter 'p' implicitly has an 'any' type.
src/presentation/pages/Stocks.tsx(82,16): error TS7006: Parameter 'p' implicitly has an 'any' type.
src/presentation/pages/Stocks.tsx(86,34): error TS7006: Parameter 'position' implicitly has an 'any' type.
src/presentation/pages/Stocks.tsx(118,16): error TS7006: Parameter 't' implicitly has an 'any' type.
src/presentation/pages/Stocks.tsx(125,38): error TS7006: Parameter 'sum' implicitly has an 'any' type.
src/presentation/pages/Stocks.tsx(125,43): error TS7006: Parameter 'pos' implicitly has an 'any' type.
src/presentation/pages/Stocks.tsx(130,42): error TS7006: Parameter 'sum' implicitly has an 'any' type.
src/presentation/pages/Stocks.tsx(130,47): error TS7006: Parameter 'pos' implicitly has an 'any' type.
src/presentation/pages/Stocks.tsx(131,41): error TS7006: Parameter 'sum' implicitly has an 'any' type.
src/presentation/pages/Stocks.tsx(131,46): error TS7006: Parameter 'pos' implicitly has an 'any' type.
src/presentation/pages/Stocks.tsx(132,39): error TS7006: Parameter 'sum' implicitly has an 'any' type.
src/presentation/pages/Stocks.tsx(132,44): error TS7006: Parameter 'pos' implicitly has an 'any' type.
src/presentation/pages/Stocks.tsx(149,34): error TS7006: Parameter 'pos' implicitly has an 'any' type.
src/presentation/pages/Stocks.tsx(160,34): error TS7006: Parameter 'tx' implicitly has an 'any' type.
src/presentation/pages/Stocks.tsx(188,49): error TS7006: Parameter 'p' implicitly has an 'any' type.
src/presentation/pages/Stocks.tsx(210,55): error TS7006: Parameter 't' implicitly has an 'any' type.
src/presentation/pages/Stocks.tsx(358,36): error TS7006: Parameter 'position' implicitly has an 'any' type.
src/presentation/pages/Stocks.tsx(493,42): error TS7006: Parameter 'position' implicitly has an 'any' type.
src/presentation/pages/Stocks.tsx(651,45): error TS7006: Parameter 'transaction' implicitly has an 'any' type.
src/shared/hooks/useGlobalSearch.ts(2,1): error TS6133: 'useQuery' is declared but its value is never read.
src/shared/hooks/useGlobalSearch.ts(3,30): error TS2307: Cannot find module '@/application/stores/auth.store' or its corresponding type declarations.
src/shared/hooks/useGlobalSearch.ts(4,33): error TS2307: Cannot find module '@/application/hooks/useTransactions' or its corresponding type declarations.
src/shared/hooks/useGlobalSearch.ts(5,35): error TS2307: Cannot find module '@/application/hooks/useJournal' or its corresponding type declarations.
src/shared/hooks/useGlobalSearch.ts(6,30): error TS2307: Cannot find module '@/application/hooks/usePositions' or its corresponding type declarations.
src/shared/hooks/useGlobalSearch.ts(7,42): error TS2307: Cannot find module '@/application/hooks/useStockSymbolSearch' or its corresponding type declarations.
src/shared/hooks/useGlobalSearch.ts(8,48): error TS2307: Cannot find module '@/application/hooks/useCryptoSymbolSearch' or its corresponding type declarations.
src/shared/hooks/useGlobalSearch.ts(9,34): error TS2307: Cannot find module '@/domain/types' or its corresponding type declarations.
src/shared/hooks/useGlobalSearch.ts(10,35): error TS2307: Cannot find module '@/domain/types' or its corresponding type declarations.
src/shared/hooks/useGlobalSearch.ts(11,31): error TS2307: Cannot find module '@/domain/types' or its corresponding type declarations.
src/shared/hooks/useGlobalSearch.ts(69,30): error TS7006: Parameter 'state' implicitly has an 'any' type.
src/shared/hooks/useGlobalSearch.ts(113,39): error TS7006: Parameter 'symbol' implicitly has an 'any' type.
src/shared/hooks/useGlobalSearch.ts(128,40): error TS7006: Parameter 'crypto' implicitly has an 'any' type.
src/shared/hooks/useGlobalSearch.ts(168,38): error TS7006: Parameter 's' implicitly has an 'any' type.
src/shared/hooks/useGlobalSearch.ts(169,29): error TS7006: Parameter 't' implicitly has an 'any' type.
src/shared/hooks/useGlobalSearch.ts(177,73): error TS7006: Parameter 'l' implicitly has an 'any' type.
src/shared/hooks/useQueryError.ts(1,10): error TS6133: 'useQuery' is declared but its value is never read.
src/shared/hooks/useQueryError.ts(1,20): error TS6133: 'useMutation' is declared but its value is never read.
src/shared/hooks/useQueryError.ts(2,57): error TS6133: 'parseError' is declared but its value is never read.
src/shared/hooks/useQueryError.ts(2,75): error TS2307: Cannot find module '@/shared/utils/errorHandler' or its corresponding type declarations.
src/shared/utils/positionTransformers.ts(1,61): error TS2307: Cannot find module '@/domain/types' or its corresponding type declarations.
src/shared/utils/positionTransformers.ts(11,8): error TS2307: Cannot find module '@/domain/types' or its corresponding type declarations.
src/shared/utils/positionTransformers.ts(12,83): error TS2307: Cannot find module '@/domain/types/futures.types' or its corresponding type declarations.
